[rospy.client][INFO] 2018-10-14 07:43:04,660: init_node, name[/knightcar/lane_controller_node], pid[2535]
[xmlrpc][INFO] 2018-10-14 07:43:04,663: XML-RPC server binding to 0.0.0.0:0
[xmlrpc][INFO] 2018-10-14 07:43:04,665: Started XML-RPC server [http://knightcar.local:43192/]
[rospy.impl.masterslave][INFO] 2018-10-14 07:43:04,666: _ready: http://knightcar.local:43192/
[rospy.registration][INFO] 2018-10-14 07:43:04,685: Registering with master node http://knightcar.local:11311/
[rospy.init][INFO] 2018-10-14 07:43:04,686: ROS Slave URI: [http://knightcar.local:43192/]
[xmlrpc][INFO] 2018-10-14 07:43:04,687: xml rpc node: starting XML-RPC server
[rospy.init][INFO] 2018-10-14 07:43:04,787: registered with master
[rospy.rosout][INFO] 2018-10-14 07:43:04,788: initializing /rosout core topic
[rospy.rosout][INFO] 2018-10-14 07:43:04,851: connected to core topic /rosout
[rospy.simtime][INFO] 2018-10-14 07:43:04,891: /use_sim_time is not set, will not subscribe to simulated time [/clock] topic
[rosout][INFO] 2018-10-14 07:43:05,030: [/knightcar/lane_controller_node] ~v_bar = 0.3864 
[rosout][INFO] 2018-10-14 07:43:05,085: [/knightcar/lane_controller_node] ~k_d = -10.3 
[rospy.internal][INFO] 2018-10-14 07:43:05,113: topic[/rosout] adding connection to [/rosout], count 0
[rosout][INFO] 2018-10-14 07:43:05,170: [/knightcar/lane_controller_node] ~k_theta = -5.15 
[rosout][INFO] 2018-10-14 07:43:05,199: [/knightcar/lane_controller_node] ~d_thres = 0.2615 
[rosout][INFO] 2018-10-14 07:43:05,249: [/knightcar/lane_controller_node] ~theta_thres = 0.523 
[rosout][INFO] 2018-10-14 07:43:05,281: [/knightcar/lane_controller_node] ~d_offset = 0.0 
[rosout][INFO] 2018-10-14 07:43:05,370: [/knightcar/lane_controller_node] Initialized 
[rospy.internal][INFO] 2018-10-14 07:43:05,389: topic[/knightcar/lane_controller_node/car_cmd] adding connection to [/knightcar/car_cmd_switch_node], count 0
[rospy.internal][INFO] 2018-10-14 07:43:07,245: topic[/knightcar/lane_filter_node/lane_pose] adding connection to [http://knightcar.local:44191/], count 0
[rospy.internal][INFO] 2018-10-14 07:52:37,206: topic[/rosout] adding connection to [/rostopic_6366_1539474756708], count 1
[rosout][WARNING] 2018-10-14 07:52:37,493: Inbound TCP/IP connection failed: connection from sender terminated before handshake header received. 0 bytes were received. Please check sender for additional details.
[rospy.internal][ERROR] 2018-10-14 07:52:37,498: Inbound TCP/IP connection failed:
Traceback (most recent call last):
  File "/opt/ros/kinetic/lib/python2.7/dist-packages/rospy/impl/tcpros_base.py", line 321, in _tcp_server_callback
    header = read_ros_handshake_header(sock, StringIO(), buff_size)
  File "/opt/ros/kinetic/lib/python2.7/dist-packages/rosgraph/network.py", line 364, in read_ros_handshake_header
    raise ROSHandshakeException("connection from sender terminated before handshake header received. %s bytes were received. Please check sender for additional details."%b.tell())
ROSHandshakeException: connection from sender terminated before handshake header received. 0 bytes were received. Please check sender for additional details.

[rospy.internal][INFO] 2018-10-14 07:52:37,753: topic[/rosout] removing connection to /rostopic_6366_1539474756708
[rospy.internal][INFO] 2018-10-14 07:52:42,979: topic[/knightcar/lane_controller_node/car_cmd] adding connection to [/record_1539474762243845096], count 1
[rospy.internal][INFO] 2018-10-14 07:52:47,623: topic[/rosout] adding connection to [/record_1539474762243845096], count 1
[rospy.internal][INFO] 2018-10-14 07:52:52,766: topic[/knightcar/lane_controller_node/car_cmd] removing connection to /record_1539474762243845096
[rospy.internal][INFO] 2018-10-14 07:52:53,769: topic[/rosout] removing connection to /record_1539474762243845096
