[rospy.client][INFO] 2018-10-14 07:43:04,159: init_node, name[/knightcar/joy_mapper_node], pid[2506]
[xmlrpc][INFO] 2018-10-14 07:43:04,162: XML-RPC server binding to 0.0.0.0:0
[rospy.init][INFO] 2018-10-14 07:43:04,169: ROS Slave URI: [http://knightcar.local:34891/]
[xmlrpc][INFO] 2018-10-14 07:43:04,173: Started XML-RPC server [http://knightcar.local:34891/]
[rospy.impl.masterslave][INFO] 2018-10-14 07:43:04,175: _ready: http://knightcar.local:34891/
[xmlrpc][INFO] 2018-10-14 07:43:04,179: xml rpc node: starting XML-RPC server
[rospy.registration][INFO] 2018-10-14 07:43:04,188: Registering with master node http://knightcar.local:11311/
[rospy.init][INFO] 2018-10-14 07:43:04,273: registered with master
[rospy.rosout][INFO] 2018-10-14 07:43:04,274: initializing /rosout core topic
[rospy.rosout][INFO] 2018-10-14 07:43:04,300: connected to core topic /rosout
[rospy.simtime][INFO] 2018-10-14 07:43:04,313: /use_sim_time is not set, will not subscribe to simulated time [/clock] topic
[rosout][INFO] 2018-10-14 07:43:04,395: [/knightcar/joy_mapper_node] Initializing 
[rosout][INFO] 2018-10-14 07:43:04,467: [/knightcar/joy_mapper_node] ~speed_gain = 0.41 
[rosout][INFO] 2018-10-14 07:43:04,535: [/knightcar/joy_mapper_node] ~steer_gain = 8.3 
[rospy.internal][INFO] 2018-10-14 07:43:04,570: topic[/rosout] adding connection to [/rosout], count 0
[rosout][INFO] 2018-10-14 07:43:04,622: [/knightcar/joy_mapper_node] ~bicycle_kinematics = 0.0 
[rosout][INFO] 2018-10-14 07:43:04,686: [/knightcar/joy_mapper_node] ~steer_angle_gain = 1.04 
[rosout][INFO] 2018-10-14 07:43:04,723: [/knightcar/joy_mapper_node] ~simulated_vehicle_length = 0.18 
[rospy.internal][INFO] 2018-10-14 07:43:04,856: topic[/knightcar/joy_mapper_node/car_cmd] adding connection to [/knightcar/car_cmd_switch_node], count 0
[rospy.internal][INFO] 2018-10-14 07:43:05,114: topic[/knightcar/joy] adding connection to [http://knightcar.local:40269/], count 0
[rospy.internal][INFO] 2018-10-14 07:43:05,122: topic[/knightcar/wheels_driver_node/emergency_stop] adding connection to [/knightcar/wheels_driver_node], count 0
[rospy.internal][INFO] 2018-10-14 07:43:05,164: topic[/knightcar/joy_mapper_node/parallel_autonomy] adding connection to [/knightcar/logic_gate_node], count 0
[rospy.internal][INFO] 2018-10-14 07:43:05,264: topic[/knightcar/joy_mapper_node/start_avoidance] adding connection to [/knightcar/fsm_node], count 0
[rospy.internal][INFO] 2018-10-14 07:43:05,417: topic[/knightcar/joy_mapper_node/joystick_override] adding connection to [/knightcar/fsm_node], count 0
[rospy.internal][INFO] 2018-10-14 07:43:05,466: topic[/knightcar/joy_mapper_node/parallel_autonomy] adding connection to [/knightcar/fsm_node], count 1
[rospy.internal][INFO] 2018-10-14 07:52:37,204: topic[/rosout] adding connection to [/rostopic_6366_1539474756708], count 1
[rosout][WARNING] 2018-10-14 07:52:37,472: Inbound TCP/IP connection failed: connection from sender terminated before handshake header received. 0 bytes were received. Please check sender for additional details.
[rospy.internal][ERROR] 2018-10-14 07:52:37,478: Inbound TCP/IP connection failed:
Traceback (most recent call last):
  File "/opt/ros/kinetic/lib/python2.7/dist-packages/rospy/impl/tcpros_base.py", line 321, in _tcp_server_callback
    header = read_ros_handshake_header(sock, StringIO(), buff_size)
  File "/opt/ros/kinetic/lib/python2.7/dist-packages/rosgraph/network.py", line 364, in read_ros_handshake_header
    raise ROSHandshakeException("connection from sender terminated before handshake header received. %s bytes were received. Please check sender for additional details."%b.tell())
ROSHandshakeException: connection from sender terminated before handshake header received. 0 bytes were received. Please check sender for additional details.

[rospy.internal][INFO] 2018-10-14 07:52:37,691: topic[/rosout] removing connection to /rostopic_6366_1539474756708
[rospy.internal][INFO] 2018-10-14 07:52:43,197: topic[/knightcar/joy_mapper_node/joystick_override] adding connection to [/record_1539474762243845096], count 1
[rospy.internal][INFO] 2018-10-14 07:52:44,255: topic[/knightcar/joy_mapper_node/start_avoidance] adding connection to [/record_1539474762243845096], count 1
[rospy.internal][INFO] 2018-10-14 07:52:45,489: topic[/knightcar/wheels_driver_node/emergency_stop] adding connection to [/record_1539474762243845096], count 1
[rospy.internal][INFO] 2018-10-14 07:52:45,821: topic[/knightcar/joy_mapper_node/car_cmd] adding connection to [/record_1539474762243845096], count 1
[rospy.internal][INFO] 2018-10-14 07:52:47,624: topic[/rosout] adding connection to [/record_1539474762243845096], count 1
[rospy.internal][INFO] 2018-10-14 07:52:49,883: topic[/knightcar/anti_instagram_node/click] adding connection to [/record_1539474762243845096], count 0
[rospy.internal][INFO] 2018-10-14 07:52:50,477: topic[/knightcar/joy_mapper_node/parallel_autonomy] adding connection to [/record_1539474762243845096], count 2
[rospy.internal][INFO] 2018-10-14 07:52:52,713: topic[/knightcar/joy_mapper_node/joystick_override] removing connection to /record_1539474762243845096
[rospy.internal][INFO] 2018-10-14 07:52:53,216: topic[/knightcar/joy_mapper_node/start_avoidance] removing connection to /record_1539474762243845096
[rospy.internal][INFO] 2018-10-14 07:52:53,217: topic[/knightcar/wheels_driver_node/emergency_stop] removing connection to /record_1539474762243845096
[rospy.internal][INFO] 2018-10-14 07:52:53,218: topic[/knightcar/joy_mapper_node/car_cmd] removing connection to /record_1539474762243845096
[rospy.internal][INFO] 2018-10-14 07:52:53,720: topic[/rosout] removing connection to /record_1539474762243845096
[rospy.internal][INFO] 2018-10-14 07:52:53,721: topic[/knightcar/joy_mapper_node/parallel_autonomy] removing connection to /record_1539474762243845096
[rospy.internal][INFO] 2018-10-14 07:52:53,723: topic[/knightcar/anti_instagram_node/click] removing connection to /record_1539474762243845096
