[rospy.client][INFO] 2018-10-14 07:39:20,246: init_node, name[/knightcar/forward_kinematics_node], pid[1972]
[xmlrpc][INFO] 2018-10-14 07:39:20,247: XML-RPC server binding to 0.0.0.0:0
[xmlrpc][INFO] 2018-10-14 07:39:20,249: Started XML-RPC server [http://knightcar.local:37705/]
[rospy.init][INFO] 2018-10-14 07:39:20,249: ROS Slave URI: [http://knightcar.local:37705/]
[rospy.impl.masterslave][INFO] 2018-10-14 07:39:20,250: _ready: http://knightcar.local:37705/
[rospy.registration][INFO] 2018-10-14 07:39:20,253: Registering with master node http://knightcar.local:11311/
[xmlrpc][INFO] 2018-10-14 07:39:20,254: xml rpc node: starting XML-RPC server
[rospy.init][INFO] 2018-10-14 07:39:20,351: registered with master
[rospy.rosout][INFO] 2018-10-14 07:39:20,351: initializing /rosout core topic
[rospy.rosout][INFO] 2018-10-14 07:39:20,371: connected to core topic /rosout
[rospy.simtime][INFO] 2018-10-14 07:39:20,383: /use_sim_time is not set, will not subscribe to simulated time [/clock] topic
[rospy.internal][INFO] 2018-10-14 07:39:20,575: topic[/rosout] adding connection to [/rosout], count 0
[rosout][INFO] 2018-10-14 07:39:20,680: [/knightcar/forward_kinematics_node] ~gain = 2.0 
[rosout][INFO] 2018-10-14 07:39:20,696: [/knightcar/forward_kinematics_node] ~trim = -0.0799999982119 
[rosout][INFO] 2018-10-14 07:39:20,711: [/knightcar/forward_kinematics_node] ~baseline = 0.1 
[rosout][INFO] 2018-10-14 07:39:20,726: [/knightcar/forward_kinematics_node] ~radius = 0.0318 
[rosout][INFO] 2018-10-14 07:39:20,740: [/knightcar/forward_kinematics_node] ~k = 27.0 
[rosout][INFO] 2018-10-14 07:39:20,767: [/knightcar/forward_kinematics_node] Initialized.
[rosout][INFO] 2018-10-14 07:39:20,771: [/knightcar/forward_kinematics_node] gain: 2.0 trim: -0.0799999982119 baseline: 0.1 radius: 0.0318 k: 27.0
[rospy.internal][INFO] 2018-10-14 07:39:20,777: topic[/knightcar/wheels_driver_node/wheels_cmd_executed] adding connection to [http://knightcar.local:43921/], count 0
[rospy.internal][INFO] 2018-10-14 07:39:20,827: topic[/knightcar/forward_kinematics_node/velocity] adding connection to [/knightcar/velocity_to_pose_node], count 0
[rospy.impl.masterslave][INFO] 2018-10-14 07:41:34,803: external shutdown request from [/rosnode]: user request
[rospy.core][INFO] 2018-10-14 07:41:34,804: signal_shutdown [external shutdown request from [/rosnode]: [user request]]
[rospy.internal][INFO] 2018-10-14 07:41:34,831: topic[/rosout] removing connection to /rosout
[rospy.internal][INFO] 2018-10-14 07:41:34,834: topic[/knightcar/forward_kinematics_node/velocity] removing connection to /knightcar/velocity_to_pose_node
[rospy.internal][INFO] 2018-10-14 07:41:34,836: topic[/knightcar/wheels_driver_node/wheels_cmd_executed] removing connection to http://knightcar.local:43921/
[rospy.core][INFO] 2018-10-14 07:41:34,956: signal_shutdown [atexit]
