[rospy.client][INFO] 2018-10-14 07:43:04,164: init_node, name[/knightcar/duckiebot_visualizer], pid[2533]
[xmlrpc][INFO] 2018-10-14 07:43:04,172: XML-RPC server binding to 0.0.0.0:0
[rospy.init][INFO] 2018-10-14 07:43:04,178: ROS Slave URI: [http://knightcar.local:43709/]
[xmlrpc][INFO] 2018-10-14 07:43:04,182: Started XML-RPC server [http://knightcar.local:43709/]
[rospy.impl.masterslave][INFO] 2018-10-14 07:43:04,184: _ready: http://knightcar.local:43709/
[rospy.registration][INFO] 2018-10-14 07:43:04,188: Registering with master node http://knightcar.local:11311/
[xmlrpc][INFO] 2018-10-14 07:43:04,189: xml rpc node: starting XML-RPC server
[rospy.init][INFO] 2018-10-14 07:43:04,283: registered with master
[rospy.rosout][INFO] 2018-10-14 07:43:04,284: initializing /rosout core topic
[rospy.rosout][INFO] 2018-10-14 07:43:04,333: connected to core topic /rosout
[rospy.simtime][INFO] 2018-10-14 07:43:04,400: /use_sim_time is not set, will not subscribe to simulated time [/clock] topic
[rosout][INFO] 2018-10-14 07:43:04,478: [/knightcar/duckiebot_visualizer] Initialzing.
[rosout][INFO] 2018-10-14 07:43:04,519: [/knightcar/duckiebot_visualizer] ~veh_name = knightcar 
[rospy.internal][INFO] 2018-10-14 07:43:04,570: topic[/rosout] adding connection to [/rosout], count 0
[rosout][INFO] 2018-10-14 07:43:04,650: [/knightcar/duckiebot_visualizer] Initialzed.
[rospy.internal][INFO] 2018-10-14 07:43:07,188: topic[/knightcar/ground_projection/lineseglist_out] adding connection to [http://knightcar.local:36188/], count 0
[rospy.internal][INFO] 2018-10-14 07:51:10,681: topic[/knightcar/duckiebot_visualizer/segment_list_markers] adding connection to [/rostopic_5701_1539474670192], count 0
[rospy.internal][INFO] 2018-10-14 07:51:11,102: topic[/knightcar/duckiebot_visualizer/segment_list_markers] removing connection to /rostopic_5701_1539474670192
[rospy.internal][INFO] 2018-10-14 07:52:37,209: topic[/rosout] adding connection to [/rostopic_6366_1539474756708], count 1
[rosout][WARNING] 2018-10-14 07:52:37,496: Inbound TCP/IP connection failed: connection from sender terminated before handshake header received. 0 bytes were received. Please check sender for additional details.
[rospy.internal][ERROR] 2018-10-14 07:52:37,503: Inbound TCP/IP connection failed:
Traceback (most recent call last):
  File "/opt/ros/kinetic/lib/python2.7/dist-packages/rospy/impl/tcpros_base.py", line 321, in _tcp_server_callback
    header = read_ros_handshake_header(sock, StringIO(), buff_size)
  File "/opt/ros/kinetic/lib/python2.7/dist-packages/rosgraph/network.py", line 364, in read_ros_handshake_header
    raise ROSHandshakeException("connection from sender terminated before handshake header received. %s bytes were received. Please check sender for additional details."%b.tell())
ROSHandshakeException: connection from sender terminated before handshake header received. 0 bytes were received. Please check sender for additional details.

[rospy.internal][INFO] 2018-10-14 07:52:37,681: topic[/rosout] removing connection to /rostopic_6366_1539474756708
[rospy.internal][INFO] 2018-10-14 07:52:47,615: topic[/rosout] adding connection to [/record_1539474762243845096], count 1
[rospy.internal][INFO] 2018-10-14 07:52:48,079: topic[/knightcar/duckiebot_visualizer/segment_list_markers] adding connection to [/record_1539474762243845096], count 0
[rospy.internal][INFO] 2018-10-14 07:52:53,401: topic[/knightcar/duckiebot_visualizer/segment_list_markers] removing connection to /record_1539474762243845096
[rospy.internal][INFO] 2018-10-14 07:52:53,697: topic[/rosout] removing connection to /record_1539474762243845096
