[rospy.client][INFO] 2018-10-17 11:07:54,189: init_node, name[/knightcar/wheels_driver_node], pid[3808]
[xmlrpc][INFO] 2018-10-17 11:07:54,191: XML-RPC server binding to 0.0.0.0:0
[xmlrpc][INFO] 2018-10-17 11:07:54,193: Started XML-RPC server [http://knightcar.local:38842/]
[rospy.init][INFO] 2018-10-17 11:07:54,193: ROS Slave URI: [http://knightcar.local:38842/]
[rospy.impl.masterslave][INFO] 2018-10-17 11:07:54,194: _ready: http://knightcar.local:38842/
[rospy.registration][INFO] 2018-10-17 11:07:54,197: Registering with master node http://knightcar.local:11311/
[xmlrpc][INFO] 2018-10-17 11:07:54,198: xml rpc node: starting XML-RPC server
[rospy.init][INFO] 2018-10-17 11:07:54,295: registered with master
[rospy.rosout][INFO] 2018-10-17 11:07:54,296: initializing /rosout core topic
[rospy.rosout][INFO] 2018-10-17 11:07:54,309: connected to core topic /rosout
[rospy.simtime][INFO] 2018-10-17 11:07:54,320: /use_sim_time is not set, will not subscribe to simulated time [/clock] topic
[rosout][INFO] 2018-10-17 11:07:54,339: [/knightcar/wheels_driver_node] Initializing 
[rospy.internal][INFO] 2018-10-17 11:07:54,614: topic[/rosout] adding connection to [/rosout], count 0
[rospy.internal][INFO] 2018-10-17 11:07:55,245: topic[/knightcar/wheels_driver_node/wheels_cmd_executed] adding connection to [/knightcar/forward_kinematics_node], count 0
[rospy.internal][INFO] 2018-10-17 11:07:55,338: topic[/knightcar/wheels_driver_node/wheels_cmd] adding connection to [http://knightcar.local:46318/], count 0
[rospy.internal][INFO] 2018-10-17 11:09:03,003: topic[/rosout] adding connection to [/rostopic_7316_1539745742584], count 1
[rosout][WARNING] 2018-10-17 11:09:03,457: Inbound TCP/IP connection failed: connection from sender terminated before handshake header received. 0 bytes were received. Please check sender for additional details.
[rospy.internal][ERROR] 2018-10-17 11:09:03,467: Inbound TCP/IP connection failed:
Traceback (most recent call last):
  File "/opt/ros/kinetic/lib/python2.7/dist-packages/rospy/impl/tcpros_base.py", line 321, in _tcp_server_callback
    header = read_ros_handshake_header(sock, StringIO(), buff_size)
  File "/opt/ros/kinetic/lib/python2.7/dist-packages/rosgraph/network.py", line 364, in read_ros_handshake_header
    raise ROSHandshakeException("connection from sender terminated before handshake header received. %s bytes were received. Please check sender for additional details."%b.tell())
ROSHandshakeException: connection from sender terminated before handshake header received. 0 bytes were received. Please check sender for additional details.

[rospy.internal][INFO] 2018-10-17 11:09:03,889: topic[/rosout] removing connection to /rostopic_7316_1539745742584
[rospy.internal][INFO] 2018-10-17 11:09:08,059: topic[/rosout] adding connection to [/record_1539745747515425159], count 1
[rospy.internal][INFO] 2018-10-17 11:09:08,307: topic[/knightcar/wheels_driver_node/wheels_cmd_executed] adding connection to [/record_1539745747515425159], count 1
[rospy.internal][INFO] 2018-10-17 11:09:17,899: topic[/rosout] removing connection to /record_1539745747515425159
[rospy.internal][INFO] 2018-10-17 11:09:17,900: topic[/knightcar/wheels_driver_node/wheels_cmd_executed] removing connection to /record_1539745747515425159
