[rospy.client][INFO] 2018-10-17 11:07:54,659: init_node, name[/knightcar/inverse_kinematics_node], pid[3805]
[xmlrpc][INFO] 2018-10-17 11:07:54,661: XML-RPC server binding to 0.0.0.0:0
[rospy.init][INFO] 2018-10-17 11:07:54,663: ROS Slave URI: [http://knightcar.local:46318/]
[xmlrpc][INFO] 2018-10-17 11:07:54,664: Started XML-RPC server [http://knightcar.local:46318/]
[rospy.impl.masterslave][INFO] 2018-10-17 11:07:54,665: _ready: http://knightcar.local:46318/
[xmlrpc][INFO] 2018-10-17 11:07:54,668: xml rpc node: starting XML-RPC server
[rospy.registration][INFO] 2018-10-17 11:07:54,669: Registering with master node http://knightcar.local:11311/
[rospy.init][INFO] 2018-10-17 11:07:54,764: registered with master
[rospy.rosout][INFO] 2018-10-17 11:07:54,765: initializing /rosout core topic
[rospy.rosout][INFO] 2018-10-17 11:07:54,778: connected to core topic /rosout
[rospy.simtime][INFO] 2018-10-17 11:07:54,786: /use_sim_time is not set, will not subscribe to simulated time [/clock] topic
[rospy.internal][INFO] 2018-10-17 11:07:55,048: topic[/rosout] adding connection to [/rosout], count 0
[rosout][INFO] 2018-10-17 11:07:55,162: [/knightcar/inverse_kinematics_node] ~gain = 2.0 
[rosout][INFO] 2018-10-17 11:07:55,176: [/knightcar/inverse_kinematics_node] ~trim = -0.0799999982119 
[rosout][INFO] 2018-10-17 11:07:55,194: [/knightcar/inverse_kinematics_node] ~baseline = 0.1 
[rosout][INFO] 2018-10-17 11:07:55,208: [/knightcar/inverse_kinematics_node] ~radius = 0.0318 
[rosout][INFO] 2018-10-17 11:07:55,228: [/knightcar/inverse_kinematics_node] ~k = 27.0 
[rosout][INFO] 2018-10-17 11:07:55,251: [/knightcar/inverse_kinematics_node] ~limit = 1.0 
[rosout][INFO] 2018-10-17 11:07:55,314: [/knightcar/inverse_kinematics_node] Initialized.
[rosout][INFO] 2018-10-17 11:07:55,316: [/knightcar/inverse_kinematics_node] gain: 2.0 trim: -0.0799999982119 baseline: 0.1 radius: 0.0318 k: 27.0 limit: 1.0
[rospy.internal][INFO] 2018-10-17 11:07:55,346: topic[/knightcar/joy_mapper_node/car_cmd] adding connection to [http://knightcar.local:42884/], count 0
[rospy.internal][INFO] 2018-10-17 11:07:55,350: topic[/knightcar/wheels_driver_node/wheels_cmd] adding connection to [/knightcar/wheels_driver_node], count 0
[rospy.internal][INFO] 2018-10-17 11:09:03,006: topic[/rosout] adding connection to [/rostopic_7316_1539745742584], count 1
[rospy.internal][INFO] 2018-10-17 11:09:03,885: topic[/rosout] removing connection to /rostopic_7316_1539745742584
[rospy.internal][INFO] 2018-10-17 11:09:07,947: topic[/knightcar/wheels_driver_node/wheels_cmd] adding connection to [/record_1539745747515425159], count 1
[rospy.internal][INFO] 2018-10-17 11:09:08,069: topic[/rosout] adding connection to [/record_1539745747515425159], count 1
[rospy.internal][INFO] 2018-10-17 11:09:17,897: topic[/knightcar/wheels_driver_node/wheels_cmd] removing connection to /record_1539745747515425159
[rospy.internal][INFO] 2018-10-17 11:09:17,898: topic[/rosout] removing connection to /record_1539745747515425159
