[rospy.client][INFO] 2018-11-05 20:27:27,557: init_node, name[/fhb_vision], pid[26565]
[xmlrpc][INFO] 2018-11-05 20:27:27,566: XML-RPC server binding to 0.0.0.0:0
[xmlrpc][INFO] 2018-11-05 20:27:27,567: Started XML-RPC server [http://osboxes:38759/]
[rospy.init][INFO] 2018-11-05 20:27:27,574: ROS Slave URI: [http://osboxes:38759/]
[rospy.impl.masterslave][INFO] 2018-11-05 20:27:27,575: _ready: http://osboxes:38759/
[rospy.registration][INFO] 2018-11-05 20:27:27,585: Registering with master node http://osboxes.local:11311
[xmlrpc][INFO] 2018-11-05 20:27:27,586: xml rpc node: starting XML-RPC server
[rospy.init][INFO] 2018-11-05 20:27:27,675: registered with master
[rospy.rosout][INFO] 2018-11-05 20:27:27,675: initializing /rosout core topic
[rospy.rosout][INFO] 2018-11-05 20:27:27,682: connected to core topic /rosout
[rospy.simtime][INFO] 2018-11-05 20:27:27,713: /use_sim_time is not set, will not subscribe to simulated time [/clock] topic
[rosout][INFO] 2018-11-05 20:27:27,793: vision_node started
[rospy.internal][INFO] 2018-11-05 20:27:28,043: topic[/rosout] adding connection to [/rosout], count 0
[rospy.internal][INFO] 2018-11-05 20:27:39,049: topic[/diagnostics] adding connection to [/rqt_gui_py_node_26793], count 0
[rosout][WARNING] 2018-11-05 20:30:25,998: Inbound TCP/IP connection failed: connection from sender terminated before handshake header received. 0 bytes were received. Please check sender for additional details.
[rospy.internal][ERROR] 2018-11-05 20:30:26,006: Inbound TCP/IP connection failed:
Traceback (most recent call last):
  File "/opt/ros/kinetic/lib/python2.7/dist-packages/rospy/impl/tcpros_base.py", line 321, in _tcp_server_callback
    header = read_ros_handshake_header(sock, StringIO(), buff_size)
  File "/opt/ros/kinetic/lib/python2.7/dist-packages/rosgraph/network.py", line 364, in read_ros_handshake_header
    raise ROSHandshakeException("connection from sender terminated before handshake header received. %s bytes were received. Please check sender for additional details."%b.tell())
ROSHandshakeException: connection from sender terminated before handshake header received. 0 bytes were received. Please check sender for additional details.

[rospy.internal][INFO] 2018-11-05 20:30:45,229: topic[/rosout] adding connection to [/rostopic_29772_1541467844860], count 1
[rosout][WARNING] 2018-11-05 20:30:45,480: Inbound TCP/IP connection failed: connection from sender terminated before handshake header received. 0 bytes were received. Please check sender for additional details.
[rospy.internal][ERROR] 2018-11-05 20:30:45,481: Inbound TCP/IP connection failed:
Traceback (most recent call last):
  File "/opt/ros/kinetic/lib/python2.7/dist-packages/rospy/impl/tcpros_base.py", line 321, in _tcp_server_callback
    header = read_ros_handshake_header(sock, StringIO(), buff_size)
  File "/opt/ros/kinetic/lib/python2.7/dist-packages/rosgraph/network.py", line 364, in read_ros_handshake_header
    raise ROSHandshakeException("connection from sender terminated before handshake header received. %s bytes were received. Please check sender for additional details."%b.tell())
ROSHandshakeException: connection from sender terminated before handshake header received. 0 bytes were received. Please check sender for additional details.

[rospy.internal][INFO] 2018-11-05 20:30:45,781: topic[/rosout] removing connection to /rostopic_29772_1541467844860
[rospy.internal][INFO] 2018-11-05 20:31:00,316: topic[/vision_act/feedback] adding connection to [/rostopic_30135_1541467859960], count 0
[rospy.internal][INFO] 2018-11-05 20:31:00,823: topic[/vision_act/feedback] removing connection to /rostopic_30135_1541467859960
[rospy.internal][INFO] 2018-11-05 20:31:06,902: topic[/vision_act/result] adding connection to [/rostopic_30275_1541467866549], count 0
[rospy.internal][INFO] 2018-11-05 20:31:07,333: topic[/vision_act/result] removing connection to /rostopic_30275_1541467866549
[rospy.internal][INFO] 2018-11-05 20:31:09,757: topic[/vision_act/status] adding connection to [/rostopic_30345_1541467869436], count 0
[rosout][WARNING] 2018-11-05 20:31:10,257: Inbound TCP/IP connection failed: connection from sender terminated before handshake header received. 0 bytes were received. Please check sender for additional details.
[rospy.internal][ERROR] 2018-11-05 20:31:10,258: Inbound TCP/IP connection failed:
Traceback (most recent call last):
  File "/opt/ros/kinetic/lib/python2.7/dist-packages/rospy/impl/tcpros_base.py", line 321, in _tcp_server_callback
    header = read_ros_handshake_header(sock, StringIO(), buff_size)
  File "/opt/ros/kinetic/lib/python2.7/dist-packages/rosgraph/network.py", line 364, in read_ros_handshake_header
    raise ROSHandshakeException("connection from sender terminated before handshake header received. %s bytes were received. Please check sender for additional details."%b.tell())
ROSHandshakeException: connection from sender terminated before handshake header received. 0 bytes were received. Please check sender for additional details.

[rospy.internal][INFO] 2018-11-05 20:31:10,336: topic[/vision_act/status] removing connection to /rostopic_30345_1541467869436
[rospy.internal][INFO] 2018-11-05 20:31:12,520: topic[/vision_act/result] adding connection to [/record_1541467872284594157], count 0
[rospy.internal][INFO] 2018-11-05 20:31:12,650: topic[/rosout] adding connection to [/record_1541467872284594157], count 1
[rospy.internal][INFO] 2018-11-05 20:31:12,786: topic[/diagnostics] adding connection to [/record_1541467872284594157], count 1
[rospy.internal][INFO] 2018-11-05 20:31:12,787: topic[/vision_act/feedback] adding connection to [/record_1541467872284594157], count 0
[rospy.internal][INFO] 2018-11-05 20:31:12,898: topic[/vision_act/status] adding connection to [/record_1541467872284594157], count 0
[rospy.internal][INFO] 2018-11-05 20:31:21,936: topic[/vision_act/result] removing connection to /record_1541467872284594157
[rospy.internal][INFO] 2018-11-05 20:31:21,937: topic[/vision_act/feedback] removing connection to /record_1541467872284594157
[rospy.internal][INFO] 2018-11-05 20:31:21,937: topic[/rosout] removing connection to /record_1541467872284594157
[rospy.internal][INFO] 2018-11-05 20:31:21,938: topic[/diagnostics] removing connection to /record_1541467872284594157
[rospy.internal][INFO] 2018-11-05 20:31:21,980: topic[/vision_act/status] removing connection to /record_1541467872284594157
