[rospy.client][INFO] 2018-11-05 20:27:27,522: init_node, name[/fhb_harvest], pid[26564]
[xmlrpc][INFO] 2018-11-05 20:27:27,530: XML-RPC server binding to 0.0.0.0:0
[xmlrpc][INFO] 2018-11-05 20:27:27,531: Started XML-RPC server [http://osboxes:39131/]
[rospy.init][INFO] 2018-11-05 20:27:27,533: ROS Slave URI: [http://osboxes:39131/]
[rospy.impl.masterslave][INFO] 2018-11-05 20:27:27,533: _ready: http://osboxes:39131/
[xmlrpc][INFO] 2018-11-05 20:27:27,543: xml rpc node: starting XML-RPC server
[rospy.registration][INFO] 2018-11-05 20:27:27,549: Registering with master node http://osboxes.local:11311
[rospy.init][INFO] 2018-11-05 20:27:27,634: registered with master
[rospy.rosout][INFO] 2018-11-05 20:27:27,634: initializing /rosout core topic
[rospy.rosout][INFO] 2018-11-05 20:27:27,643: connected to core topic /rosout
[rospy.simtime][INFO] 2018-11-05 20:27:27,647: /use_sim_time is not set, will not subscribe to simulated time [/clock] topic
[rosout][INFO] 2018-11-05 20:27:27,668: harvest_node started
[rospy.internal][INFO] 2018-11-05 20:27:28,039: topic[/rosout] adding connection to [/rosout], count 0
[rospy.internal][INFO] 2018-11-05 20:27:39,073: topic[/diagnostics] adding connection to [/rqt_gui_py_node_26793], count 0
[rosout][WARNING] 2018-11-05 20:30:26,002: Inbound TCP/IP connection failed: connection from sender terminated before handshake header received. 0 bytes were received. Please check sender for additional details.
[rospy.internal][ERROR] 2018-11-05 20:30:26,010: Inbound TCP/IP connection failed:
Traceback (most recent call last):
  File "/opt/ros/kinetic/lib/python2.7/dist-packages/rospy/impl/tcpros_base.py", line 321, in _tcp_server_callback
    header = read_ros_handshake_header(sock, StringIO(), buff_size)
  File "/opt/ros/kinetic/lib/python2.7/dist-packages/rosgraph/network.py", line 364, in read_ros_handshake_header
    raise ROSHandshakeException("connection from sender terminated before handshake header received. %s bytes were received. Please check sender for additional details."%b.tell())
ROSHandshakeException: connection from sender terminated before handshake header received. 0 bytes were received. Please check sender for additional details.

[rospy.internal][INFO] 2018-11-05 20:30:33,276: topic[/harvest_act/feedback] adding connection to [/rostopic_29487_1541467832907], count 0
[rospy.internal][INFO] 2018-11-05 20:30:33,732: topic[/harvest_act/feedback] removing connection to /rostopic_29487_1541467832907
[rospy.internal][INFO] 2018-11-05 20:30:39,101: topic[/harvest_act/result] adding connection to [/rostopic_29624_1541467838775], count 0
[rospy.internal][INFO] 2018-11-05 20:30:39,460: topic[/harvest_act/result] adding connection to [/rostopic_29624_1541467838775], count 1
[rospy.internal][INFO] 2018-11-05 20:30:39,461: topic[/harvest_act/result] removing connection to /rostopic_29624_1541467838775
[rospy.internal][INFO] 2018-11-05 20:30:39,749: topic[/harvest_act/result] removing connection to /rostopic_29624_1541467838775
[rospy.internal][INFO] 2018-11-05 20:30:42,330: topic[/harvest_act/status] adding connection to [/rostopic_29699_1541467842057], count 0
[rospy.internal][INFO] 2018-11-05 20:30:42,754: topic[/harvest_act/status] removing connection to /rostopic_29699_1541467842057
[rospy.internal][INFO] 2018-11-05 20:30:45,199: topic[/rosout] adding connection to [/rostopic_29772_1541467844860], count 1
[rospy.internal][INFO] 2018-11-05 20:30:45,758: topic[/rosout] removing connection to /rostopic_29772_1541467844860
[rospy.internal][INFO] 2018-11-05 20:31:12,656: topic[/rosout] adding connection to [/record_1541467872284594157], count 1
[rospy.internal][INFO] 2018-11-05 20:31:12,673: topic[/harvest_act/result] adding connection to [/record_1541467872284594157], count 0
[rospy.internal][INFO] 2018-11-05 20:31:12,790: topic[/diagnostics] adding connection to [/record_1541467872284594157], count 1
[rospy.internal][INFO] 2018-11-05 20:31:12,790: topic[/harvest_act/feedback] adding connection to [/record_1541467872284594157], count 0
[rospy.internal][INFO] 2018-11-05 20:31:12,895: topic[/harvest_act/status] adding connection to [/record_1541467872284594157], count 0
[rospy.internal][INFO] 2018-11-05 20:31:21,933: topic[/diagnostics] removing connection to /record_1541467872284594157
[rospy.internal][INFO] 2018-11-05 20:31:21,934: topic[/harvest_act/feedback] removing connection to /record_1541467872284594157
[rospy.internal][INFO] 2018-11-05 20:31:21,935: topic[/rosout] removing connection to /record_1541467872284594157
[rospy.internal][INFO] 2018-11-05 20:31:21,940: topic[/harvest_act/result] removing connection to /record_1541467872284594157
[rospy.internal][INFO] 2018-11-05 20:31:22,126: topic[/harvest_act/status] removing connection to /record_1541467872284594157
