[rospy.client][INFO] 2018-11-05 20:27:27,662: init_node, name[/fhb_arm], pid[26566]
[xmlrpc][INFO] 2018-11-05 20:27:27,665: XML-RPC server binding to 0.0.0.0:0
[xmlrpc][INFO] 2018-11-05 20:27:27,665: Started XML-RPC server [http://osboxes:37187/]
[rospy.impl.masterslave][INFO] 2018-11-05 20:27:27,666: _ready: http://osboxes:37187/
[rospy.init][INFO] 2018-11-05 20:27:27,666: ROS Slave URI: [http://osboxes:37187/]
[xmlrpc][INFO] 2018-11-05 20:27:27,669: xml rpc node: starting XML-RPC server
[rospy.registration][INFO] 2018-11-05 20:27:27,672: Registering with master node http://osboxes.local:11311
[rospy.init][INFO] 2018-11-05 20:27:27,767: registered with master
[rospy.rosout][INFO] 2018-11-05 20:27:27,767: initializing /rosout core topic
[rospy.rosout][INFO] 2018-11-05 20:27:27,835: connected to core topic /rosout
[rospy.simtime][INFO] 2018-11-05 20:27:27,857: /use_sim_time is not set, will not subscribe to simulated time [/clock] topic
[rosout][INFO] 2018-11-05 20:27:27,910: arm_node started
[rospy.internal][INFO] 2018-11-05 20:27:28,160: topic[/rosout] adding connection to [/rosout], count 0
[rospy.internal][INFO] 2018-11-05 20:27:39,073: topic[/diagnostics] adding connection to [/rqt_gui_py_node_26793], count 0
[rospy.internal][INFO] 2018-11-05 20:29:38,827: topic[/arm_act/feedback] adding connection to [/rostopic_28421_1541467778499], count 0
[rospy.internal][INFO] 2018-11-05 20:29:39,156: topic[/arm_act/feedback] adding connection to [/rostopic_28421_1541467778499], count 1
[rospy.internal][INFO] 2018-11-05 20:29:39,156: topic[/arm_act/feedback] removing connection to /rostopic_28421_1541467778499
[rospy.internal][INFO] 2018-11-05 20:29:39,175: topic[/arm_act/feedback] removing connection to /rostopic_28421_1541467778499
[rospy.internal][INFO] 2018-11-05 20:29:45,027: topic[/arm_act/result] adding connection to [/rostopic_28558_1541467784718], count 0
[rospy.internal][INFO] 2018-11-05 20:29:45,690: topic[/arm_act/result] removing connection to /rostopic_28558_1541467784718
[rospy.internal][INFO] 2018-11-05 20:29:47,841: topic[/arm_act/status] adding connection to [/rostopic_28627_1541467787573], count 0
[rospy.internal][INFO] 2018-11-05 20:29:48,483: topic[/arm_act/status] removing connection to /rostopic_28627_1541467787573
[rospy.internal][INFO] 2018-11-05 20:29:51,673: topic[/arm_ctrl_state] adding connection to [/rostopic_28706_1541467791379], count 0
[rospy.internal][INFO] 2018-11-05 20:29:52,217: topic[/arm_ctrl_state] removing connection to /rostopic_28706_1541467791379
[rosout][WARNING] 2018-11-05 20:30:26,012: Inbound TCP/IP connection failed: connection from sender terminated before handshake header received. 0 bytes were received. Please check sender for additional details.
[rospy.internal][ERROR] 2018-11-05 20:30:26,013: Inbound TCP/IP connection failed:
Traceback (most recent call last):
  File "/opt/ros/kinetic/lib/python2.7/dist-packages/rospy/impl/tcpros_base.py", line 321, in _tcp_server_callback
    header = read_ros_handshake_header(sock, StringIO(), buff_size)
  File "/opt/ros/kinetic/lib/python2.7/dist-packages/rosgraph/network.py", line 364, in read_ros_handshake_header
    raise ROSHandshakeException("connection from sender terminated before handshake header received. %s bytes were received. Please check sender for additional details."%b.tell())
ROSHandshakeException: connection from sender terminated before handshake header received. 0 bytes were received. Please check sender for additional details.

[rospy.internal][INFO] 2018-11-05 20:30:45,213: topic[/rosout] adding connection to [/rostopic_29772_1541467844860], count 1
[rospy.internal][INFO] 2018-11-05 20:30:45,609: topic[/rosout] removing connection to /rostopic_29772_1541467844860
[rospy.internal][INFO] 2018-11-05 20:30:51,049: topic[/serial_rx] adding connection to [/rostopic_29934_1541467850779], count 0
[rospy.internal][INFO] 2018-11-05 20:30:51,623: topic[/serial_rx] removing connection to /rostopic_29934_1541467850779
[rospy.internal][INFO] 2018-11-05 20:31:12,522: topic[/arm_act/feedback] adding connection to [/record_1541467872284594157], count 0
[rospy.internal][INFO] 2018-11-05 20:31:12,530: topic[/serial_rx] adding connection to [/record_1541467872284594157], count 0
[rospy.internal][INFO] 2018-11-05 20:31:12,655: topic[/rosout] adding connection to [/record_1541467872284594157], count 1
[rospy.internal][INFO] 2018-11-05 20:31:12,666: topic[/arm_act/status] adding connection to [/record_1541467872284594157], count 0
[rospy.internal][INFO] 2018-11-05 20:31:12,789: topic[/diagnostics] adding connection to [/record_1541467872284594157], count 1
[rospy.internal][INFO] 2018-11-05 20:31:12,791: topic[/arm_ctrl_state] adding connection to [/record_1541467872284594157], count 0
[rospy.internal][INFO] 2018-11-05 20:31:12,893: topic[/arm_act/result] adding connection to [/record_1541467872284594157], count 0
[rospy.internal][INFO] 2018-11-05 20:31:21,680: topic[/arm_act/status] removing connection to /record_1541467872284594157
[rospy.internal][INFO] 2018-11-05 20:31:21,733: topic[/arm_act/feedback] removing connection to /record_1541467872284594157
[rospy.internal][INFO] 2018-11-05 20:31:21,734: topic[/serial_rx] removing connection to /record_1541467872284594157
[rospy.internal][INFO] 2018-11-05 20:31:21,734: topic[/rosout] removing connection to /record_1541467872284594157
[rospy.internal][INFO] 2018-11-05 20:31:22,236: topic[/arm_act/result] removing connection to /record_1541467872284594157
[rospy.internal][INFO] 2018-11-05 20:31:22,238: topic[/arm_ctrl_state] removing connection to /record_1541467872284594157
[rospy.internal][INFO] 2018-11-05 20:31:22,239: topic[/diagnostics] removing connection to /record_1541467872284594157
