[rospy.client][INFO] 2018-10-05 21:03:10,669: init_node, name[/duckbot12/car_cmd_switch_node], pid[2652]
[xmlrpc][INFO] 2018-10-05 21:03:10,672: XML-RPC server binding to 0.0.0.0:0
[rospy.init][INFO] 2018-10-05 21:03:10,700: ROS Slave URI: [http://duckbot12:39455/]
[xmlrpc][INFO] 2018-10-05 21:03:10,702: Started XML-RPC server [http://duckbot12:39455/]
[rospy.impl.masterslave][INFO] 2018-10-05 21:03:10,703: _ready: http://duckbot12:39455/
[xmlrpc][INFO] 2018-10-05 21:03:10,734: xml rpc node: starting XML-RPC server
[rospy.registration][INFO] 2018-10-05 21:03:10,736: Registering with master node http://duckbot12:11311
[rospy.init][INFO] 2018-10-05 21:03:10,802: registered with master
[rospy.rosout][INFO] 2018-10-05 21:03:10,804: initializing /rosout core topic
[rospy.rosout][INFO] 2018-10-05 21:03:11,193: connected to core topic /rosout
[rospy.simtime][INFO] 2018-10-05 21:03:11,356: /use_sim_time is not set, will not subscribe to simulated time [/clock] topic
[rospy.internal][INFO] 2018-10-05 21:03:11,377: topic[/rosout] adding connection to [/rosout], count 0
[rospy.internal][INFO] 2018-10-05 21:03:12,309: topic[/duckbot12/fsm_node/mode] adding connection to [http://duckbot12:42308/], count 0
[rospy.internal][INFO] 2018-10-05 21:03:13,655: topic[/duckbot12/joy_mapper_node/car_cmd] adding connection to [http://duckbot12:46496/], count 0
[rosout][INFO] 2018-10-05 21:03:14,154: [/duckbot12/car_cmd_switch_node] Initialized. 
[rospy.internal][INFO] 2018-10-05 21:03:14,491: topic[/duckbot12/lane_controller_node/car_cmd] adding connection to [http://duckbot12:44070/], count 0
[rosout][INFO] 2018-10-05 21:03:17,430: [/duckbot12/car_cmd_switch_node] Car cmd switched to joystick in state NORMAL_JOYSTICK_CONTROL.
[rospy.internal][INFO] 2018-10-05 21:04:34,761: topic[/duckbot12/car_cmd_switch_node/cmd] adding connection to [/duckbot12/inverse_kinematics_node], count 0
[rospy.internal][INFO] 2018-10-05 21:04:59,921: topic[/duckbot12/car_cmd_switch_node/cmd] adding connection to [/duckbot12/lane_filter_node], count 1
[rospy.internal][INFO] 2018-10-05 21:12:58,630: topic[/rosout] adding connection to [/rostopic_2068_1538745177644], count 1
[rospy.internal][INFO] 2018-10-05 21:12:59,079: topic[/rosout] removing connection to /rostopic_2068_1538745177644
[rospy.internal][INFO] 2018-10-05 21:13:16,344: topic[/duckbot12/car_cmd_switch_node/cmd] adding connection to [/record_1538745190769931271], count 2
[rospy.internal][INFO] 2018-10-05 21:21:55,786: topic[/rosout] adding connection to [/rqt_gui_py_node_2192], count 1
[rosout][WARNING] 2018-10-05 21:22:17,302: Inbound TCP/IP connection failed: connection from sender terminated before handshake header received. 0 bytes were received. Please check sender for additional details.
[rospy.internal][ERROR] 2018-10-05 21:22:17,317: Inbound TCP/IP connection failed:
Traceback (most recent call last):
  File "/opt/ros/kinetic/lib/python2.7/dist-packages/rospy/impl/tcpros_base.py", line 321, in _tcp_server_callback
    header = read_ros_handshake_header(sock, StringIO(), buff_size)
  File "/opt/ros/kinetic/lib/python2.7/dist-packages/rosgraph/network.py", line 364, in read_ros_handshake_header
    raise ROSHandshakeException("connection from sender terminated before handshake header received. %s bytes were received. Please check sender for additional details."%b.tell())
ROSHandshakeException: connection from sender terminated before handshake header received. 0 bytes were received. Please check sender for additional details.

[rospy.internal][INFO] 2018-10-05 21:22:17,744: topic[/rosout] removing connection to /rqt_gui_py_node_2192
[rospy.impl.masterslave][INFO] 2018-10-05 21:22:31,046: external shutdown request from [/rosnode]: user request
[rospy.core][INFO] 2018-10-05 21:22:31,048: signal_shutdown [external shutdown request from [/rosnode]: [user request]]
[rosout][INFO] 2018-10-05 21:22:31,049: [/duckbot12/car_cmd_switch_node] Shutting down.
[rospy.internal][INFO] 2018-10-05 21:22:31,176: topic[/duckbot12/car_cmd_switch_node/cmd] removing connection to /duckbot12/inverse_kinematics_node
[rospy.internal][INFO] 2018-10-05 21:22:31,178: topic[/duckbot12/car_cmd_switch_node/cmd] removing connection to /duckbot12/lane_filter_node
[rospy.internal][INFO] 2018-10-05 21:22:31,181: topic[/duckbot12/car_cmd_switch_node/cmd] removing connection to /record_1538745190769931271
[rospy.internal][INFO] 2018-10-05 21:22:31,185: topic[/rosout] removing connection to /rosout
[rospy.internal][INFO] 2018-10-05 21:22:31,194: topic[/duckbot12/lane_controller_node/car_cmd] removing connection to http://duckbot12:44070/
[rospy.internal][INFO] 2018-10-05 21:22:31,211: topic[/duckbot12/fsm_node/mode] removing connection to http://duckbot12:42308/
[rospy.internal][INFO] 2018-10-05 21:22:31,213: topic[/duckbot12/joy_mapper_node/car_cmd] removing connection to http://duckbot12:46496/
[rosout][ERROR] 2018-10-05 21:22:31,243: bad callback: <bound method CarCmdSwitchNode.cbWheelsCmd of <__main__.CarCmdSwitchNode object at 0x76270530>>
Traceback (most recent call last):
  File "/opt/ros/kinetic/lib/python2.7/dist-packages/rospy/topics.py", line 748, in _invoke_callback
    cb(msg, cb_args)
  File "/home/ubuntu/duckietown/catkin_ws/src/05-teleop/dagu_car/src/car_cmd_switch_node.py", line 37, in cbWheelsCmd
    self.pub_cmd.publish(msg)
  File "/opt/ros/kinetic/lib/python2.7/dist-packages/rospy/topics.py", line 882, in publish
    self.impl.publish(data)
  File "/opt/ros/kinetic/lib/python2.7/dist-packages/rospy/topics.py", line 1041, in publish
    raise ROSException("publish() to a closed topic")
ROSException: publish() to a closed topic

[rospy.core][INFO] 2018-10-05 21:22:31,593: signal_shutdown [atexit]
