[rospy.client][INFO] 2018-10-05 21:03:10,657: init_node, name[/duckbot12/joy_mapper_node], pid[2628]
[xmlrpc][INFO] 2018-10-05 21:03:10,665: XML-RPC server binding to 0.0.0.0:0
[rospy.init][INFO] 2018-10-05 21:03:10,686: ROS Slave URI: [http://duckbot12:46496/]
[xmlrpc][INFO] 2018-10-05 21:03:10,668: Started XML-RPC server [http://duckbot12:46496/]
[rospy.impl.masterslave][INFO] 2018-10-05 21:03:10,704: _ready: http://duckbot12:46496/
[rospy.registration][INFO] 2018-10-05 21:03:10,710: Registering with master node http://duckbot12:11311
[xmlrpc][INFO] 2018-10-05 21:03:10,712: xml rpc node: starting XML-RPC server
[rospy.init][INFO] 2018-10-05 21:03:10,788: registered with master
[rospy.rosout][INFO] 2018-10-05 21:03:10,789: initializing /rosout core topic
[rospy.rosout][INFO] 2018-10-05 21:03:11,159: connected to core topic /rosout
[rospy.simtime][INFO] 2018-10-05 21:03:11,290: /use_sim_time is not set, will not subscribe to simulated time [/clock] topic
[rospy.internal][INFO] 2018-10-05 21:03:11,486: topic[/rosout] adding connection to [/rosout], count 0
[rosout][INFO] 2018-10-05 21:03:11,523: [/duckbot12/joy_mapper_node] Initializing 
[rosout][INFO] 2018-10-05 21:03:11,756: [/duckbot12/joy_mapper_node] ~speed_gain = 0.41 
[rosout][INFO] 2018-10-05 21:03:12,003: [/duckbot12/joy_mapper_node] ~steer_gain = 8.3 
[rosout][INFO] 2018-10-05 21:03:12,188: [/duckbot12/joy_mapper_node] ~bicycle_kinematics = 0.0 
[rosout][INFO] 2018-10-05 21:03:12,445: [/duckbot12/joy_mapper_node] ~steer_angle_gain = 1.04 
[rosout][INFO] 2018-10-05 21:03:12,667: [/duckbot12/joy_mapper_node] ~simulated_vehicle_length = 0.18 
[rospy.internal][INFO] 2018-10-05 21:03:13,629: topic[/duckbot12/joy] adding connection to [http://duckbot12:44522/], count 0
[rospy.internal][INFO] 2018-10-05 21:03:13,686: topic[/duckbot12/joy_mapper_node/car_cmd] adding connection to [/duckbot12/car_cmd_switch_node], count 0
[rospy.internal][INFO] 2018-10-05 21:03:14,395: topic[/duckbot12/wheels_driver_node/emergency_stop] adding connection to [/duckbot12/wheels_driver_node], count 0
[rospy.internal][INFO] 2018-10-05 21:03:15,277: topic[/duckbot12/joy_mapper_node/joystick_override] adding connection to [/duckbot12/logic_gate_node], count 0
[rospy.internal][INFO] 2018-10-05 21:03:15,705: topic[/duckbot12/joy_mapper_node/parallel_autonomy] adding connection to [/duckbot12/logic_gate_node], count 0
[rospy.internal][INFO] 2018-10-05 21:03:16,388: topic[/duckbot12/joy_mapper_node/start_avoidance] adding connection to [/duckbot12/fsm_node], count 0
[rospy.internal][INFO] 2018-10-05 21:03:17,139: topic[/duckbot12/joy_mapper_node/parallel_autonomy] adding connection to [/duckbot12/fsm_node], count 1
[rospy.internal][INFO] 2018-10-05 21:04:44,087: topic[/duckbot12/anti_instagram_node/click] adding connection to [/duckbot12/anti_instagram_node], count 0
[rospy.internal][INFO] 2018-10-05 21:08:42,633: topic[/duckbot12/joy_mapper_node/joystick_override] adding connection to [/rostopic_1131_1538744921719], count 1
[rospy.internal][INFO] 2018-10-05 21:08:42,928: topic[/duckbot12/joy_mapper_node/joystick_override] removing connection to /rostopic_1131_1538744921719
[rospy.internal][INFO] 2018-10-05 21:12:58,614: topic[/rosout] adding connection to [/rostopic_2068_1538745177644], count 1
[rosout][WARNING] 2018-10-05 21:12:58,658: Inbound TCP/IP connection failed: connection from sender terminated before handshake header received. 0 bytes were received. Please check sender for additional details.
[rospy.internal][ERROR] 2018-10-05 21:12:58,683: Inbound TCP/IP connection failed:
Traceback (most recent call last):
  File "/opt/ros/kinetic/lib/python2.7/dist-packages/rospy/impl/tcpros_base.py", line 321, in _tcp_server_callback
    header = read_ros_handshake_header(sock, StringIO(), buff_size)
  File "/opt/ros/kinetic/lib/python2.7/dist-packages/rosgraph/network.py", line 364, in read_ros_handshake_header
    raise ROSHandshakeException("connection from sender terminated before handshake header received. %s bytes were received. Please check sender for additional details."%b.tell())
ROSHandshakeException: connection from sender terminated before handshake header received. 0 bytes were received. Please check sender for additional details.

[rospy.internal][INFO] 2018-10-05 21:12:59,118: topic[/rosout] removing connection to /rostopic_2068_1538745177644
[rospy.internal][INFO] 2018-10-05 21:13:13,452: topic[/duckbot12/joy_mapper_node/parallel_autonomy] adding connection to [/record_1538745190769931271], count 2
[rospy.internal][INFO] 2018-10-05 21:13:13,752: topic[/duckbot12/joy_mapper_node/joystick_override] adding connection to [/record_1538745190769931271], count 1
[rospy.internal][INFO] 2018-10-05 21:13:17,125: topic[/duckbot12/joy_mapper_node/car_cmd] adding connection to [/record_1538745190769931271], count 1
[rospy.internal][INFO] 2018-10-05 21:13:18,157: topic[/duckbot12/wheels_driver_node/emergency_stop] adding connection to [/record_1538745190769931271], count 1
[rospy.internal][INFO] 2018-10-05 21:21:55,879: topic[/rosout] adding connection to [/rqt_gui_py_node_2192], count 1
[rosout][WARNING] 2018-10-05 21:22:17,330: Inbound TCP/IP connection failed: connection from sender terminated before handshake header received. 0 bytes were received. Please check sender for additional details.
[rospy.internal][ERROR] 2018-10-05 21:22:17,338: Inbound TCP/IP connection failed:
Traceback (most recent call last):
  File "/opt/ros/kinetic/lib/python2.7/dist-packages/rospy/impl/tcpros_base.py", line 321, in _tcp_server_callback
    header = read_ros_handshake_header(sock, StringIO(), buff_size)
  File "/opt/ros/kinetic/lib/python2.7/dist-packages/rosgraph/network.py", line 364, in read_ros_handshake_header
    raise ROSHandshakeException("connection from sender terminated before handshake header received. %s bytes were received. Please check sender for additional details."%b.tell())
ROSHandshakeException: connection from sender terminated before handshake header received. 0 bytes were received. Please check sender for additional details.

[rospy.internal][INFO] 2018-10-05 21:22:17,735: topic[/rosout] removing connection to /rqt_gui_py_node_2192
[rospy.internal][INFO] 2018-10-05 21:22:30,769: topic[/duckbot12/anti_instagram_node/click] removing connection to /duckbot12/anti_instagram_node
[rosout][WARNING] 2018-10-05 21:22:31,086: Inbound TCP/IP connection failed: connection from sender terminated before handshake header received. 0 bytes were received. Please check sender for additional details.
[rospy.internal][ERROR] 2018-10-05 21:22:31,089: Inbound TCP/IP connection failed:
Traceback (most recent call last):
  File "/opt/ros/kinetic/lib/python2.7/dist-packages/rospy/impl/tcpros_base.py", line 321, in _tcp_server_callback
    header = read_ros_handshake_header(sock, StringIO(), buff_size)
  File "/opt/ros/kinetic/lib/python2.7/dist-packages/rosgraph/network.py", line 364, in read_ros_handshake_header
    raise ROSHandshakeException("connection from sender terminated before handshake header received. %s bytes were received. Please check sender for additional details."%b.tell())
ROSHandshakeException: connection from sender terminated before handshake header received. 0 bytes were received. Please check sender for additional details.

[rospy.internal][INFO] 2018-10-05 21:22:31,273: topic[/duckbot12/joy_mapper_node/car_cmd] removing connection to /duckbot12/car_cmd_switch_node
[rospy.internal][INFO] 2018-10-05 21:22:32,048: topic[/duckbot12/joy_mapper_node/start_avoidance] adding connection to [/duckbot12/fsm_node], count 1
[rospy.internal][INFO] 2018-10-05 21:22:32,050: topic[/duckbot12/joy_mapper_node/start_avoidance] removing connection to /duckbot12/fsm_node
[rospy.internal][INFO] 2018-10-05 21:22:32,277: topic[/duckbot12/joy_mapper_node/parallel_autonomy] removing connection to /duckbot12/fsm_node
[rospy.internal][INFO] 2018-10-05 21:22:32,280: topic[/duckbot12/joy_mapper_node/start_avoidance] removing connection to /duckbot12/fsm_node
[rospy.core][INFO] 2018-10-05 21:22:32,404: signal_shutdown [signal-2]
[rospy.internal][INFO] 2018-10-05 21:22:32,864: topic[/rosout] removing connection to /rosout
[rospy.internal][INFO] 2018-10-05 21:22:32,866: topic[/duckbot12/joy_mapper_node/car_cmd] removing connection to /record_1538745190769931271
[rospy.internal][INFO] 2018-10-05 21:22:32,894: topic[/duckbot12/joy_mapper_node/parallel_autonomy] removing connection to /duckbot12/logic_gate_node
[rospy.internal][INFO] 2018-10-05 21:22:32,898: topic[/duckbot12/joy_mapper_node/parallel_autonomy] removing connection to /record_1538745190769931271
[rospy.internal][INFO] 2018-10-05 21:22:32,901: topic[/duckbot12/joy_mapper_node/joystick_override] removing connection to /duckbot12/logic_gate_node
[rospy.internal][INFO] 2018-10-05 21:22:32,905: topic[/duckbot12/joy_mapper_node/joystick_override] removing connection to /record_1538745190769931271
[rospy.internal][INFO] 2018-10-05 21:22:32,909: topic[/duckbot12/wheels_driver_node/emergency_stop] removing connection to /duckbot12/wheels_driver_node
[rospy.internal][INFO] 2018-10-05 21:22:32,912: topic[/duckbot12/wheels_driver_node/emergency_stop] removing connection to /record_1538745190769931271
[rospy.internal][WARNING] 2018-10-05 21:22:32,918: Unknown error initiating TCP/IP socket to duckbot12:40063 (http://duckbot12:44522/): Traceback (most recent call last):
  File "/opt/ros/kinetic/lib/python2.7/dist-packages/rospy/impl/tcpros_base.py", line 557, in connect
    self.read_header()
  File "/opt/ros/kinetic/lib/python2.7/dist-packages/rospy/impl/tcpros_base.py", line 650, in read_header
    self._validate_header(read_ros_handshake_header(sock, self.read_buff, self.protocol.buff_size))
AttributeError: 'NoneType' object has no attribute 'buff_size'

[rospy.internal][INFO] 2018-10-05 21:22:32,916: topic[/duckbot12/joy] removing connection to http://duckbot12:44522/
[rospy.topics][ERROR] 2018-10-05 21:22:32,936: Traceback (most recent call last):
  File "/opt/ros/kinetic/lib/python2.7/dist-packages/rospy/topics.py", line 326, in close
    c.close()
  File "/opt/ros/kinetic/lib/python2.7/dist-packages/rospy/impl/tcpros_base.py", line 838, in close
    self.socket.close()
AttributeError: 'NoneType' object has no attribute 'close'

[rospy.impl.masterslave][INFO] 2018-10-05 21:22:32,938: signal-2
[rospy.core][INFO] 2018-10-05 21:22:33,049: signal_shutdown [atexit]
