[rospy.client][INFO] 2018-10-05 21:04:33,450: [32minit_node, name[/duckbot12/cam_info_reader_node], pid[2622][0m
[xmlrpc][INFO] 2018-10-05 21:04:33,457: [32mXML-RPC server binding to 0.0.0.0:0[0m
[xmlrpc][INFO] 2018-10-05 21:04:33,461: [32mStarted XML-RPC server [http://duckbot12:40909/][0m
[rospy.impl.masterslave][INFO] 2018-10-05 21:04:33,463: [32m_ready: http://duckbot12:40909/[0m
[rospy.init][INFO] 2018-10-05 21:04:33,467: [32mROS Slave URI: [http://duckbot12:40909/][0m
[rospy.registration][INFO] 2018-10-05 21:04:33,474: [32mRegistering with master node http://duckbot12:11311[0m
[xmlrpc][INFO] 2018-10-05 21:04:33,475: [32mxml rpc node: starting XML-RPC server[0m
[rospy.init][INFO] 2018-10-05 21:04:33,568: [32mregistered with master[0m
[rospy.rosout][INFO] 2018-10-05 21:04:33,570: [32minitializing /rosout core topic[0m
[rospy.rosout][INFO] 2018-10-05 21:04:33,588: [32mconnected to core topic /rosout[0m
[rospy.simtime][INFO] 2018-10-05 21:04:33,605: [32m/use_sim_time is not set, will not subscribe to simulated time [/clock] topic[0m
[rosout][INFO] 2018-10-05 21:04:33,721: [32m[/duckbot12/cam_info_reader_node] ~config = baseline [0m
[rosout][INFO] 2018-10-05 21:04:33,806: [32m[/duckbot12/cam_info_reader_node] ~cali_file_name = duckbot12 [0m
[rosout][INFO] 2018-10-05 21:04:33,850: [32m[/duckbot12/cam_info_reader_node] ~image_type = compressed [0m
[rosout][INFO] 2018-10-05 21:04:33,895: [32m[/duckbot12/cam_info_reader_node] Using calibration file: /home/ubuntu/duckiefleet/calibrations/camera_intrinsic/duckbot12.yaml[0m
[rospy.internal][INFO] 2018-10-05 21:04:33,921: [32mtopic[/rosout] adding connection to [/rosout], count 0[0m
[rosout][INFO] 2018-10-05 21:04:34,242: [32m[/duckbot12/cam_info_reader_node] CameraInfo: header: 
  seq: 0
  stamp: 
    secs: 0
    nsecs:         0
  frame_id: "/duckbot12/camera_optical_frame"
height: 480
width: 640
distortion_model: "plumb_bob"
D: [-0.2642335191586474, 0.04928076042331032, 0.0033845862284124055, -0.0008903623017115541, 0.0]
K: [313.86267626197287, 0.0, 321.2600884044547, 0.0, 315.37408531067985, 231.12840661833283, 0.0, 0.0, 1.0]
R: [1.0, 0.0, 0.0, 0.0, 1.0, 0.0, 0.0, 0.0, 1.0]
P: [217.34449768066406, 0.0, 319.97532869551287, 0.0, 0.0, 253.4927978515625, 230.13211377258995, 0.0, 0.0, 0.0, 1.0, 0.0]
binning_x: 0
binning_y: 0
roi: 
  x_offset: 0
  y_offset: 0
  height: 0
  width: 0
  do_rectify: False[0m
[rosout][WARNING] 2018-10-05 21:04:34,248: [33m[/duckbot12/cam_info_reader_node] ==============CompressedImage[0m
[rospy.internal][INFO] 2018-10-05 21:04:37,636: [32mtopic[/duckbot12/camera_node/image/compressed] adding connection to [http://duckbot12:46817/], count 0[0m
[rospy.internal][INFO] 2018-10-05 21:04:38,614: [32mtopic[/duckbot12/camera_node/camera_info] adding connection to [/duckbot12/ground_projection], count 0[0m
[rospy.internal][INFO] 2018-10-05 21:04:38,698: [32mtopic[/duckbot12/camera_node/camera_info] removing connection to /duckbot12/ground_projection[0m
[rospy.internal][INFO] 2018-10-05 21:13:16,236: [32mtopic[/duckbot12/camera_node/camera_info] adding connection to [/record_1538745190769931271], count 0[0m
[rospy.internal][INFO] 2018-10-05 21:21:55,442: [32mtopic[/duckbot12/camera_node/camera_info] adding connection to [/rqt_gui_py_node_2192], count 1[0m
[rospy.internal][INFO] 2018-10-05 21:21:56,005: [32mtopic[/rosout] adding connection to [/rqt_gui_py_node_2192], count 1[0m
[rospy.internal][INFO] 2018-10-05 21:22:17,122: [32mtopic[/duckbot12/camera_node/camera_info] removing connection to /rqt_gui_py_node_2192[0m
[rospy.internal][INFO] 2018-10-05 21:22:17,693: [32mtopic[/rosout] removing connection to /rqt_gui_py_node_2192[0m
[rospy.impl.masterslave][INFO] 2018-10-05 21:22:30,461: [32mexternal shutdown request from [/rosnode]: user request[0m
[rospy.core][INFO] 2018-10-05 21:22:30,462: [32msignal_shutdown [external shutdown request from [/rosnode]: [user request]][0m
[rosout][INFO] 2018-10-05 21:22:30,464: [32m[/duckbot12/cam_info_reader_node] Shutdown.[0m
[rospy.internal][INFO] 2018-10-05 21:22:30,576: [32mtopic[/duckbot12/camera_node/camera_info] removing connection to /record_1538745190769931271[0m
[rospy.internal][INFO] 2018-10-05 21:22:30,582: [32mtopic[/duckbot12/camera_node/camera_info] removing connection to /record_1538745190769931271[0m
[rospy.topics][ERROR] 2018-10-05 21:22:30,588: [31mTraceback (most recent call last):
  File "/opt/ros/kinetic/lib/python2.7/dist-packages/rospy/topics.py", line 326, in close
    c.close()
  File "/opt/ros/kinetic/lib/python2.7/dist-packages/rospy/impl/tcpros_base.py", line 838, in close
    self.socket.close()
AttributeError: 'NoneType' object has no attribute 'close'
[0m
[rospy.internal][INFO] 2018-10-05 21:22:30,593: [32mtopic[/rosout] removing connection to /rosout[0m
[rospy.internal][INFO] 2018-10-05 21:22:30,596: [32mtopic[/duckbot12/camera_node/image/compressed] removing connection to http://duckbot12:46817/[0m
[rosout][ERROR] 2018-10-05 21:22:30,624: [31mbad callback: <bound method CamInfoReader.cbCompressedImage of <__main__.CamInfoReader object at 0x6e197e30>>
Traceback (most recent call last):
  File "/opt/ros/kinetic/lib/python2.7/dist-packages/rospy/topics.py", line 750, in _invoke_callback
    cb(msg)
  File "/home/ubuntu/duckietown/catkin_ws/src/05-teleop/pi_camera/src/cam_info_reader_node.py", line 54, in cbCompressedImage
    self.pub_camera_info.publish(self.camera_info_msg)
  File "/opt/ros/kinetic/lib/python2.7/dist-packages/rospy/topics.py", line 882, in publish
    self.impl.publish(data)
  File "/opt/ros/kinetic/lib/python2.7/dist-packages/rospy/topics.py", line 1041, in publish
    raise ROSException("publish() to a closed topic")
ROSException: publish() to a closed topic
[0m
[rospy.core][INFO] 2018-10-05 21:22:30,737: [32msignal_shutdown [atexit][0m
