[rospy.client][INFO] 2018-12-01 06:57:31,059: init_node, name[/harvestbot/controller_spawner], pid[5548]
[xmlrpc][INFO] 2018-12-01 06:57:31,060: XML-RPC server binding to 127.0.0.1:0
[xmlrpc][INFO] 2018-12-01 06:57:31,060: Started XML-RPC server [http://localhost:33727/]
[rospy.init][INFO] 2018-12-01 06:57:31,060: ROS Slave URI: [http://localhost:33727/]
[rospy.impl.masterslave][INFO] 2018-12-01 06:57:31,060: _ready: http://localhost:33727/
[xmlrpc][INFO] 2018-12-01 06:57:31,061: xml rpc node: starting XML-RPC server
[rospy.registration][INFO] 2018-12-01 06:57:31,061: Registering with master node http://localhost:11311
[rospy.init][INFO] 2018-12-01 06:57:31,161: registered with master
[rospy.rosout][INFO] 2018-12-01 06:57:31,161: initializing /rosout core topic
[rospy.rosout][INFO] 2018-12-01 06:57:31,163: connected to core topic /rosout
[rospy.simtime][INFO] 2018-12-01 06:57:31,165: initializing /clock core topic
[rospy.simtime][INFO] 2018-12-01 06:57:31,168: connected to core topic /clock
[rosout][INFO] 2018-12-01 06:57:31,170: Controller Spawner: Waiting for service controller_manager/load_controller
[rospy.internal][INFO] 2018-12-01 06:57:31,266: topic[/rosout] adding connection to [/rosout], count 0
[rospy.internal][INFO] 2018-12-01 06:57:32,590: topic[/clock] adding connection to [http://localhost:34649/], count 0
[rosout][INFO] 2018-12-01 06:57:33,583: Controller Spawner: Waiting for service controller_manager/switch_controller
[rosout][INFO] 2018-12-01 06:57:33,584: Controller Spawner: Waiting for service controller_manager/unload_controller
[rosout][INFO] 2018-12-01 06:57:33,586: Loading controller: joint_state_controller
[rosout][INFO] 2018-12-01 06:57:33,592: Loading controller: wheel_left_position_controller
[rosout][INFO] 2018-12-01 06:57:33,633: Loading controller: wheel_right_position_controller
[rosout][INFO] 2018-12-01 06:57:33,668: Loading controller: slide_z_position_controller
[rosout][INFO] 2018-12-01 06:57:33,704: Loading controller: slide_y_position_controller
[rosout][INFO] 2018-12-01 06:57:33,738: Loading controller: slide_x_position_controller
[rosout][INFO] 2018-12-01 06:57:33,771: Loading controller: gripper_rotate_controller
[rosout][INFO] 2018-12-01 06:57:33,803: Loading controller: knife_position_controller
[rosout][INFO] 2018-12-01 06:57:33,839: Controller Spawner: Loaded controllers: joint_state_controller, wheel_left_position_controller, wheel_right_position_controller, slide_z_position_controller, slide_y_position_controller, slide_x_position_controller, gripper_rotate_controller, knife_position_controller
[rosout][INFO] 2018-12-01 06:57:33,841: Started controllers: joint_state_controller, wheel_left_position_controller, wheel_right_position_controller, slide_z_position_controller, slide_y_position_controller, slide_x_position_controller, gripper_rotate_controller, knife_position_controller
[rospy.internal][INFO] 2018-12-01 07:01:01,834: topic[/rosout] adding connection to [/rostopic_9383_1543618861656], count 1
[rospy.internal][INFO] 2018-12-01 07:01:02,644: topic[/rosout] removing connection to /rostopic_9383_1543618861656
[rospy.internal][INFO] 2018-12-01 07:01:10,284: topic[/rosout] adding connection to [/record_1543618869717571921], count 1
[rospy.internal][INFO] 2018-12-01 07:01:19,649: topic[/rosout] removing connection to /record_1543618869717571921
