[rospy.client][INFO] 2018-10-05 16:37:16,858: init_node, name[/duckbot12/velocity_to_pose_node], pid[3086]
[xmlrpc][INFO] 2018-10-05 16:37:16,859: XML-RPC server binding to 0.0.0.0:0
[xmlrpc][INFO] 2018-10-05 16:37:16,861: Started XML-RPC server [http://duckbot12:39281/]
[rospy.impl.masterslave][INFO] 2018-10-05 16:37:16,866: _ready: http://duckbot12:39281/
[rospy.init][INFO] 2018-10-05 16:37:16,861: ROS Slave URI: [http://duckbot12:39281/]
[xmlrpc][INFO] 2018-10-05 16:37:16,867: xml rpc node: starting XML-RPC server
[rospy.registration][INFO] 2018-10-05 16:37:16,875: Registering with master node http://duckbot12:11311
[rospy.init][INFO] 2018-10-05 16:37:16,968: registered with master
[rospy.rosout][INFO] 2018-10-05 16:37:16,969: initializing /rosout core topic
[rospy.rosout][INFO] 2018-10-05 16:37:16,977: connected to core topic /rosout
[rospy.simtime][INFO] 2018-10-05 16:37:16,982: /use_sim_time is not set, will not subscribe to simulated time [/clock] topic
[rosout][INFO] 2018-10-05 16:37:17,048: [/duckbot12/velocity_to_pose_node] Initialized.
[rospy.internal][INFO] 2018-10-05 16:37:17,134: topic[/rosout] adding connection to [/rosout], count 0
[rospy.internal][INFO] 2018-10-05 16:37:32,281: topic[/duckbot12/forward_kinematics_node/velocity] adding connection to [http://duckbot12:41190/], count 0
[rospy.internal][INFO] 2018-10-05 16:40:49,658: topic[/rosout] adding connection to [/rostopic_17332_1538728849212], count 1
[rospy.internal][INFO] 2018-10-05 16:40:50,386: topic[/rosout] removing connection to /rostopic_17332_1538728849212
[rospy.internal][INFO] 2018-10-05 16:43:20,347: topic[/rosout] adding connection to [/rostopic_17742_1538728999951], count 1
[rosout][WARNING] 2018-10-05 16:43:20,928: Inbound TCP/IP connection failed: connection from sender terminated before handshake header received. 0 bytes were received. Please check sender for additional details.
[rospy.internal][ERROR] 2018-10-05 16:43:20,932: Inbound TCP/IP connection failed:
Traceback (most recent call last):
  File "/opt/ros/kinetic/lib/python2.7/dist-packages/rospy/impl/tcpros_base.py", line 321, in _tcp_server_callback
    header = read_ros_handshake_header(sock, StringIO(), buff_size)
  File "/opt/ros/kinetic/lib/python2.7/dist-packages/rosgraph/network.py", line 364, in read_ros_handshake_header
    raise ROSHandshakeException("connection from sender terminated before handshake header received. %s bytes were received. Please check sender for additional details."%b.tell())
ROSHandshakeException: connection from sender terminated before handshake header received. 0 bytes were received. Please check sender for additional details.

[rospy.internal][INFO] 2018-10-05 16:43:20,982: topic[/rosout] removing connection to /rostopic_17742_1538728999951
[rospy.internal][INFO] 2018-10-05 16:43:24,964: topic[/rosout] adding connection to [/record_1538729004482226979], count 1
[rospy.internal][INFO] 2018-10-05 16:43:25,887: topic[/duckbot12/velocity_to_pose_node/pose] adding connection to [/record_1538729004482226979], count 0
[rospy.internal][INFO] 2018-10-05 16:43:34,492: topic[/rosout] removing connection to /record_1538729004482226979
[rospy.internal][INFO] 2018-10-05 16:43:34,964: topic[/rosout] adding connection to [/rqt_gui_py_node_17714], count 1
[rospy.internal][INFO] 2018-10-05 16:43:34,994: topic[/duckbot12/velocity_to_pose_node/pose] removing connection to /record_1538729004482226979
[rospy.internal][INFO] 2018-10-05 16:43:50,504: topic[/rosout] removing connection to /rqt_gui_py_node_17714
