[rospy.client][INFO] 2018-10-05 16:37:16,293: init_node, name[/duckbot12/joy_mapper_node], pid[3067]
[xmlrpc][INFO] 2018-10-05 16:37:16,294: XML-RPC server binding to 0.0.0.0:0
[xmlrpc][INFO] 2018-10-05 16:37:16,296: Started XML-RPC server [http://duckbot12:43810/]
[rospy.init][INFO] 2018-10-05 16:37:16,296: ROS Slave URI: [http://duckbot12:43810/]
[rospy.impl.masterslave][INFO] 2018-10-05 16:37:16,297: _ready: http://duckbot12:43810/
[xmlrpc][INFO] 2018-10-05 16:37:16,298: xml rpc node: starting XML-RPC server
[rospy.registration][INFO] 2018-10-05 16:37:16,301: Registering with master node http://duckbot12:11311
[rospy.init][INFO] 2018-10-05 16:37:16,398: registered with master
[rospy.rosout][INFO] 2018-10-05 16:37:16,399: initializing /rosout core topic
[rospy.rosout][INFO] 2018-10-05 16:37:16,408: connected to core topic /rosout
[rospy.simtime][INFO] 2018-10-05 16:37:16,423: /use_sim_time is not set, will not subscribe to simulated time [/clock] topic
[rosout][INFO] 2018-10-05 16:37:16,440: [/duckbot12/joy_mapper_node] Initializing 
[rosout][INFO] 2018-10-05 16:37:16,455: [/duckbot12/joy_mapper_node] ~speed_gain = 0.41 
[rosout][INFO] 2018-10-05 16:37:16,467: [/duckbot12/joy_mapper_node] ~steer_gain = 8.3 
[rosout][INFO] 2018-10-05 16:37:16,478: [/duckbot12/joy_mapper_node] ~bicycle_kinematics = 0.0 
[rosout][INFO] 2018-10-05 16:37:16,490: [/duckbot12/joy_mapper_node] ~steer_angle_gain = 1.04 
[rosout][INFO] 2018-10-05 16:37:16,504: [/duckbot12/joy_mapper_node] ~simulated_vehicle_length = 0.18 
[rospy.internal][INFO] 2018-10-05 16:37:16,619: topic[/rosout] adding connection to [/rosout], count 0
[rospy.internal][INFO] 2018-10-05 16:37:16,627: topic[/duckbot12/joy] adding connection to [http://duckbot12:34797/], count 0
[rospy.internal][INFO] 2018-10-05 16:37:17,162: topic[/duckbot12/wheels_driver_node/emergency_stop] adding connection to [/duckbot12/wheels_driver_node], count 0
[rospy.internal][INFO] 2018-10-05 16:37:32,267: topic[/duckbot12/joy_mapper_node/car_cmd] adding connection to [/duckbot12/inverse_kinematics_node], count 0
[rospy.internal][INFO] 2018-10-05 16:40:49,676: topic[/rosout] adding connection to [/rostopic_17332_1538728849212], count 1
[rosout][WARNING] 2018-10-05 16:40:50,171: Inbound TCP/IP connection failed: connection from sender terminated before handshake header received. 0 bytes were received. Please check sender for additional details.
[rospy.internal][ERROR] 2018-10-05 16:40:50,180: Inbound TCP/IP connection failed:
Traceback (most recent call last):
  File "/opt/ros/kinetic/lib/python2.7/dist-packages/rospy/impl/tcpros_base.py", line 321, in _tcp_server_callback
    header = read_ros_handshake_header(sock, StringIO(), buff_size)
  File "/opt/ros/kinetic/lib/python2.7/dist-packages/rosgraph/network.py", line 364, in read_ros_handshake_header
    raise ROSHandshakeException("connection from sender terminated before handshake header received. %s bytes were received. Please check sender for additional details."%b.tell())
ROSHandshakeException: connection from sender terminated before handshake header received. 0 bytes were received. Please check sender for additional details.

[rospy.internal][INFO] 2018-10-05 16:40:50,292: topic[/rosout] removing connection to /rostopic_17332_1538728849212
[rosout][WARNING] 2018-10-05 16:41:54,183: Inbound TCP/IP connection failed: timed out
[rospy.internal][ERROR] 2018-10-05 16:41:54,185: Inbound TCP/IP connection failed:
Traceback (most recent call last):
  File "/opt/ros/kinetic/lib/python2.7/dist-packages/rospy/impl/tcpros_base.py", line 321, in _tcp_server_callback
    header = read_ros_handshake_header(sock, StringIO(), buff_size)
  File "/opt/ros/kinetic/lib/python2.7/dist-packages/rosgraph/network.py", line 362, in read_ros_handshake_header
    d = sock.recv(buff_size)
timeout: timed out

[rospy.internal][INFO] 2018-10-05 16:43:20,349: topic[/rosout] adding connection to [/rostopic_17742_1538728999951], count 1
[rosout][WARNING] 2018-10-05 16:43:20,925: Inbound TCP/IP connection failed: connection from sender terminated before handshake header received. 0 bytes were received. Please check sender for additional details.
[rospy.internal][ERROR] 2018-10-05 16:43:20,927: Inbound TCP/IP connection failed:
Traceback (most recent call last):
  File "/opt/ros/kinetic/lib/python2.7/dist-packages/rospy/impl/tcpros_base.py", line 321, in _tcp_server_callback
    header = read_ros_handshake_header(sock, StringIO(), buff_size)
  File "/opt/ros/kinetic/lib/python2.7/dist-packages/rosgraph/network.py", line 364, in read_ros_handshake_header
    raise ROSHandshakeException("connection from sender terminated before handshake header received. %s bytes were received. Please check sender for additional details."%b.tell())
ROSHandshakeException: connection from sender terminated before handshake header received. 0 bytes were received. Please check sender for additional details.

[rospy.internal][INFO] 2018-10-05 16:43:21,403: topic[/rosout] removing connection to /rostopic_17742_1538728999951
[rospy.internal][INFO] 2018-10-05 16:43:24,840: topic[/duckbot12/joy_mapper_node/start_avoidance] adding connection to [/record_1538729004482226979], count 0
[rospy.internal][INFO] 2018-10-05 16:43:24,966: topic[/rosout] adding connection to [/record_1538729004482226979], count 1
[rospy.internal][INFO] 2018-10-05 16:43:25,101: topic[/duckbot12/joy_mapper_node/car_cmd] adding connection to [/record_1538729004482226979], count 1
[rospy.internal][INFO] 2018-10-05 16:43:25,349: topic[/duckbot12/joy_mapper_node/parallel_autonomy] adding connection to [/record_1538729004482226979], count 0
[rospy.internal][INFO] 2018-10-05 16:43:25,461: topic[/duckbot12/joy_mapper_node/joystick_override] adding connection to [/record_1538729004482226979], count 0
[rospy.internal][INFO] 2018-10-05 16:43:25,565: topic[/duckbot12/anti_instagram_node/click] adding connection to [/record_1538729004482226979], count 0
[rospy.internal][INFO] 2018-10-05 16:43:25,887: topic[/duckbot12/wheels_driver_node/emergency_stop] adding connection to [/record_1538729004482226979], count 1
[rospy.internal][INFO] 2018-10-05 16:43:34,413: topic[/rosout] removing connection to /record_1538729004482226979
[rospy.internal][INFO] 2018-10-05 16:43:34,415: topic[/duckbot12/joy_mapper_node/start_avoidance] removing connection to /record_1538729004482226979
[rospy.internal][INFO] 2018-10-05 16:43:34,918: topic[/duckbot12/joy_mapper_node/car_cmd] removing connection to /record_1538729004482226979
[rospy.internal][INFO] 2018-10-05 16:43:34,919: topic[/duckbot12/joy_mapper_node/parallel_autonomy] removing connection to /record_1538729004482226979
[rospy.internal][INFO] 2018-10-05 16:43:34,920: topic[/duckbot12/joy_mapper_node/joystick_override] removing connection to /record_1538729004482226979
[rospy.internal][INFO] 2018-10-05 16:43:34,921: topic[/duckbot12/anti_instagram_node/click] removing connection to /record_1538729004482226979
[rospy.internal][INFO] 2018-10-05 16:43:34,923: topic[/duckbot12/wheels_driver_node/emergency_stop] removing connection to /record_1538729004482226979
[rospy.internal][INFO] 2018-10-05 16:43:34,964: topic[/rosout] adding connection to [/rqt_gui_py_node_17714], count 1
[rosout][WARNING] 2018-10-05 16:43:50,758: Inbound TCP/IP connection failed: connection from sender terminated before handshake header received. 0 bytes were received. Please check sender for additional details.
[rospy.internal][ERROR] 2018-10-05 16:43:50,760: Inbound TCP/IP connection failed:
Traceback (most recent call last):
  File "/opt/ros/kinetic/lib/python2.7/dist-packages/rospy/impl/tcpros_base.py", line 321, in _tcp_server_callback
    header = read_ros_handshake_header(sock, StringIO(), buff_size)
  File "/opt/ros/kinetic/lib/python2.7/dist-packages/rosgraph/network.py", line 364, in read_ros_handshake_header
    raise ROSHandshakeException("connection from sender terminated before handshake header received. %s bytes were received. Please check sender for additional details."%b.tell())
ROSHandshakeException: connection from sender terminated before handshake header received. 0 bytes were received. Please check sender for additional details.

[rospy.internal][INFO] 2018-10-05 16:43:50,935: topic[/rosout] removing connection to /rqt_gui_py_node_17714
