User defined setting: NODE=/turtlesim, TOPIC=/turtle1/cmd_vel, MSG=geometry_msgs/Twist
[NODE_LIST]$rosnode list =====>
/amcl
/base_footprint2base_link
/base_link2laser_link
/map_server
/move_base
/rf2o_laser_odometry
/rosout
/ydlidar_node
[NODE=/amcl]$rosnode info /amcl =====>
--------------------------------------------------------------------------------
Node [/amcl]
Publications: 
 * /amcl/parameter_descriptions [dynamic_reconfigure/ConfigDescription]
 * /amcl/parameter_updates [dynamic_reconfigure/Config]
 * /amcl_pose [geometry_msgs/PoseWithCovarianceStamped]
 * /particlecloud [geometry_msgs/PoseArray]
 * /rosout [rosgraph_msgs/Log]
 * /tf [tf2_msgs/TFMessage]

Subscriptions: 
 * /initialpose [unknown type]
 * /map [nav_msgs/OccupancyGrid]
 * /scan [sensor_msgs/LaserScan]
 * /tf [tf2_msgs/TFMessage]
 * /tf_static [unknown type]

Services: 
 * /amcl/get_loggers
 * /amcl/set_logger_level
 * /amcl/set_parameters
 * /global_localization
 * /request_nomotion_update
 * /set_map


contacting node http://knightcar.local:34679/ ...
Pid: 18522
Connections:
 * topic: /rosout
    * to: /rosout
    * direction: outbound
    * transport: TCPROS
 * topic: /tf
    * to: /amcl
    * direction: outbound
    * transport: INTRAPROCESS
 * topic: /tf
    * to: /move_base
    * direction: outbound
    * transport: TCPROS
 * topic: /tf
    * to: /rf2o_laser_odometry
    * direction: outbound
    * transport: TCPROS
 * topic: /tf
    * to: /amcl (http://knightcar.local:34679/)
    * direction: inbound
    * transport: INTRAPROCESS
 * topic: /tf
    * to: /base_link2laser_link (http://knightcar.local:44049/)
    * direction: inbound
    * transport: TCPROS
 * topic: /tf
    * to: /base_footprint2base_link (http://knightcar.local:35571/)
    * direction: inbound
    * transport: TCPROS
 * topic: /tf
    * to: /rf2o_laser_odometry (http://knightcar.local:42014/)
    * direction: inbound
    * transport: TCPROS
 * topic: /scan
    * to: /ydlidar_node (http://knightcar.local:44861/)
    * direction: inbound
    * transport: TCPROS
 * topic: /map
    * to: /map_server (http://knightcar.local:43979/)
    * direction: inbound
    * transport: TCPROS

[NODE=/base_footprint2base_link]$rosnode info /base_footprint2base_link =====>
--------------------------------------------------------------------------------
Node [/base_footprint2base_link]
Publications: 
 * /rosout [rosgraph_msgs/Log]
 * /tf [tf2_msgs/TFMessage]

Subscriptions: None

Services: 
 * /base_footprint2base_link/get_loggers
 * /base_footprint2base_link/set_logger_level


contacting node http://knightcar.local:35571/ ...
Pid: 18464
Connections:
 * topic: /rosout
    * to: /rosout
    * direction: outbound
    * transport: TCPROS
 * topic: /tf
    * to: /move_base
    * direction: outbound
    * transport: TCPROS
 * topic: /tf
    * to: /amcl
    * direction: outbound
    * transport: TCPROS
 * topic: /tf
    * to: /rf2o_laser_odometry
    * direction: outbound
    * transport: TCPROS

[NODE=/base_link2laser_link]$rosnode info /base_link2laser_link =====>
--------------------------------------------------------------------------------
Node [/base_link2laser_link]
Publications: 
 * /rosout [rosgraph_msgs/Log]
 * /tf [tf2_msgs/TFMessage]

Subscriptions: None

Services: 
 * /base_link2laser_link/get_loggers
 * /base_link2laser_link/set_logger_level


contacting node http://knightcar.local:44049/ ...
Pid: 18465
Connections:
 * topic: /rosout
    * to: /rosout
    * direction: outbound
    * transport: TCPROS
 * topic: /tf
    * to: /move_base
    * direction: outbound
    * transport: TCPROS
 * topic: /tf
    * to: /amcl
    * direction: outbound
    * transport: TCPROS
 * topic: /tf
    * to: /rf2o_laser_odometry
    * direction: outbound
    * transport: TCPROS

[NODE=/map_server]$rosnode info /map_server =====>
--------------------------------------------------------------------------------
Node [/map_server]
Publications: 
 * /map [nav_msgs/OccupancyGrid]
 * /map_metadata [nav_msgs/MapMetaData]
 * /rosout [rosgraph_msgs/Log]

Subscriptions: None

Services: 
 * /map_server/get_loggers
 * /map_server/set_logger_level
 * /static_map


contacting node http://knightcar.local:43979/ ...
Pid: 18463
Connections:
 * topic: /rosout
    * to: /rosout
    * direction: outbound
    * transport: TCPROS
 * topic: /map
    * to: /amcl
    * direction: outbound
    * transport: TCPROS
 * topic: /map
    * to: /move_base
    * direction: outbound
    * transport: TCPROS

[NODE=/move_base]$rosnode info /move_base =====>
--------------------------------------------------------------------------------
Node [/move_base]
Publications: 
 * /cmd_vel [geometry_msgs/Twist]
 * /move_base/DWAPlannerROS/cost_cloud [sensor_msgs/PointCloud2]
 * /move_base/DWAPlannerROS/global_plan [nav_msgs/Path]
 * /move_base/DWAPlannerROS/local_plan [nav_msgs/Path]
 * /move_base/DWAPlannerROS/parameter_descriptions [dynamic_reconfigure/ConfigDescription]
 * /move_base/DWAPlannerROS/parameter_updates [dynamic_reconfigure/Config]
 * /move_base/DWAPlannerROS/trajectory_cloud [sensor_msgs/PointCloud2]
 * /move_base/NavfnROS/plan [nav_msgs/Path]
 * /move_base/current_goal [geometry_msgs/PoseStamped]
 * /move_base/feedback [move_base_msgs/MoveBaseActionFeedback]
 * /move_base/global_costmap/costmap [nav_msgs/OccupancyGrid]
 * /move_base/global_costmap/costmap_updates [map_msgs/OccupancyGridUpdate]
 * /move_base/global_costmap/footprint [geometry_msgs/PolygonStamped]
 * /move_base/global_costmap/inflation/parameter_descriptions [dynamic_reconfigure/ConfigDescription]
 * /move_base/global_costmap/inflation/parameter_updates [dynamic_reconfigure/Config]
 * /move_base/global_costmap/parameter_descriptions [dynamic_reconfigure/ConfigDescription]
 * /move_base/global_costmap/parameter_updates [dynamic_reconfigure/Config]
 * /move_base/global_costmap/sensor/parameter_descriptions [dynamic_reconfigure/ConfigDescription]
 * /move_base/global_costmap/sensor/parameter_updates [dynamic_reconfigure/Config]
 * /move_base/global_costmap/static/parameter_descriptions [dynamic_reconfigure/ConfigDescription]
 * /move_base/global_costmap/static/parameter_updates [dynamic_reconfigure/Config]
 * /move_base/goal [move_base_msgs/MoveBaseActionGoal]
 * /move_base/local_costmap/costmap [nav_msgs/OccupancyGrid]
 * /move_base/local_costmap/costmap_updates [map_msgs/OccupancyGridUpdate]
 * /move_base/local_costmap/footprint [geometry_msgs/PolygonStamped]
 * /move_base/local_costmap/inflation/parameter_descriptions [dynamic_reconfigure/ConfigDescription]
 * /move_base/local_costmap/inflation/parameter_updates [dynamic_reconfigure/Config]
 * /move_base/local_costmap/parameter_descriptions [dynamic_reconfigure/ConfigDescription]
 * /move_base/local_costmap/parameter_updates [dynamic_reconfigure/Config]
 * /move_base/local_costmap/sensor/parameter_descriptions [dynamic_reconfigure/ConfigDescription]
 * /move_base/local_costmap/sensor/parameter_updates [dynamic_reconfigure/Config]
 * /move_base/parameter_descriptions [dynamic_reconfigure/ConfigDescription]
 * /move_base/parameter_updates [dynamic_reconfigure/Config]
 * /move_base/result [move_base_msgs/MoveBaseActionResult]
 * /move_base/status [actionlib_msgs/GoalStatusArray]
 * /rosout [rosgraph_msgs/Log]

Subscriptions: 
 * /map [nav_msgs/OccupancyGrid]
 * /map_updates [unknown type]
 * /move_base/cancel [unknown type]
 * /move_base/global_costmap/footprint [geometry_msgs/PolygonStamped]
 * /move_base/goal [move_base_msgs/MoveBaseActionGoal]
 * /move_base/local_costmap/footprint [geometry_msgs/PolygonStamped]
 * /move_base_simple/goal [unknown type]
 * /rf2o_laser_odometry/odom [nav_msgs/Odometry]
 * /scan [sensor_msgs/LaserScan]
 * /tf [tf2_msgs/TFMessage]
 * /tf_static [unknown type]

Services: 
 * /move_base/DWAPlannerROS/set_parameters
 * /move_base/NavfnROS/make_plan
 * /move_base/clear_costmaps
 * /move_base/get_loggers
 * /move_base/global_costmap/inflation/set_parameters
 * /move_base/global_costmap/sensor/set_parameters
 * /move_base/global_costmap/set_parameters
 * /move_base/global_costmap/static/set_parameters
 * /move_base/local_costmap/inflation/set_parameters
 * /move_base/local_costmap/sensor/set_parameters
 * /move_base/local_costmap/set_parameters
 * /move_base/make_plan
 * /move_base/set_logger_level
 * /move_base/set_parameters


contacting node http://knightcar.local:38028/ ...
Pid: 18523
Connections:
 * topic: /rosout
    * to: /rosout
    * direction: outbound
    * transport: TCPROS
 * topic: /move_base/goal
    * to: /move_base
    * direction: outbound
    * transport: INTRAPROCESS
 * topic: /tf
    * to: /base_link2laser_link (http://knightcar.local:44049/)
    * direction: inbound
    * transport: TCPROS
 * topic: /tf
    * to: /base_footprint2base_link (http://knightcar.local:35571/)
    * direction: inbound
    * transport: TCPROS
 * topic: /tf
    * to: /amcl (http://knightcar.local:34679/)
    * direction: inbound
    * transport: TCPROS
 * topic: /tf
    * to: /rf2o_laser_odometry (http://knightcar.local:42014/)
    * direction: inbound
    * transport: TCPROS
 * topic: /map
    * to: /map_server (http://knightcar.local:43979/)
    * direction: inbound
    * transport: TCPROS
 * topic: /scan
    * to: /ydlidar_node (http://knightcar.local:44861/)
    * direction: inbound
    * transport: TCPROS
 * topic: /rf2o_laser_odometry/odom
    * to: /rf2o_laser_odometry (http://knightcar.local:42014/)
    * direction: inbound
    * transport: TCPROS
 * topic: /move_base/goal
    * to: /move_base (http://knightcar.local:38028/)
    * direction: inbound
    * transport: INTRAPROCESS

[NODE=/rf2o_laser_odometry]$rosnode info /rf2o_laser_odometry =====>
--------------------------------------------------------------------------------
Node [/rf2o_laser_odometry]
Publications: 
 * /rf2o_laser_odometry/odom [nav_msgs/Odometry]
 * /rosout [rosgraph_msgs/Log]
 * /tf [tf2_msgs/TFMessage]

Subscriptions: 
 * /scan [sensor_msgs/LaserScan]
 * /tf [tf2_msgs/TFMessage]
 * /tf_static [unknown type]

Services: 
 * /rf2o_laser_odometry/get_loggers
 * /rf2o_laser_odometry/set_logger_level


contacting node http://knightcar.local:42014/ ...
Pid: 18513
Connections:
 * topic: /rosout
    * to: /rosout
    * direction: outbound
    * transport: TCPROS
 * topic: /tf
    * to: /rf2o_laser_odometry
    * direction: outbound
    * transport: INTRAPROCESS
 * topic: /tf
    * to: /move_base
    * direction: outbound
    * transport: TCPROS
 * topic: /tf
    * to: /amcl
    * direction: outbound
    * transport: TCPROS
 * topic: /rf2o_laser_odometry/odom
    * to: /move_base
    * direction: outbound
    * transport: TCPROS
 * topic: /tf
    * to: /rf2o_laser_odometry (http://knightcar.local:42014/)
    * direction: inbound
    * transport: INTRAPROCESS
 * topic: /tf
    * to: /base_link2laser_link (http://knightcar.local:44049/)
    * direction: inbound
    * transport: TCPROS
 * topic: /tf
    * to: /base_footprint2base_link (http://knightcar.local:35571/)
    * direction: inbound
    * transport: TCPROS
 * topic: /tf
    * to: /amcl (http://knightcar.local:34679/)
    * direction: inbound
    * transport: TCPROS
 * topic: /scan
    * to: /ydlidar_node (http://knightcar.local:44861/)
    * direction: inbound
    * transport: TCPROS

[NODE=/rosout]$rosnode info /rosout =====>
--------------------------------------------------------------------------------
Node [/rosout]
Publications: 
 * /rosout_agg [rosgraph_msgs/Log]

Subscriptions: 
 * /rosout [rosgraph_msgs/Log]

Services: 
 * /rosout/get_loggers
 * /rosout/set_logger_level


contacting node http://knightcar.local:44480/ ...
Pid: 18430
Connections:
 * topic: /rosout
    * to: /base_link2laser_link (http://knightcar.local:44049/)
    * direction: inbound
    * transport: TCPROS
 * topic: /rosout
    * to: /map_server (http://knightcar.local:43979/)
    * direction: inbound
    * transport: TCPROS
 * topic: /rosout
    * to: /base_footprint2base_link (http://knightcar.local:35571/)
    * direction: inbound
    * transport: TCPROS
 * topic: /rosout
    * to: /ydlidar_node (http://knightcar.local:44861/)
    * direction: inbound
    * transport: TCPROS
 * topic: /rosout
    * to: /amcl (http://knightcar.local:34679/)
    * direction: inbound
    * transport: TCPROS
 * topic: /rosout
    * to: /move_base (http://knightcar.local:38028/)
    * direction: inbound
    * transport: TCPROS
 * topic: /rosout
    * to: /rf2o_laser_odometry (http://knightcar.local:42014/)
    * direction: inbound
    * transport: TCPROS

[NODE=/ydlidar_node]$rosnode info /ydlidar_node =====>
--------------------------------------------------------------------------------
Node [/ydlidar_node]
Publications: 
 * /rosout [rosgraph_msgs/Log]
 * /scan [sensor_msgs/LaserScan]

Subscriptions: None

Services: 
 * /ydlidar_node/get_loggers
 * /ydlidar_node/set_logger_level


contacting node http://knightcar.local:44861/ ...
Pid: 18473
Connections:
 * topic: /rosout
    * to: /rosout
    * direction: outbound
    * transport: TCPROS
 * topic: /scan
    * to: /amcl
    * direction: outbound
    * transport: TCPROS
 * topic: /scan
    * to: /rf2o_laser_odometry
    * direction: outbound
    * transport: TCPROS
 * topic: /scan
    * to: /move_base
    * direction: outbound
    * transport: TCPROS

[TOPIC_LIST]$rostopic list =====>
/amcl/parameter_descriptions
/amcl/parameter_updates
/amcl_pose
/cmd_vel
/initialpose
/map
/map_metadata
/map_updates
/move_base/DWAPlannerROS/cost_cloud
/move_base/DWAPlannerROS/global_plan
/move_base/DWAPlannerROS/local_plan
/move_base/DWAPlannerROS/parameter_descriptions
/move_base/DWAPlannerROS/parameter_updates
/move_base/DWAPlannerROS/trajectory_cloud
/move_base/NavfnROS/plan
/move_base/cancel
/move_base/current_goal
/move_base/feedback
/move_base/global_costmap/costmap
/move_base/global_costmap/costmap_updates
/move_base/global_costmap/footprint
/move_base/global_costmap/inflation/parameter_descriptions
/move_base/global_costmap/inflation/parameter_updates
/move_base/global_costmap/parameter_descriptions
/move_base/global_costmap/parameter_updates
/move_base/global_costmap/sensor/parameter_descriptions
/move_base/global_costmap/sensor/parameter_updates
/move_base/global_costmap/static/parameter_descriptions
/move_base/global_costmap/static/parameter_updates
/move_base/goal
/move_base/local_costmap/costmap
/move_base/local_costmap/costmap_updates
/move_base/local_costmap/footprint
/move_base/local_costmap/inflation/parameter_descriptions
/move_base/local_costmap/inflation/parameter_updates
/move_base/local_costmap/parameter_descriptions
/move_base/local_costmap/parameter_updates
/move_base/local_costmap/sensor/parameter_descriptions
/move_base/local_costmap/sensor/parameter_updates
/move_base/parameter_descriptions
/move_base/parameter_updates
/move_base/result
/move_base/status
/move_base_simple/goal
/particlecloud
/rf2o_laser_odometry/odom
/rosout
/rosout_agg
/scan
/tf
/tf_static
[TOPIC=/amcl/parameter_descriptions]$rostopic info /amcl/parameter_descriptions =====>
Type: dynamic_reconfigure/ConfigDescription

Publishers: 
 * /amcl (http://knightcar.local:34679/)

Subscribers: None


[TOPIC_HZ=/amcl/parameter_descriptions]$timeout 1 rostopic hz /amcl/parameter_descriptions =====>
subscribed to [/amcl/parameter_descriptions]
no new messages
[TOPIC_TYPE=dynamic_reconfigure/ConfigDescription]$rosmsg show dynamic_reconfigure/ConfigDescription =====>
dynamic_reconfigure/Group[] groups
  string name
  string type
  dynamic_reconfigure/ParamDescription[] parameters
    string name
    string type
    uint32 level
    string description
    string edit_method
  int32 parent
  int32 id
dynamic_reconfigure/Config max
  dynamic_reconfigure/BoolParameter[] bools
    string name
    bool value
  dynamic_reconfigure/IntParameter[] ints
    string name
    int32 value
  dynamic_reconfigure/StrParameter[] strs
    string name
    string value
  dynamic_reconfigure/DoubleParameter[] doubles
    string name
    float64 value
  dynamic_reconfigure/GroupState[] groups
    string name
    bool state
    int32 id
    int32 parent
dynamic_reconfigure/Config min
  dynamic_reconfigure/BoolParameter[] bools
    string name
    bool value
  dynamic_reconfigure/IntParameter[] ints
    string name
    int32 value
  dynamic_reconfigure/StrParameter[] strs
    string name
    string value
  dynamic_reconfigure/DoubleParameter[] doubles
    string name
    float64 value
  dynamic_reconfigure/GroupState[] groups
    string name
    bool state
    int32 id
    int32 parent
dynamic_reconfigure/Config dflt
  dynamic_reconfigure/BoolParameter[] bools
    string name
    bool value
  dynamic_reconfigure/IntParameter[] ints
    string name
    int32 value
  dynamic_reconfigure/StrParameter[] strs
    string name
    string value
  dynamic_reconfigure/DoubleParameter[] doubles
    string name
    float64 value
  dynamic_reconfigure/GroupState[] groups
    string name
    bool state
    int32 id
    int32 parent

[TOPIC=/amcl/parameter_updates]$rostopic info /amcl/parameter_updates =====>
Type: dynamic_reconfigure/Config

Publishers: 
 * /amcl (http://knightcar.local:34679/)

Subscribers: None


[TOPIC_HZ=/amcl/parameter_updates]$timeout 1 rostopic hz /amcl/parameter_updates =====>
subscribed to [/amcl/parameter_updates]
no new messages
[TOPIC_TYPE=dynamic_reconfigure/Config]$rosmsg show dynamic_reconfigure/Config =====>
dynamic_reconfigure/BoolParameter[] bools
  string name
  bool value
dynamic_reconfigure/IntParameter[] ints
  string name
  int32 value
dynamic_reconfigure/StrParameter[] strs
  string name
  string value
dynamic_reconfigure/DoubleParameter[] doubles
  string name
  float64 value
dynamic_reconfigure/GroupState[] groups
  string name
  bool state
  int32 id
  int32 parent

[TOPIC=/amcl_pose]$rostopic info /amcl_pose =====>
Type: geometry_msgs/PoseWithCovarianceStamped

Publishers: 
 * /amcl (http://knightcar.local:34679/)

Subscribers: None


[TOPIC_HZ=/amcl_pose]$timeout 1 rostopic hz /amcl_pose =====>
subscribed to [/amcl_pose]
no new messages
[TOPIC_TYPE=geometry_msgs/PoseWithCovarianceStamped]$rosmsg show geometry_msgs/PoseWithCovarianceStamped =====>
std_msgs/Header header
  uint32 seq
  time stamp
  string frame_id
geometry_msgs/PoseWithCovariance pose
  geometry_msgs/Pose pose
    geometry_msgs/Point position
      float64 x
      float64 y
      float64 z
    geometry_msgs/Quaternion orientation
      float64 x
      float64 y
      float64 z
      float64 w
  float64[36] covariance

[TOPIC=/cmd_vel]$rostopic info /cmd_vel =====>
Type: geometry_msgs/Twist

Publishers: 
 * /move_base (http://knightcar.local:38028/)

Subscribers: None


[TOPIC_HZ=/cmd_vel]$timeout 1 rostopic hz /cmd_vel =====>
subscribed to [/cmd_vel]
no new messages
[TOPIC_TYPE=geometry_msgs/Twist]$rosmsg show geometry_msgs/Twist =====>
geometry_msgs/Vector3 linear
  float64 x
  float64 y
  float64 z
geometry_msgs/Vector3 angular
  float64 x
  float64 y
  float64 z

[TOPIC=/initialpose]$rostopic info /initialpose =====>
Type: geometry_msgs/PoseWithCovarianceStamped

Publishers: None

Subscribers: 
 * /amcl (http://knightcar.local:34679/)


[TOPIC_HZ=/initialpose]$timeout 1 rostopic hz /initialpose =====>
subscribed to [/initialpose]
no new messages
[TOPIC_TYPE=geometry_msgs/PoseWithCovarianceStamped]$rosmsg show geometry_msgs/PoseWithCovarianceStamped =====>
std_msgs/Header header
  uint32 seq
  time stamp
  string frame_id
geometry_msgs/PoseWithCovariance pose
  geometry_msgs/Pose pose
    geometry_msgs/Point position
      float64 x
      float64 y
      float64 z
    geometry_msgs/Quaternion orientation
      float64 x
      float64 y
      float64 z
      float64 w
  float64[36] covariance

[TOPIC=/map]$rostopic info /map =====>
Type: nav_msgs/OccupancyGrid

Publishers: 
 * /map_server (http://knightcar.local:43979/)

Subscribers: 
 * /amcl (http://knightcar.local:34679/)
 * /move_base (http://knightcar.local:38028/)


[TOPIC_HZ=/map]$timeout 1 rostopic hz /map =====>
subscribed to [/map]
no new messages
[TOPIC_TYPE=nav_msgs/OccupancyGrid]$rosmsg show nav_msgs/OccupancyGrid =====>
std_msgs/Header header
  uint32 seq
  time stamp
  string frame_id
nav_msgs/MapMetaData info
  time map_load_time
  float32 resolution
  uint32 width
  uint32 height
  geometry_msgs/Pose origin
    geometry_msgs/Point position
      float64 x
      float64 y
      float64 z
    geometry_msgs/Quaternion orientation
      float64 x
      float64 y
      float64 z
      float64 w
int8[] data

[TOPIC=/map_metadata]$rostopic info /map_metadata =====>
Type: nav_msgs/MapMetaData

Publishers: 
 * /map_server (http://knightcar.local:43979/)

Subscribers: None


[TOPIC_HZ=/map_metadata]$timeout 1 rostopic hz /map_metadata =====>
subscribed to [/map_metadata]
no new messages
[TOPIC_TYPE=nav_msgs/MapMetaData]$rosmsg show nav_msgs/MapMetaData =====>
time map_load_time
float32 resolution
uint32 width
uint32 height
geometry_msgs/Pose origin
  geometry_msgs/Point position
    float64 x
    float64 y
    float64 z
  geometry_msgs/Quaternion orientation
    float64 x
    float64 y
    float64 z
    float64 w

[TOPIC=/map_updates]$rostopic info /map_updates =====>
Type: map_msgs/OccupancyGridUpdate

Publishers: None

Subscribers: 
 * /move_base (http://knightcar.local:38028/)


[TOPIC_HZ=/map_updates]$timeout 1 rostopic hz /map_updates =====>
subscribed to [/map_updates]
no new messages
[TOPIC_TYPE=map_msgs/OccupancyGridUpdate]$rosmsg show map_msgs/OccupancyGridUpdate =====>
std_msgs/Header header
  uint32 seq
  time stamp
  string frame_id
int32 x
int32 y
uint32 width
uint32 height
int8[] data

[TOPIC=/move_base/DWAPlannerROS/cost_cloud]$rostopic info /move_base/DWAPlannerROS/cost_cloud =====>
Type: sensor_msgs/PointCloud2

Publishers: 
 * /move_base (http://knightcar.local:38028/)

Subscribers: None


[TOPIC_HZ=/move_base/DWAPlannerROS/cost_cloud]$timeout 1 rostopic hz /move_base/DWAPlannerROS/cost_cloud =====>
subscribed to [/move_base/DWAPlannerROS/cost_cloud]
no new messages
[TOPIC_TYPE=sensor_msgs/PointCloud2]$rosmsg show sensor_msgs/PointCloud2 =====>
std_msgs/Header header
  uint32 seq
  time stamp
  string frame_id
uint32 height
uint32 width
sensor_msgs/PointField[] fields
  uint8 INT8=1
  uint8 UINT8=2
  uint8 INT16=3
  uint8 UINT16=4
  uint8 INT32=5
  uint8 UINT32=6
  uint8 FLOAT32=7
  uint8 FLOAT64=8
  string name
  uint32 offset
  uint8 datatype
  uint32 count
bool is_bigendian
uint32 point_step
uint32 row_step
uint8[] data
bool is_dense

[TOPIC=/move_base/DWAPlannerROS/global_plan]$rostopic info /move_base/DWAPlannerROS/global_plan =====>
Type: nav_msgs/Path

Publishers: 
 * /move_base (http://knightcar.local:38028/)

Subscribers: None


[TOPIC_HZ=/move_base/DWAPlannerROS/global_plan]$timeout 1 rostopic hz /move_base/DWAPlannerROS/global_plan =====>
subscribed to [/move_base/DWAPlannerROS/global_plan]
no new messages
[TOPIC_TYPE=nav_msgs/Path]$rosmsg show nav_msgs/Path =====>
std_msgs/Header header
  uint32 seq
  time stamp
  string frame_id
geometry_msgs/PoseStamped[] poses
  std_msgs/Header header
    uint32 seq
    time stamp
    string frame_id
  geometry_msgs/Pose pose
    geometry_msgs/Point position
      float64 x
      float64 y
      float64 z
    geometry_msgs/Quaternion orientation
      float64 x
      float64 y
      float64 z
      float64 w

[TOPIC=/move_base/DWAPlannerROS/local_plan]$rostopic info /move_base/DWAPlannerROS/local_plan =====>
Type: nav_msgs/Path

Publishers: 
 * /move_base (http://knightcar.local:38028/)

Subscribers: None


[TOPIC_HZ=/move_base/DWAPlannerROS/local_plan]$timeout 1 rostopic hz /move_base/DWAPlannerROS/local_plan =====>
subscribed to [/move_base/DWAPlannerROS/local_plan]
no new messages
[TOPIC_TYPE=nav_msgs/Path]$rosmsg show nav_msgs/Path =====>
std_msgs/Header header
  uint32 seq
  time stamp
  string frame_id
geometry_msgs/PoseStamped[] poses
  std_msgs/Header header
    uint32 seq
    time stamp
    string frame_id
  geometry_msgs/Pose pose
    geometry_msgs/Point position
      float64 x
      float64 y
      float64 z
    geometry_msgs/Quaternion orientation
      float64 x
      float64 y
      float64 z
      float64 w

[TOPIC=/move_base/DWAPlannerROS/parameter_descriptions]$rostopic info /move_base/DWAPlannerROS/parameter_descriptions =====>
Type: dynamic_reconfigure/ConfigDescription

Publishers: 
 * /move_base (http://knightcar.local:38028/)

Subscribers: None


[TOPIC_HZ=/move_base/DWAPlannerROS/parameter_descriptions]$timeout 1 rostopic hz /move_base/DWAPlannerROS/parameter_descriptions =====>
subscribed to [/move_base/DWAPlannerROS/parameter_descriptions]
no new messages
[TOPIC_TYPE=dynamic_reconfigure/ConfigDescription]$rosmsg show dynamic_reconfigure/ConfigDescription =====>
dynamic_reconfigure/Group[] groups
  string name
  string type
  dynamic_reconfigure/ParamDescription[] parameters
    string name
    string type
    uint32 level
    string description
    string edit_method
  int32 parent
  int32 id
dynamic_reconfigure/Config max
  dynamic_reconfigure/BoolParameter[] bools
    string name
    bool value
  dynamic_reconfigure/IntParameter[] ints
    string name
    int32 value
  dynamic_reconfigure/StrParameter[] strs
    string name
    string value
  dynamic_reconfigure/DoubleParameter[] doubles
    string name
    float64 value
  dynamic_reconfigure/GroupState[] groups
    string name
    bool state
    int32 id
    int32 parent
dynamic_reconfigure/Config min
  dynamic_reconfigure/BoolParameter[] bools
    string name
    bool value
  dynamic_reconfigure/IntParameter[] ints
    string name
    int32 value
  dynamic_reconfigure/StrParameter[] strs
    string name
    string value
  dynamic_reconfigure/DoubleParameter[] doubles
    string name
    float64 value
  dynamic_reconfigure/GroupState[] groups
    string name
    bool state
    int32 id
    int32 parent
dynamic_reconfigure/Config dflt
  dynamic_reconfigure/BoolParameter[] bools
    string name
    bool value
  dynamic_reconfigure/IntParameter[] ints
    string name
    int32 value
  dynamic_reconfigure/StrParameter[] strs
    string name
    string value
  dynamic_reconfigure/DoubleParameter[] doubles
    string name
    float64 value
  dynamic_reconfigure/GroupState[] groups
    string name
    bool state
    int32 id
    int32 parent

[TOPIC=/move_base/DWAPlannerROS/parameter_updates]$rostopic info /move_base/DWAPlannerROS/parameter_updates =====>
Type: dynamic_reconfigure/Config

Publishers: 
 * /move_base (http://knightcar.local:38028/)

Subscribers: None


[TOPIC_HZ=/move_base/DWAPlannerROS/parameter_updates]$timeout 1 rostopic hz /move_base/DWAPlannerROS/parameter_updates =====>
subscribed to [/move_base/DWAPlannerROS/parameter_updates]
no new messages
[TOPIC_TYPE=dynamic_reconfigure/Config]$rosmsg show dynamic_reconfigure/Config =====>
dynamic_reconfigure/BoolParameter[] bools
  string name
  bool value
dynamic_reconfigure/IntParameter[] ints
  string name
  int32 value
dynamic_reconfigure/StrParameter[] strs
  string name
  string value
dynamic_reconfigure/DoubleParameter[] doubles
  string name
  float64 value
dynamic_reconfigure/GroupState[] groups
  string name
  bool state
  int32 id
  int32 parent

[TOPIC=/move_base/DWAPlannerROS/trajectory_cloud]$rostopic info /move_base/DWAPlannerROS/trajectory_cloud =====>
Type: sensor_msgs/PointCloud2

Publishers: 
 * /move_base (http://knightcar.local:38028/)

Subscribers: None


[TOPIC_HZ=/move_base/DWAPlannerROS/trajectory_cloud]$timeout 1 rostopic hz /move_base/DWAPlannerROS/trajectory_cloud =====>
subscribed to [/move_base/DWAPlannerROS/trajectory_cloud]
no new messages
[TOPIC_TYPE=sensor_msgs/PointCloud2]$rosmsg show sensor_msgs/PointCloud2 =====>
std_msgs/Header header
  uint32 seq
  time stamp
  string frame_id
uint32 height
uint32 width
sensor_msgs/PointField[] fields
  uint8 INT8=1
  uint8 UINT8=2
  uint8 INT16=3
  uint8 UINT16=4
  uint8 INT32=5
  uint8 UINT32=6
  uint8 FLOAT32=7
  uint8 FLOAT64=8
  string name
  uint32 offset
  uint8 datatype
  uint32 count
bool is_bigendian
uint32 point_step
uint32 row_step
uint8[] data
bool is_dense

[TOPIC=/move_base/NavfnROS/plan]$rostopic info /move_base/NavfnROS/plan =====>
Type: nav_msgs/Path

Publishers: 
 * /move_base (http://knightcar.local:38028/)

Subscribers: None


[TOPIC_HZ=/move_base/NavfnROS/plan]$timeout 1 rostopic hz /move_base/NavfnROS/plan =====>
subscribed to [/move_base/NavfnROS/plan]
no new messages
[TOPIC_TYPE=nav_msgs/Path]$rosmsg show nav_msgs/Path =====>
std_msgs/Header header
  uint32 seq
  time stamp
  string frame_id
geometry_msgs/PoseStamped[] poses
  std_msgs/Header header
    uint32 seq
    time stamp
    string frame_id
  geometry_msgs/Pose pose
    geometry_msgs/Point position
      float64 x
      float64 y
      float64 z
    geometry_msgs/Quaternion orientation
      float64 x
      float64 y
      float64 z
      float64 w

[TOPIC=/move_base/cancel]$rostopic info /move_base/cancel =====>
Type: actionlib_msgs/GoalID

Publishers: None

Subscribers: 
 * /move_base (http://knightcar.local:38028/)


[TOPIC_HZ=/move_base/cancel]$timeout 1 rostopic hz /move_base/cancel =====>
subscribed to [/move_base/cancel]
no new messages
[TOPIC_TYPE=actionlib_msgs/GoalID]$rosmsg show actionlib_msgs/GoalID =====>
time stamp
string id

[TOPIC=/move_base/current_goal]$rostopic info /move_base/current_goal =====>
Type: geometry_msgs/PoseStamped

Publishers: 
 * /move_base (http://knightcar.local:38028/)

Subscribers: None


[TOPIC_HZ=/move_base/current_goal]$timeout 1 rostopic hz /move_base/current_goal =====>
subscribed to [/move_base/current_goal]
no new messages
[TOPIC_TYPE=geometry_msgs/PoseStamped]$rosmsg show geometry_msgs/PoseStamped =====>
std_msgs/Header header
  uint32 seq
  time stamp
  string frame_id
geometry_msgs/Pose pose
  geometry_msgs/Point position
    float64 x
    float64 y
    float64 z
  geometry_msgs/Quaternion orientation
    float64 x
    float64 y
    float64 z
    float64 w

[TOPIC=/move_base/feedback]$rostopic info /move_base/feedback =====>
Type: move_base_msgs/MoveBaseActionFeedback

Publishers: 
 * /move_base (http://knightcar.local:38028/)

Subscribers: None


[TOPIC_HZ=/move_base/feedback]$timeout 1 rostopic hz /move_base/feedback =====>
subscribed to [/move_base/feedback]
no new messages
[TOPIC_TYPE=move_base_msgs/MoveBaseActionFeedback]$rosmsg show move_base_msgs/MoveBaseActionFeedback =====>
std_msgs/Header header
  uint32 seq
  time stamp
  string frame_id
actionlib_msgs/GoalStatus status
  uint8 PENDING=0
  uint8 ACTIVE=1
  uint8 PREEMPTED=2
  uint8 SUCCEEDED=3
  uint8 ABORTED=4
  uint8 REJECTED=5
  uint8 PREEMPTING=6
  uint8 RECALLING=7
  uint8 RECALLED=8
  uint8 LOST=9
  actionlib_msgs/GoalID goal_id
    time stamp
    string id
  uint8 status
  string text
move_base_msgs/MoveBaseFeedback feedback
  geometry_msgs/PoseStamped base_position
    std_msgs/Header header
      uint32 seq
      time stamp
      string frame_id
    geometry_msgs/Pose pose
      geometry_msgs/Point position
        float64 x
        float64 y
        float64 z
      geometry_msgs/Quaternion orientation
        float64 x
        float64 y
        float64 z
        float64 w

[TOPIC=/move_base/global_costmap/costmap]$rostopic info /move_base/global_costmap/costmap =====>
Type: nav_msgs/OccupancyGrid

Publishers: 
 * /move_base (http://knightcar.local:38028/)

Subscribers: None


[TOPIC_HZ=/move_base/global_costmap/costmap]$timeout 1 rostopic hz /move_base/global_costmap/costmap =====>
subscribed to [/move_base/global_costmap/costmap]
no new messages
[TOPIC_TYPE=nav_msgs/OccupancyGrid]$rosmsg show nav_msgs/OccupancyGrid =====>
std_msgs/Header header
  uint32 seq
  time stamp
  string frame_id
nav_msgs/MapMetaData info
  time map_load_time
  float32 resolution
  uint32 width
  uint32 height
  geometry_msgs/Pose origin
    geometry_msgs/Point position
      float64 x
      float64 y
      float64 z
    geometry_msgs/Quaternion orientation
      float64 x
      float64 y
      float64 z
      float64 w
int8[] data

[TOPIC=/move_base/global_costmap/costmap_updates]$rostopic info /move_base/global_costmap/costmap_updates =====>
Type: map_msgs/OccupancyGridUpdate

Publishers: 
 * /move_base (http://knightcar.local:38028/)

Subscribers: None


[TOPIC_HZ=/move_base/global_costmap/costmap_updates]$timeout 1 rostopic hz /move_base/global_costmap/costmap_updates =====>
subscribed to [/move_base/global_costmap/costmap_updates]
no new messages
[TOPIC_TYPE=map_msgs/OccupancyGridUpdate]$rosmsg show map_msgs/OccupancyGridUpdate =====>
std_msgs/Header header
  uint32 seq
  time stamp
  string frame_id
int32 x
int32 y
uint32 width
uint32 height
int8[] data

[TOPIC=/move_base/global_costmap/footprint]$rostopic info /move_base/global_costmap/footprint =====>
Type: geometry_msgs/PolygonStamped

Publishers: 
 * /move_base (http://knightcar.local:38028/)

Subscribers: 
 * /move_base (http://knightcar.local:38028/)


[TOPIC_HZ=/move_base/global_costmap/footprint]$timeout 1 rostopic hz /move_base/global_costmap/footprint =====>
subscribed to [/move_base/global_costmap/footprint]
average rate: 5.012
	min: 0.200s max: 0.200s std dev: 0.00000s window: 3
[TOPIC_TYPE=geometry_msgs/PolygonStamped]$rosmsg show geometry_msgs/PolygonStamped =====>
std_msgs/Header header
  uint32 seq
  time stamp
  string frame_id
geometry_msgs/Polygon polygon
  geometry_msgs/Point32[] points
    float32 x
    float32 y
    float32 z

[TOPIC=/move_base/global_costmap/inflation/parameter_descriptions]$rostopic info /move_base/global_costmap/inflation/parameter_descriptions =====>
Type: dynamic_reconfigure/ConfigDescription

Publishers: 
 * /move_base (http://knightcar.local:38028/)

Subscribers: None


[TOPIC_HZ=/move_base/global_costmap/inflation/parameter_descriptions]$timeout 1 rostopic hz /move_base/global_costmap/inflation/parameter_descriptions =====>
subscribed to [/move_base/global_costmap/inflation/parameter_descriptions]
no new messages
[TOPIC_TYPE=dynamic_reconfigure/ConfigDescription]$rosmsg show dynamic_reconfigure/ConfigDescription =====>
dynamic_reconfigure/Group[] groups
  string name
  string type
  dynamic_reconfigure/ParamDescription[] parameters
    string name
    string type
    uint32 level
    string description
    string edit_method
  int32 parent
  int32 id
dynamic_reconfigure/Config max
  dynamic_reconfigure/BoolParameter[] bools
    string name
    bool value
  dynamic_reconfigure/IntParameter[] ints
    string name
    int32 value
  dynamic_reconfigure/StrParameter[] strs
    string name
    string value
  dynamic_reconfigure/DoubleParameter[] doubles
    string name
    float64 value
  dynamic_reconfigure/GroupState[] groups
    string name
    bool state
    int32 id
    int32 parent
dynamic_reconfigure/Config min
  dynamic_reconfigure/BoolParameter[] bools
    string name
    bool value
  dynamic_reconfigure/IntParameter[] ints
    string name
    int32 value
  dynamic_reconfigure/StrParameter[] strs
    string name
    string value
  dynamic_reconfigure/DoubleParameter[] doubles
    string name
    float64 value
  dynamic_reconfigure/GroupState[] groups
    string name
    bool state
    int32 id
    int32 parent
dynamic_reconfigure/Config dflt
  dynamic_reconfigure/BoolParameter[] bools
    string name
    bool value
  dynamic_reconfigure/IntParameter[] ints
    string name
    int32 value
  dynamic_reconfigure/StrParameter[] strs
    string name
    string value
  dynamic_reconfigure/DoubleParameter[] doubles
    string name
    float64 value
  dynamic_reconfigure/GroupState[] groups
    string name
    bool state
    int32 id
    int32 parent

[TOPIC=/move_base/global_costmap/inflation/parameter_updates]$rostopic info /move_base/global_costmap/inflation/parameter_updates =====>
Type: dynamic_reconfigure/Config

Publishers: 
 * /move_base (http://knightcar.local:38028/)

Subscribers: None


[TOPIC_HZ=/move_base/global_costmap/inflation/parameter_updates]$timeout 1 rostopic hz /move_base/global_costmap/inflation/parameter_updates =====>
subscribed to [/move_base/global_costmap/inflation/parameter_updates]
no new messages
[TOPIC_TYPE=dynamic_reconfigure/Config]$rosmsg show dynamic_reconfigure/Config =====>
dynamic_reconfigure/BoolParameter[] bools
  string name
  bool value
dynamic_reconfigure/IntParameter[] ints
  string name
  int32 value
dynamic_reconfigure/StrParameter[] strs
  string name
  string value
dynamic_reconfigure/DoubleParameter[] doubles
  string name
  float64 value
dynamic_reconfigure/GroupState[] groups
  string name
  bool state
  int32 id
  int32 parent

[TOPIC=/move_base/global_costmap/parameter_descriptions]$rostopic info /move_base/global_costmap/parameter_descriptions =====>
Type: dynamic_reconfigure/ConfigDescription

Publishers: 
 * /move_base (http://knightcar.local:38028/)

Subscribers: None


[TOPIC_HZ=/move_base/global_costmap/parameter_descriptions]$timeout 1 rostopic hz /move_base/global_costmap/parameter_descriptions =====>
subscribed to [/move_base/global_costmap/parameter_descriptions]
no new messages
[TOPIC_TYPE=dynamic_reconfigure/ConfigDescription]$rosmsg show dynamic_reconfigure/ConfigDescription =====>
dynamic_reconfigure/Group[] groups
  string name
  string type
  dynamic_reconfigure/ParamDescription[] parameters
    string name
    string type
    uint32 level
    string description
    string edit_method
  int32 parent
  int32 id
dynamic_reconfigure/Config max
  dynamic_reconfigure/BoolParameter[] bools
    string name
    bool value
  dynamic_reconfigure/IntParameter[] ints
    string name
    int32 value
  dynamic_reconfigure/StrParameter[] strs
    string name
    string value
  dynamic_reconfigure/DoubleParameter[] doubles
    string name
    float64 value
  dynamic_reconfigure/GroupState[] groups
    string name
    bool state
    int32 id
    int32 parent
dynamic_reconfigure/Config min
  dynamic_reconfigure/BoolParameter[] bools
    string name
    bool value
  dynamic_reconfigure/IntParameter[] ints
    string name
    int32 value
  dynamic_reconfigure/StrParameter[] strs
    string name
    string value
  dynamic_reconfigure/DoubleParameter[] doubles
    string name
    float64 value
  dynamic_reconfigure/GroupState[] groups
    string name
    bool state
    int32 id
    int32 parent
dynamic_reconfigure/Config dflt
  dynamic_reconfigure/BoolParameter[] bools
    string name
    bool value
  dynamic_reconfigure/IntParameter[] ints
    string name
    int32 value
  dynamic_reconfigure/StrParameter[] strs
    string name
    string value
  dynamic_reconfigure/DoubleParameter[] doubles
    string name
    float64 value
  dynamic_reconfigure/GroupState[] groups
    string name
    bool state
    int32 id
    int32 parent

[TOPIC=/move_base/global_costmap/parameter_updates]$rostopic info /move_base/global_costmap/parameter_updates =====>
Type: dynamic_reconfigure/Config

Publishers: 
 * /move_base (http://knightcar.local:38028/)

Subscribers: None


[TOPIC_HZ=/move_base/global_costmap/parameter_updates]$timeout 1 rostopic hz /move_base/global_costmap/parameter_updates =====>
subscribed to [/move_base/global_costmap/parameter_updates]
no new messages
[TOPIC_TYPE=dynamic_reconfigure/Config]$rosmsg show dynamic_reconfigure/Config =====>
dynamic_reconfigure/BoolParameter[] bools
  string name
  bool value
dynamic_reconfigure/IntParameter[] ints
  string name
  int32 value
dynamic_reconfigure/StrParameter[] strs
  string name
  string value
dynamic_reconfigure/DoubleParameter[] doubles
  string name
  float64 value
dynamic_reconfigure/GroupState[] groups
  string name
  bool state
  int32 id
  int32 parent

[TOPIC=/move_base/global_costmap/sensor/parameter_descriptions]$rostopic info /move_base/global_costmap/sensor/parameter_descriptions =====>
Type: dynamic_reconfigure/ConfigDescription

Publishers: 
 * /move_base (http://knightcar.local:38028/)

Subscribers: None


[TOPIC_HZ=/move_base/global_costmap/sensor/parameter_descriptions]$timeout 1 rostopic hz /move_base/global_costmap/sensor/parameter_descriptions =====>
subscribed to [/move_base/global_costmap/sensor/parameter_descriptions]
no new messages
[TOPIC_TYPE=dynamic_reconfigure/ConfigDescription]$rosmsg show dynamic_reconfigure/ConfigDescription =====>
dynamic_reconfigure/Group[] groups
  string name
  string type
  dynamic_reconfigure/ParamDescription[] parameters
    string name
    string type
    uint32 level
    string description
    string edit_method
  int32 parent
  int32 id
dynamic_reconfigure/Config max
  dynamic_reconfigure/BoolParameter[] bools
    string name
    bool value
  dynamic_reconfigure/IntParameter[] ints
    string name
    int32 value
  dynamic_reconfigure/StrParameter[] strs
    string name
    string value
  dynamic_reconfigure/DoubleParameter[] doubles
    string name
    float64 value
  dynamic_reconfigure/GroupState[] groups
    string name
    bool state
    int32 id
    int32 parent
dynamic_reconfigure/Config min
  dynamic_reconfigure/BoolParameter[] bools
    string name
    bool value
  dynamic_reconfigure/IntParameter[] ints
    string name
    int32 value
  dynamic_reconfigure/StrParameter[] strs
    string name
    string value
  dynamic_reconfigure/DoubleParameter[] doubles
    string name
    float64 value
  dynamic_reconfigure/GroupState[] groups
    string name
    bool state
    int32 id
    int32 parent
dynamic_reconfigure/Config dflt
  dynamic_reconfigure/BoolParameter[] bools
    string name
    bool value
  dynamic_reconfigure/IntParameter[] ints
    string name
    int32 value
  dynamic_reconfigure/StrParameter[] strs
    string name
    string value
  dynamic_reconfigure/DoubleParameter[] doubles
    string name
    float64 value
  dynamic_reconfigure/GroupState[] groups
    string name
    bool state
    int32 id
    int32 parent

[TOPIC=/move_base/global_costmap/sensor/parameter_updates]$rostopic info /move_base/global_costmap/sensor/parameter_updates =====>
Type: dynamic_reconfigure/Config

Publishers: 
 * /move_base (http://knightcar.local:38028/)

Subscribers: None


[TOPIC_HZ=/move_base/global_costmap/sensor/parameter_updates]$timeout 1 rostopic hz /move_base/global_costmap/sensor/parameter_updates =====>
subscribed to [/move_base/global_costmap/sensor/parameter_updates]
no new messages
[TOPIC_TYPE=dynamic_reconfigure/Config]$rosmsg show dynamic_reconfigure/Config =====>
dynamic_reconfigure/BoolParameter[] bools
  string name
  bool value
dynamic_reconfigure/IntParameter[] ints
  string name
  int32 value
dynamic_reconfigure/StrParameter[] strs
  string name
  string value
dynamic_reconfigure/DoubleParameter[] doubles
  string name
  float64 value
dynamic_reconfigure/GroupState[] groups
  string name
  bool state
  int32 id
  int32 parent

[TOPIC=/move_base/global_costmap/static/parameter_descriptions]$rostopic info /move_base/global_costmap/static/parameter_descriptions =====>
Type: dynamic_reconfigure/ConfigDescription

Publishers: 
 * /move_base (http://knightcar.local:38028/)

Subscribers: None


[TOPIC_HZ=/move_base/global_costmap/static/parameter_descriptions]$timeout 1 rostopic hz /move_base/global_costmap/static/parameter_descriptions =====>
subscribed to [/move_base/global_costmap/static/parameter_descriptions]
no new messages
[TOPIC_TYPE=dynamic_reconfigure/ConfigDescription]$rosmsg show dynamic_reconfigure/ConfigDescription =====>
dynamic_reconfigure/Group[] groups
  string name
  string type
  dynamic_reconfigure/ParamDescription[] parameters
    string name
    string type
    uint32 level
    string description
    string edit_method
  int32 parent
  int32 id
dynamic_reconfigure/Config max
  dynamic_reconfigure/BoolParameter[] bools
    string name
    bool value
  dynamic_reconfigure/IntParameter[] ints
    string name
    int32 value
  dynamic_reconfigure/StrParameter[] strs
    string name
    string value
  dynamic_reconfigure/DoubleParameter[] doubles
    string name
    float64 value
  dynamic_reconfigure/GroupState[] groups
    string name
    bool state
    int32 id
    int32 parent
dynamic_reconfigure/Config min
  dynamic_reconfigure/BoolParameter[] bools
    string name
    bool value
  dynamic_reconfigure/IntParameter[] ints
    string name
    int32 value
  dynamic_reconfigure/StrParameter[] strs
    string name
    string value
  dynamic_reconfigure/DoubleParameter[] doubles
    string name
    float64 value
  dynamic_reconfigure/GroupState[] groups
    string name
    bool state
    int32 id
    int32 parent
dynamic_reconfigure/Config dflt
  dynamic_reconfigure/BoolParameter[] bools
    string name
    bool value
  dynamic_reconfigure/IntParameter[] ints
    string name
    int32 value
  dynamic_reconfigure/StrParameter[] strs
    string name
    string value
  dynamic_reconfigure/DoubleParameter[] doubles
    string name
    float64 value
  dynamic_reconfigure/GroupState[] groups
    string name
    bool state
    int32 id
    int32 parent

[TOPIC=/move_base/global_costmap/static/parameter_updates]$rostopic info /move_base/global_costmap/static/parameter_updates =====>
Type: dynamic_reconfigure/Config

Publishers: 
 * /move_base (http://knightcar.local:38028/)

Subscribers: None


[TOPIC_HZ=/move_base/global_costmap/static/parameter_updates]$timeout 1 rostopic hz /move_base/global_costmap/static/parameter_updates =====>
subscribed to [/move_base/global_costmap/static/parameter_updates]
no new messages
[TOPIC_TYPE=dynamic_reconfigure/Config]$rosmsg show dynamic_reconfigure/Config =====>
dynamic_reconfigure/BoolParameter[] bools
  string name
  bool value
dynamic_reconfigure/IntParameter[] ints
  string name
  int32 value
dynamic_reconfigure/StrParameter[] strs
  string name
  string value
dynamic_reconfigure/DoubleParameter[] doubles
  string name
  float64 value
dynamic_reconfigure/GroupState[] groups
  string name
  bool state
  int32 id
  int32 parent

[TOPIC=/move_base/goal]$rostopic info /move_base/goal =====>
Type: move_base_msgs/MoveBaseActionGoal

Publishers: 
 * /move_base (http://knightcar.local:38028/)

Subscribers: 
 * /move_base (http://knightcar.local:38028/)


[TOPIC_HZ=/move_base/goal]$timeout 1 rostopic hz /move_base/goal =====>
subscribed to [/move_base/goal]
no new messages
[TOPIC_TYPE=move_base_msgs/MoveBaseActionGoal]$rosmsg show move_base_msgs/MoveBaseActionGoal =====>
std_msgs/Header header
  uint32 seq
  time stamp
  string frame_id
actionlib_msgs/GoalID goal_id
  time stamp
  string id
move_base_msgs/MoveBaseGoal goal
  geometry_msgs/PoseStamped target_pose
    std_msgs/Header header
      uint32 seq
      time stamp
      string frame_id
    geometry_msgs/Pose pose
      geometry_msgs/Point position
        float64 x
        float64 y
        float64 z
      geometry_msgs/Quaternion orientation
        float64 x
        float64 y
        float64 z
        float64 w

[TOPIC=/move_base/local_costmap/costmap]$rostopic info /move_base/local_costmap/costmap =====>
Type: nav_msgs/OccupancyGrid

Publishers: 
 * /move_base (http://knightcar.local:38028/)

Subscribers: None


[TOPIC_HZ=/move_base/local_costmap/costmap]$timeout 1 rostopic hz /move_base/local_costmap/costmap =====>
subscribed to [/move_base/local_costmap/costmap]
no new messages
[TOPIC_TYPE=nav_msgs/OccupancyGrid]$rosmsg show nav_msgs/OccupancyGrid =====>
std_msgs/Header header
  uint32 seq
  time stamp
  string frame_id
nav_msgs/MapMetaData info
  time map_load_time
  float32 resolution
  uint32 width
  uint32 height
  geometry_msgs/Pose origin
    geometry_msgs/Point position
      float64 x
      float64 y
      float64 z
    geometry_msgs/Quaternion orientation
      float64 x
      float64 y
      float64 z
      float64 w
int8[] data

[TOPIC=/move_base/local_costmap/costmap_updates]$rostopic info /move_base/local_costmap/costmap_updates =====>
Type: map_msgs/OccupancyGridUpdate

Publishers: 
 * /move_base (http://knightcar.local:38028/)

Subscribers: None


[TOPIC_HZ=/move_base/local_costmap/costmap_updates]$timeout 1 rostopic hz /move_base/local_costmap/costmap_updates =====>
subscribed to [/move_base/local_costmap/costmap_updates]
average rate: 4.994
	min: 0.200s max: 0.200s std dev: 0.00000s window: 2
[TOPIC_TYPE=map_msgs/OccupancyGridUpdate]$rosmsg show map_msgs/OccupancyGridUpdate =====>
std_msgs/Header header
  uint32 seq
  time stamp
  string frame_id
int32 x
int32 y
uint32 width
uint32 height
int8[] data

[TOPIC=/move_base/local_costmap/footprint]$rostopic info /move_base/local_costmap/footprint =====>
Type: geometry_msgs/PolygonStamped

Publishers: 
 * /move_base (http://knightcar.local:38028/)

Subscribers: 
 * /move_base (http://knightcar.local:38028/)


[TOPIC_HZ=/move_base/local_costmap/footprint]$timeout 1 rostopic hz /move_base/local_costmap/footprint =====>
subscribed to [/move_base/local_costmap/footprint]
average rate: 10.016
	min: 0.099s max: 0.100s std dev: 0.00029s window: 4
[TOPIC_TYPE=geometry_msgs/PolygonStamped]$rosmsg show geometry_msgs/PolygonStamped =====>
std_msgs/Header header
  uint32 seq
  time stamp
  string frame_id
geometry_msgs/Polygon polygon
  geometry_msgs/Point32[] points
    float32 x
    float32 y
    float32 z

[TOPIC=/move_base/local_costmap/inflation/parameter_descriptions]$rostopic info /move_base/local_costmap/inflation/parameter_descriptions =====>
Type: dynamic_reconfigure/ConfigDescription

Publishers: 
 * /move_base (http://knightcar.local:38028/)

Subscribers: None


[TOPIC_HZ=/move_base/local_costmap/inflation/parameter_descriptions]$timeout 1 rostopic hz /move_base/local_costmap/inflation/parameter_descriptions =====>
subscribed to [/move_base/local_costmap/inflation/parameter_descriptions]
no new messages
[TOPIC_TYPE=dynamic_reconfigure/ConfigDescription]$rosmsg show dynamic_reconfigure/ConfigDescription =====>
dynamic_reconfigure/Group[] groups
  string name
  string type
  dynamic_reconfigure/ParamDescription[] parameters
    string name
    string type
    uint32 level
    string description
    string edit_method
  int32 parent
  int32 id
dynamic_reconfigure/Config max
  dynamic_reconfigure/BoolParameter[] bools
    string name
    bool value
  dynamic_reconfigure/IntParameter[] ints
    string name
    int32 value
  dynamic_reconfigure/StrParameter[] strs
    string name
    string value
  dynamic_reconfigure/DoubleParameter[] doubles
    string name
    float64 value
  dynamic_reconfigure/GroupState[] groups
    string name
    bool state
    int32 id
    int32 parent
dynamic_reconfigure/Config min
  dynamic_reconfigure/BoolParameter[] bools
    string name
    bool value
  dynamic_reconfigure/IntParameter[] ints
    string name
    int32 value
  dynamic_reconfigure/StrParameter[] strs
    string name
    string value
  dynamic_reconfigure/DoubleParameter[] doubles
    string name
    float64 value
  dynamic_reconfigure/GroupState[] groups
    string name
    bool state
    int32 id
    int32 parent
dynamic_reconfigure/Config dflt
  dynamic_reconfigure/BoolParameter[] bools
    string name
    bool value
  dynamic_reconfigure/IntParameter[] ints
    string name
    int32 value
  dynamic_reconfigure/StrParameter[] strs
    string name
    string value
  dynamic_reconfigure/DoubleParameter[] doubles
    string name
    float64 value
  dynamic_reconfigure/GroupState[] groups
    string name
    bool state
    int32 id
    int32 parent

[TOPIC=/move_base/local_costmap/inflation/parameter_updates]$rostopic info /move_base/local_costmap/inflation/parameter_updates =====>
Type: dynamic_reconfigure/Config

Publishers: 
 * /move_base (http://knightcar.local:38028/)

Subscribers: None


[TOPIC_HZ=/move_base/local_costmap/inflation/parameter_updates]$timeout 1 rostopic hz /move_base/local_costmap/inflation/parameter_updates =====>
subscribed to [/move_base/local_costmap/inflation/parameter_updates]
no new messages
[TOPIC_TYPE=dynamic_reconfigure/Config]$rosmsg show dynamic_reconfigure/Config =====>
dynamic_reconfigure/BoolParameter[] bools
  string name
  bool value
dynamic_reconfigure/IntParameter[] ints
  string name
  int32 value
dynamic_reconfigure/StrParameter[] strs
  string name
  string value
dynamic_reconfigure/DoubleParameter[] doubles
  string name
  float64 value
dynamic_reconfigure/GroupState[] groups
  string name
  bool state
  int32 id
  int32 parent

[TOPIC=/move_base/local_costmap/parameter_descriptions]$rostopic info /move_base/local_costmap/parameter_descriptions =====>
Type: dynamic_reconfigure/ConfigDescription

Publishers: 
 * /move_base (http://knightcar.local:38028/)

Subscribers: None


[TOPIC_HZ=/move_base/local_costmap/parameter_descriptions]$timeout 1 rostopic hz /move_base/local_costmap/parameter_descriptions =====>
subscribed to [/move_base/local_costmap/parameter_descriptions]
no new messages
[TOPIC_TYPE=dynamic_reconfigure/ConfigDescription]$rosmsg show dynamic_reconfigure/ConfigDescription =====>
dynamic_reconfigure/Group[] groups
  string name
  string type
  dynamic_reconfigure/ParamDescription[] parameters
    string name
    string type
    uint32 level
    string description
    string edit_method
  int32 parent
  int32 id
dynamic_reconfigure/Config max
  dynamic_reconfigure/BoolParameter[] bools
    string name
    bool value
  dynamic_reconfigure/IntParameter[] ints
    string name
    int32 value
  dynamic_reconfigure/StrParameter[] strs
    string name
    string value
  dynamic_reconfigure/DoubleParameter[] doubles
    string name
    float64 value
  dynamic_reconfigure/GroupState[] groups
    string name
    bool state
    int32 id
    int32 parent
dynamic_reconfigure/Config min
  dynamic_reconfigure/BoolParameter[] bools
    string name
    bool value
  dynamic_reconfigure/IntParameter[] ints
    string name
    int32 value
  dynamic_reconfigure/StrParameter[] strs
    string name
    string value
  dynamic_reconfigure/DoubleParameter[] doubles
    string name
    float64 value
  dynamic_reconfigure/GroupState[] groups
    string name
    bool state
    int32 id
    int32 parent
dynamic_reconfigure/Config dflt
  dynamic_reconfigure/BoolParameter[] bools
    string name
    bool value
  dynamic_reconfigure/IntParameter[] ints
    string name
    int32 value
  dynamic_reconfigure/StrParameter[] strs
    string name
    string value
  dynamic_reconfigure/DoubleParameter[] doubles
    string name
    float64 value
  dynamic_reconfigure/GroupState[] groups
    string name
    bool state
    int32 id
    int32 parent

[TOPIC=/move_base/local_costmap/parameter_updates]$rostopic info /move_base/local_costmap/parameter_updates =====>
Type: dynamic_reconfigure/Config

Publishers: 
 * /move_base (http://knightcar.local:38028/)

Subscribers: None


[TOPIC_HZ=/move_base/local_costmap/parameter_updates]$timeout 1 rostopic hz /move_base/local_costmap/parameter_updates =====>
subscribed to [/move_base/local_costmap/parameter_updates]
no new messages
[TOPIC_TYPE=dynamic_reconfigure/Config]$rosmsg show dynamic_reconfigure/Config =====>
dynamic_reconfigure/BoolParameter[] bools
  string name
  bool value
dynamic_reconfigure/IntParameter[] ints
  string name
  int32 value
dynamic_reconfigure/StrParameter[] strs
  string name
  string value
dynamic_reconfigure/DoubleParameter[] doubles
  string name
  float64 value
dynamic_reconfigure/GroupState[] groups
  string name
  bool state
  int32 id
  int32 parent

[TOPIC=/move_base/local_costmap/sensor/parameter_descriptions]$rostopic info /move_base/local_costmap/sensor/parameter_descriptions =====>
Type: dynamic_reconfigure/ConfigDescription

Publishers: 
 * /move_base (http://knightcar.local:38028/)

Subscribers: None


[TOPIC_HZ=/move_base/local_costmap/sensor/parameter_descriptions]$timeout 1 rostopic hz /move_base/local_costmap/sensor/parameter_descriptions =====>
subscribed to [/move_base/local_costmap/sensor/parameter_descriptions]
no new messages
[TOPIC_TYPE=dynamic_reconfigure/ConfigDescription]$rosmsg show dynamic_reconfigure/ConfigDescription =====>
dynamic_reconfigure/Group[] groups
  string name
  string type
  dynamic_reconfigure/ParamDescription[] parameters
    string name
    string type
    uint32 level
    string description
    string edit_method
  int32 parent
  int32 id
dynamic_reconfigure/Config max
  dynamic_reconfigure/BoolParameter[] bools
    string name
    bool value
  dynamic_reconfigure/IntParameter[] ints
    string name
    int32 value
  dynamic_reconfigure/StrParameter[] strs
    string name
    string value
  dynamic_reconfigure/DoubleParameter[] doubles
    string name
    float64 value
  dynamic_reconfigure/GroupState[] groups
    string name
    bool state
    int32 id
    int32 parent
dynamic_reconfigure/Config min
  dynamic_reconfigure/BoolParameter[] bools
    string name
    bool value
  dynamic_reconfigure/IntParameter[] ints
    string name
    int32 value
  dynamic_reconfigure/StrParameter[] strs
    string name
    string value
  dynamic_reconfigure/DoubleParameter[] doubles
    string name
    float64 value
  dynamic_reconfigure/GroupState[] groups
    string name
    bool state
    int32 id
    int32 parent
dynamic_reconfigure/Config dflt
  dynamic_reconfigure/BoolParameter[] bools
    string name
    bool value
  dynamic_reconfigure/IntParameter[] ints
    string name
    int32 value
  dynamic_reconfigure/StrParameter[] strs
    string name
    string value
  dynamic_reconfigure/DoubleParameter[] doubles
    string name
    float64 value
  dynamic_reconfigure/GroupState[] groups
    string name
    bool state
    int32 id
    int32 parent

[TOPIC=/move_base/local_costmap/sensor/parameter_updates]$rostopic info /move_base/local_costmap/sensor/parameter_updates =====>
Type: dynamic_reconfigure/Config

Publishers: 
 * /move_base (http://knightcar.local:38028/)

Subscribers: None


[TOPIC_HZ=/move_base/local_costmap/sensor/parameter_updates]$timeout 1 rostopic hz /move_base/local_costmap/sensor/parameter_updates =====>
subscribed to [/move_base/local_costmap/sensor/parameter_updates]
no new messages
[TOPIC_TYPE=dynamic_reconfigure/Config]$rosmsg show dynamic_reconfigure/Config =====>
dynamic_reconfigure/BoolParameter[] bools
  string name
  bool value
dynamic_reconfigure/IntParameter[] ints
  string name
  int32 value
dynamic_reconfigure/StrParameter[] strs
  string name
  string value
dynamic_reconfigure/DoubleParameter[] doubles
  string name
  float64 value
dynamic_reconfigure/GroupState[] groups
  string name
  bool state
  int32 id
  int32 parent

[TOPIC=/move_base/parameter_descriptions]$rostopic info /move_base/parameter_descriptions =====>
Type: dynamic_reconfigure/ConfigDescription

Publishers: 
 * /move_base (http://knightcar.local:38028/)

Subscribers: None


[TOPIC_HZ=/move_base/parameter_descriptions]$timeout 1 rostopic hz /move_base/parameter_descriptions =====>
subscribed to [/move_base/parameter_descriptions]
no new messages
[TOPIC_TYPE=dynamic_reconfigure/ConfigDescription]$rosmsg show dynamic_reconfigure/ConfigDescription =====>
dynamic_reconfigure/Group[] groups
  string name
  string type
  dynamic_reconfigure/ParamDescription[] parameters
    string name
    string type
    uint32 level
    string description
    string edit_method
  int32 parent
  int32 id
dynamic_reconfigure/Config max
  dynamic_reconfigure/BoolParameter[] bools
    string name
    bool value
  dynamic_reconfigure/IntParameter[] ints
    string name
    int32 value
  dynamic_reconfigure/StrParameter[] strs
    string name
    string value
  dynamic_reconfigure/DoubleParameter[] doubles
    string name
    float64 value
  dynamic_reconfigure/GroupState[] groups
    string name
    bool state
    int32 id
    int32 parent
dynamic_reconfigure/Config min
  dynamic_reconfigure/BoolParameter[] bools
    string name
    bool value
  dynamic_reconfigure/IntParameter[] ints
    string name
    int32 value
  dynamic_reconfigure/StrParameter[] strs
    string name
    string value
  dynamic_reconfigure/DoubleParameter[] doubles
    string name
    float64 value
  dynamic_reconfigure/GroupState[] groups
    string name
    bool state
    int32 id
    int32 parent
dynamic_reconfigure/Config dflt
  dynamic_reconfigure/BoolParameter[] bools
    string name
    bool value
  dynamic_reconfigure/IntParameter[] ints
    string name
    int32 value
  dynamic_reconfigure/StrParameter[] strs
    string name
    string value
  dynamic_reconfigure/DoubleParameter[] doubles
    string name
    float64 value
  dynamic_reconfigure/GroupState[] groups
    string name
    bool state
    int32 id
    int32 parent

[TOPIC=/move_base/parameter_updates]$rostopic info /move_base/parameter_updates =====>
Type: dynamic_reconfigure/Config

Publishers: 
 * /move_base (http://knightcar.local:38028/)

Subscribers: None


[TOPIC_HZ=/move_base/parameter_updates]$timeout 1 rostopic hz /move_base/parameter_updates =====>
subscribed to [/move_base/parameter_updates]
no new messages
[TOPIC_TYPE=dynamic_reconfigure/Config]$rosmsg show dynamic_reconfigure/Config =====>
dynamic_reconfigure/BoolParameter[] bools
  string name
  bool value
dynamic_reconfigure/IntParameter[] ints
  string name
  int32 value
dynamic_reconfigure/StrParameter[] strs
  string name
  string value
dynamic_reconfigure/DoubleParameter[] doubles
  string name
  float64 value
dynamic_reconfigure/GroupState[] groups
  string name
  bool state
  int32 id
  int32 parent

[TOPIC=/move_base/result]$rostopic info /move_base/result =====>
Type: move_base_msgs/MoveBaseActionResult

Publishers: 
 * /move_base (http://knightcar.local:38028/)

Subscribers: None


[TOPIC_HZ=/move_base/result]$timeout 1 rostopic hz /move_base/result =====>
subscribed to [/move_base/result]
no new messages
[TOPIC_TYPE=move_base_msgs/MoveBaseActionResult]$rosmsg show move_base_msgs/MoveBaseActionResult =====>
std_msgs/Header header
  uint32 seq
  time stamp
  string frame_id
actionlib_msgs/GoalStatus status
  uint8 PENDING=0
  uint8 ACTIVE=1
  uint8 PREEMPTED=2
  uint8 SUCCEEDED=3
  uint8 ABORTED=4
  uint8 REJECTED=5
  uint8 PREEMPTING=6
  uint8 RECALLING=7
  uint8 RECALLED=8
  uint8 LOST=9
  actionlib_msgs/GoalID goal_id
    time stamp
    string id
  uint8 status
  string text
move_base_msgs/MoveBaseResult result

[TOPIC=/move_base/status]$rostopic info /move_base/status =====>
Type: actionlib_msgs/GoalStatusArray

Publishers: 
 * /move_base (http://knightcar.local:38028/)

Subscribers: None


[TOPIC_HZ=/move_base/status]$timeout 1 rostopic hz /move_base/status =====>
subscribed to [/move_base/status]
average rate: 6.299
	min: 0.075s max: 0.201s std dev: 0.05891s window: 4
[TOPIC_TYPE=actionlib_msgs/GoalStatusArray]$rosmsg show actionlib_msgs/GoalStatusArray =====>
std_msgs/Header header
  uint32 seq
  time stamp
  string frame_id
actionlib_msgs/GoalStatus[] status_list
  uint8 PENDING=0
  uint8 ACTIVE=1
  uint8 PREEMPTED=2
  uint8 SUCCEEDED=3
  uint8 ABORTED=4
  uint8 REJECTED=5
  uint8 PREEMPTING=6
  uint8 RECALLING=7
  uint8 RECALLED=8
  uint8 LOST=9
  actionlib_msgs/GoalID goal_id
    time stamp
    string id
  uint8 status
  string text

[TOPIC=/move_base_simple/goal]$rostopic info /move_base_simple/goal =====>
Type: geometry_msgs/PoseStamped

Publishers: None

Subscribers: 
 * /move_base (http://knightcar.local:38028/)


[TOPIC_HZ=/move_base_simple/goal]$timeout 1 rostopic hz /move_base_simple/goal =====>
subscribed to [/move_base_simple/goal]
no new messages
[TOPIC_TYPE=geometry_msgs/PoseStamped]$rosmsg show geometry_msgs/PoseStamped =====>
std_msgs/Header header
  uint32 seq
  time stamp
  string frame_id
geometry_msgs/Pose pose
  geometry_msgs/Point position
    float64 x
    float64 y
    float64 z
  geometry_msgs/Quaternion orientation
    float64 x
    float64 y
    float64 z
    float64 w

[TOPIC=/particlecloud]$rostopic info /particlecloud =====>
Type: geometry_msgs/PoseArray

Publishers: 
 * /amcl (http://knightcar.local:34679/)

Subscribers: None


[TOPIC_HZ=/particlecloud]$timeout 1 rostopic hz /particlecloud =====>
subscribed to [/particlecloud]
no new messages
[TOPIC_TYPE=geometry_msgs/PoseArray]$rosmsg show geometry_msgs/PoseArray =====>
std_msgs/Header header
  uint32 seq
  time stamp
  string frame_id
geometry_msgs/Pose[] poses
  geometry_msgs/Point position
    float64 x
    float64 y
    float64 z
  geometry_msgs/Quaternion orientation
    float64 x
    float64 y
    float64 z
    float64 w

[TOPIC=/rf2o_laser_odometry/odom]$rostopic info /rf2o_laser_odometry/odom =====>
Type: nav_msgs/Odometry

Publishers: 
 * /rf2o_laser_odometry (http://knightcar.local:42014/)

Subscribers: 
 * /move_base (http://knightcar.local:38028/)


[TOPIC_HZ=/rf2o_laser_odometry/odom]$timeout 1 rostopic hz /rf2o_laser_odometry/odom =====>
subscribed to [/rf2o_laser_odometry/odom]
average rate: 7.120
	min: 0.138s max: 0.144s std dev: 0.00246s window: 4
[TOPIC_TYPE=nav_msgs/Odometry]$rosmsg show nav_msgs/Odometry =====>
std_msgs/Header header
  uint32 seq
  time stamp
  string frame_id
string child_frame_id
geometry_msgs/PoseWithCovariance pose
  geometry_msgs/Pose pose
    geometry_msgs/Point position
      float64 x
      float64 y
      float64 z
    geometry_msgs/Quaternion orientation
      float64 x
      float64 y
      float64 z
      float64 w
  float64[36] covariance
geometry_msgs/TwistWithCovariance twist
  geometry_msgs/Twist twist
    geometry_msgs/Vector3 linear
      float64 x
      float64 y
      float64 z
    geometry_msgs/Vector3 angular
      float64 x
      float64 y
      float64 z
  float64[36] covariance

[TOPIC=/rosout]$rostopic info /rosout =====>
Type: rosgraph_msgs/Log

Publishers: 
 * /map_server (http://knightcar.local:43979/)
 * /base_link2laser_link (http://knightcar.local:44049/)
 * /base_footprint2base_link (http://knightcar.local:35571/)
 * /ydlidar_node (http://knightcar.local:44861/)
 * /amcl (http://knightcar.local:34679/)
 * /move_base (http://knightcar.local:38028/)
 * /rf2o_laser_odometry (http://knightcar.local:42014/)

Subscribers: 
 * /rosout (http://knightcar.local:44480/)


[TOPIC_HZ=/rosout]$timeout 1 rostopic hz /rosout =====>
subscribed to [/rosout]
average rate: 18.617
	min: 0.000s max: 0.382s std dev: 0.11840s window: 10
[TOPIC_TYPE=rosgraph_msgs/Log]$rosmsg show rosgraph_msgs/Log =====>
byte DEBUG=1
byte INFO=2
byte WARN=4
byte ERROR=8
byte FATAL=16
std_msgs/Header header
  uint32 seq
  time stamp
  string frame_id
byte level
string name
string msg
string file
string function
uint32 line
string[] topics

[TOPIC=/rosout_agg]$rostopic info /rosout_agg =====>
Type: rosgraph_msgs/Log

Publishers: 
 * /rosout (http://knightcar.local:44480/)

Subscribers: None


[TOPIC_HZ=/rosout_agg]$timeout 1 rostopic hz /rosout_agg =====>
subscribed to [/rosout_agg]
average rate: 14.448
	min: 0.000s max: 0.334s std dev: 0.13239s window: 6
[TOPIC_TYPE=rosgraph_msgs/Log]$rosmsg show rosgraph_msgs/Log =====>
byte DEBUG=1
byte INFO=2
byte WARN=4
byte ERROR=8
byte FATAL=16
std_msgs/Header header
  uint32 seq
  time stamp
  string frame_id
byte level
string name
string msg
string file
string function
uint32 line
string[] topics

[TOPIC=/scan]$rostopic info /scan =====>
Type: sensor_msgs/LaserScan

Publishers: 
 * /ydlidar_node (http://knightcar.local:44861/)

Subscribers: 
 * /amcl (http://knightcar.local:34679/)
 * /rf2o_laser_odometry (http://knightcar.local:42014/)
 * /move_base (http://knightcar.local:38028/)


[TOPIC_HZ=/scan]$timeout 1 rostopic hz /scan =====>
subscribed to [/scan]
average rate: 7.948
	min: 0.121s max: 0.131s std dev: 0.00340s window: 5
[TOPIC_TYPE=sensor_msgs/LaserScan]$rosmsg show sensor_msgs/LaserScan =====>
std_msgs/Header header
  uint32 seq
  time stamp
  string frame_id
float32 angle_min
float32 angle_max
float32 angle_increment
float32 time_increment
float32 scan_time
float32 range_min
float32 range_max
float32[] ranges
float32[] intensities

[TOPIC=/tf]$rostopic info /tf =====>
Type: tf2_msgs/TFMessage

Publishers: 
 * /base_link2laser_link (http://knightcar.local:44049/)
 * /base_footprint2base_link (http://knightcar.local:35571/)
 * /amcl (http://knightcar.local:34679/)
 * /rf2o_laser_odometry (http://knightcar.local:42014/)

Subscribers: 
 * /move_base (http://knightcar.local:38028/)
 * /amcl (http://knightcar.local:34679/)
 * /rf2o_laser_odometry (http://knightcar.local:42014/)


[TOPIC_HZ=/tf]$timeout 1 rostopic hz /tf =====>
subscribed to [/tf]
average rate: 213.453
	min: 0.000s max: 0.008s std dev: 0.00141s window: 106
[TOPIC_TYPE=tf2_msgs/TFMessage]$rosmsg show tf2_msgs/TFMessage =====>
geometry_msgs/TransformStamped[] transforms
  std_msgs/Header header
    uint32 seq
    time stamp
    string frame_id
  string child_frame_id
  geometry_msgs/Transform transform
    geometry_msgs/Vector3 translation
      float64 x
      float64 y
      float64 z
    geometry_msgs/Quaternion rotation
      float64 x
      float64 y
      float64 z
      float64 w

[TOPIC=/tf_static]$rostopic info /tf_static =====>
Type: tf2_msgs/TFMessage

Publishers: None

Subscribers: 
 * /move_base (http://knightcar.local:38028/)
 * /amcl (http://knightcar.local:34679/)
 * /rf2o_laser_odometry (http://knightcar.local:42014/)


[TOPIC_HZ=/tf_static]$timeout 1 rostopic hz /tf_static =====>
subscribed to [/tf_static]
no new messages
[TOPIC_TYPE=tf2_msgs/TFMessage]$rosmsg show tf2_msgs/TFMessage =====>
geometry_msgs/TransformStamped[] transforms
  std_msgs/Header header
    uint32 seq
    time stamp
    string frame_id
  string child_frame_id
  geometry_msgs/Transform transform
    geometry_msgs/Vector3 translation
      float64 x
      float64 y
      float64 z
    geometry_msgs/Quaternion rotation
      float64 x
      float64 y
      float64 z
      float64 w

[BAG]$timeout -s SIGINT 10 rosbag record -a =====>
[0m[ INFO] [1539485197.244523462]: Recording to 2018-10-13-22-46-37.bag.[0m
[0m[ INFO] [1539485197.261267295]: Subscribing to /map_metadata[0m
[0m[ INFO] [1539485197.359842690]: Subscribing to /move_base/global_costmap/costmap_updates[0m
[0m[ INFO] [1539485197.448904268]: Subscribing to /amcl_pose[0m
[0m[ INFO] [1539485197.549757334]: Subscribing to /move_base/current_goal[0m
[0m[ INFO] [1539485197.640610872]: Subscribing to /move_base/parameter_descriptions[0m
[0m[ INFO] [1539485197.734268169]: Subscribing to /move_base/local_costmap/footprint[0m
[0m[ INFO] [1539485197.810905550]: Subscribing to /move_base/feedback[0m
[0m[ INFO] [1539485197.901771693]: Subscribing to /move_base/global_costmap/parameter_updates[0m
[0m[ INFO] [1539485197.998396926]: Subscribing to /move_base/local_costmap/sensor/parameter_updates[0m
[0m[ INFO] [1539485198.084398456]: Subscribing to /rosout_agg[0m
[0m[ INFO] [1539485198.175863703]: Subscribing to /move_base/local_costmap/costmap[0m
[0m[ INFO] [1539485198.250802306]: Subscribing to /move_base/global_costmap/static/parameter_descriptions[0m
[0m[ INFO] [1539485198.337776224]: Subscribing to /scan[0m
[0m[ INFO] [1539485198.430753102]: Subscribing to /move_base/local_costmap/sensor/parameter_descriptions[0m
[0m[ INFO] [1539485198.522995814]: Subscribing to /move_base/status[0m
[0m[ INFO] [1539485198.607649692]: Subscribing to /move_base/local_costmap/costmap_updates[0m
[0m[ INFO] [1539485198.699148382]: Subscribing to /move_base/NavfnROS/plan[0m
[0m[ INFO] [1539485198.790148660]: Subscribing to /move_base/global_costmap/static/parameter_updates[0m
[0m[ INFO] [1539485198.883290967]: Subscribing to /move_base/local_costmap/parameter_descriptions[0m
[0m[ INFO] [1539485198.984330683]: Subscribing to /move_base/DWAPlannerROS/parameter_descriptions[0m
[0m[ INFO] [1539485199.073911002]: Subscribing to /move_base/DWAPlannerROS/trajectory_cloud[0m
[0m[ INFO] [1539485199.171663506]: Subscribing to /move_base/parameter_updates[0m
[0m[ INFO] [1539485199.252767941]: Subscribing to /move_base/local_costmap/inflation/parameter_descriptions[0m
[0m[ INFO] [1539485199.352766255]: Subscribing to /particlecloud[0m
[0m[ INFO] [1539485199.444421249]: Subscribing to /move_base/local_costmap/inflation/parameter_updates[0m
[0m[ INFO] [1539485199.546930958]: Subscribing to /map[0m
[0m[ INFO] [1539485199.640596538]: Subscribing to /move_base/DWAPlannerROS/global_plan[0m
[0m[ INFO] [1539485199.734611439]: Subscribing to /rf2o_laser_odometry/odom[0m
[0m[ INFO] [1539485199.863199554]: Subscribing to /move_base/global_costmap/sensor/parameter_updates[0m
[0m[ INFO] [1539485200.146829497]: Subscribing to /cmd_vel[0m
[0m[ INFO] [1539485200.400925346]: Subscribing to /move_base/DWAPlannerROS/cost_cloud[0m
[0m[ INFO] [1539485200.663832537]: Subscribing to /move_base/global_costmap/footprint[0m
[0m[ INFO] [1539485200.861325634]: Subscribing to /move_base/local_costmap/parameter_updates[0m
[0m[ INFO] [1539485200.958199281]: Subscribing to /rosout[0m
[0m[ INFO] [1539485201.049721679]: Subscribing to /move_base/goal[0m
[0m[ INFO] [1539485201.155760195]: Subscribing to /amcl/parameter_descriptions[0m
[0m[ INFO] [1539485201.247951704]: Subscribing to /tf[0m
[0m[ INFO] [1539485201.367838477]: Subscribing to /move_base/global_costmap/inflation/parameter_updates[0m
[0m[ INFO] [1539485201.462349043]: Subscribing to /amcl/parameter_updates[0m
[0m[ INFO] [1539485201.552188447]: Subscribing to /move_base/DWAPlannerROS/local_plan[0m
[0m[ INFO] [1539485201.652438921]: Subscribing to /move_base/global_costmap/inflation/parameter_descriptions[0m
[0m[ INFO] [1539485201.771391534]: Subscribing to /move_base/result[0m
[0m[ INFO] [1539485201.859097946]: Subscribing to /move_base/global_costmap/sensor/parameter_descriptions[0m
[0m[ INFO] [1539485201.960721126]: Subscribing to /move_base/global_costmap/costmap[0m
[0m[ INFO] [1539485202.071739698]: Subscribing to /move_base/global_costmap/parameter_descriptions[0m
[0m[ INFO] [1539485202.174526735]: Subscribing to /move_base/DWAPlannerROS/parameter_updates[0m
