[rospy.client][INFO] 2018-10-14 10:30:16,609: init_node, name[/knightcar/fsm_node], pid[2036]
[xmlrpc][INFO] 2018-10-14 10:30:16,627: XML-RPC server binding to 0.0.0.0:0
[xmlrpc][INFO] 2018-10-14 10:30:16,630: Started XML-RPC server [http://knightcar.local:44083/]
[rospy.init][INFO] 2018-10-14 10:30:16,633: ROS Slave URI: [http://knightcar.local:44083/]
[rospy.impl.masterslave][INFO] 2018-10-14 10:30:16,635: _ready: http://knightcar.local:44083/
[rospy.registration][INFO] 2018-10-14 10:30:16,640: Registering with master node http://knightcar.local:11311/
[xmlrpc][INFO] 2018-10-14 10:30:16,643: xml rpc node: starting XML-RPC server
[rospy.init][INFO] 2018-10-14 10:30:16,737: registered with master
[rospy.rosout][INFO] 2018-10-14 10:30:16,738: initializing /rosout core topic
[rospy.rosout][INFO] 2018-10-14 10:30:16,751: connected to core topic /rosout
[rospy.simtime][INFO] 2018-10-14 10:30:16,770: /use_sim_time is not set, will not subscribe to simulated time [/clock] topic
[rospy.internal][INFO] 2018-10-14 10:30:17,022: topic[/rosout] adding connection to [/rosout], count 0
[rospy.internal][INFO] 2018-10-14 10:30:17,455: topic[/knightcar/fsm_node/mode] adding connection to [/knightcar/car_cmd_switch_node], count 0
[rospy.internal][INFO] 2018-10-14 10:30:17,839: topic[/knightcar/logic_gate_node/intersection_done_and_not_parallel_autonomy] adding connection to [http://knightcar.local:35908/], count 0
[rospy.internal][INFO] 2018-10-14 10:30:18,116: topic[/knightcar/logic_gate_node/intersection_done_and_parallel_autonomy] adding connection to [http://knightcar.local:35908/], count 0
[rospy.internal][INFO] 2018-10-14 10:30:18,232: topic[/knightcar/joy_mapper_node/joystick_override] adding connection to [http://knightcar.local:42974/], count 0
[rospy.internal][INFO] 2018-10-14 10:30:18,261: topic[/knightcar/joy_mapper_node/start_avoidance] adding connection to [http://knightcar.local:42974/], count 0
[rospy.internal][INFO] 2018-10-14 10:30:18,299: topic[/knightcar/joy_mapper_node/parallel_autonomy] adding connection to [http://knightcar.local:42974/], count 0
[rosout][INFO] 2018-10-14 10:30:18,350: [/knightcar/fsm_node] Initialized.
[rosout][INFO] 2018-10-14 10:30:18,358: [/knightcar/fsm_node] Node vehicle_detector_node is OFF in JOYSTICK_CONTROL
[rosout][INFO] 2018-10-14 10:30:18,363: [/knightcar/fsm_node] Node framerate_high is ON in JOYSTICK_CONTROL
[rosout][INFO] 2018-10-14 10:30:18,379: [/knightcar/fsm_node] Node decoder_node is ON in JOYSTICK_CONTROL
[rosout][INFO] 2018-10-14 10:30:18,385: [/knightcar/fsm_node] Node stop_line_filter_node is ON in JOYSTICK_CONTROL
[rosout][INFO] 2018-10-14 10:30:18,391: [/knightcar/fsm_node] Node lane_filter_node is ON in JOYSTICK_CONTROL
[rosout][INFO] 2018-10-14 10:30:18,396: [/knightcar/fsm_node] Node led_detector_node is OFF in JOYSTICK_CONTROL
[rosout][INFO] 2018-10-14 10:30:18,398: [/knightcar/fsm_node] Node static_object_detector_node is OFF in JOYSTICK_CONTROL
[rosout][INFO] 2018-10-14 10:30:18,401: [/knightcar/fsm_node] Node led_emitter_node is OFF in JOYSTICK_CONTROL
[rosout][INFO] 2018-10-14 10:30:18,410: [/knightcar/fsm_node] Node line_detector_node is ON in JOYSTICK_CONTROL
[rosout][INFO] 2018-10-14 10:30:18,413: [/knightcar/fsm_node] Node apriltag_node is ON in JOYSTICK_CONTROL
[rosout][INFO] 2018-10-14 10:30:18,422: [/knightcar/fsm_node] FSMState: JOYSTICK_CONTROL
[rospy.internal][INFO] 2018-10-14 10:30:19,886: topic[/knightcar/camera_node/framerate_high_switch] adding connection to [/knightcar/camera_node], count 0
[rospy.internal][INFO] 2018-10-14 10:30:20,606: topic[/knightcar/lane_filter_node/switch] adding connection to [/knightcar/lane_filter_node], count 0
[rospy.internal][INFO] 2018-10-14 10:30:21,883: topic[/knightcar/line_detector_node/switch] adding connection to [/knightcar/line_detector_node], count 0
[rosout][WARNING] 2018-10-14 10:41:59,408: Inbound TCP/IP connection failed: connection from sender terminated before handshake header received. 0 bytes were received. Please check sender for additional details.
[rospy.internal][ERROR] 2018-10-14 10:41:59,417: Inbound TCP/IP connection failed:
Traceback (most recent call last):
  File "/opt/ros/kinetic/lib/python2.7/dist-packages/rospy/impl/tcpros_base.py", line 321, in _tcp_server_callback
    header = read_ros_handshake_header(sock, StringIO(), buff_size)
  File "/opt/ros/kinetic/lib/python2.7/dist-packages/rosgraph/network.py", line 364, in read_ros_handshake_header
    raise ROSHandshakeException("connection from sender terminated before handshake header received. %s bytes were received. Please check sender for additional details."%b.tell())
ROSHandshakeException: connection from sender terminated before handshake header received. 0 bytes were received. Please check sender for additional details.

[rospy.internal][INFO] 2018-10-14 10:41:59,422: topic[/knightcar/fsm_node/mode] adding connection to [/knightcar/car_cmd_switch_node], count 1
[rospy.internal][INFO] 2018-10-14 10:41:59,424: topic[/knightcar/fsm_node/mode] removing connection to /knightcar/car_cmd_switch_node
[rospy.internal][INFO] 2018-10-14 10:41:59,439: topic[/knightcar/fsm_node/mode] removing connection to /knightcar/car_cmd_switch_node
[rospy.internal][INFO] 2018-10-14 10:41:59,442: topic[/knightcar/camera_node/framerate_high_switch] removing connection to /knightcar/camera_node
[rospy.core][INFO] 2018-10-14 10:41:59,633: signal_shutdown [signal-2]
[rosout][INFO] 2018-10-14 10:41:59,634: [/knightcar/fsm_node] Shutting down.
[rospy.impl.masterslave][INFO] 2018-10-14 10:41:59,661: external shutdown request from [/rosnode]: user request
[rospy.core][INFO] 2018-10-14 10:41:59,662: signal_shutdown [external shutdown request from [/rosnode]: [user request]]
[rospy.internal][ERROR] 2018-10-14 10:41:59,757: Unable to initiate TCP/IP socket to knightcar.local:42897 (http://knightcar.local:35908/): Traceback (most recent call last):
  File "/opt/ros/kinetic/lib/python2.7/dist-packages/rospy/impl/tcpros_base.py", line 557, in connect
    self.read_header()
  File "/opt/ros/kinetic/lib/python2.7/dist-packages/rospy/impl/tcpros_base.py", line 650, in read_header
    self._validate_header(read_ros_handshake_header(sock, self.read_buff, self.protocol.buff_size))
  File "/opt/ros/kinetic/lib/python2.7/dist-packages/rospy/impl/tcpros_base.py", line 593, in _validate_header
    raise TransportInitError("remote error reported: %s"%header['error'])
TransportInitError: remote error reported: node shutting down

[rospy.internal][ERROR] 2018-10-14 10:41:59,763: Unable to initiate TCP/IP socket to knightcar.local:42897 (http://knightcar.local:35908/): Traceback (most recent call last):
  File "/opt/ros/kinetic/lib/python2.7/dist-packages/rospy/impl/tcpros_base.py", line 557, in connect
    self.read_header()
  File "/opt/ros/kinetic/lib/python2.7/dist-packages/rospy/impl/tcpros_base.py", line 650, in read_header
    self._validate_header(read_ros_handshake_header(sock, self.read_buff, self.protocol.buff_size))
  File "/opt/ros/kinetic/lib/python2.7/dist-packages/rospy/impl/tcpros_base.py", line 593, in _validate_header
    raise TransportInitError("remote error reported: %s"%header['error'])
TransportInitError: remote error reported: node shutting down

[rospy.internal][ERROR] 2018-10-14 10:41:59,894: Unable to initiate TCP/IP socket to knightcar.local:40422 (http://knightcar.local:42974/): Traceback (most recent call last):
  File "/opt/ros/kinetic/lib/python2.7/dist-packages/rospy/impl/tcpros_base.py", line 557, in connect
    self.read_header()
  File "/opt/ros/kinetic/lib/python2.7/dist-packages/rospy/impl/tcpros_base.py", line 650, in read_header
    self._validate_header(read_ros_handshake_header(sock, self.read_buff, self.protocol.buff_size))
  File "/opt/ros/kinetic/lib/python2.7/dist-packages/rospy/impl/tcpros_base.py", line 593, in _validate_header
    raise TransportInitError("remote error reported: %s"%header['error'])
TransportInitError: remote error reported: node shutting down

[rospy.internal][ERROR] 2018-10-14 10:41:59,895: Unable to initiate TCP/IP socket to knightcar.local:40422 (http://knightcar.local:42974/): Traceback (most recent call last):
  File "/opt/ros/kinetic/lib/python2.7/dist-packages/rospy/impl/tcpros_base.py", line 557, in connect
    self.read_header()
  File "/opt/ros/kinetic/lib/python2.7/dist-packages/rospy/impl/tcpros_base.py", line 650, in read_header
    self._validate_header(read_ros_handshake_header(sock, self.read_buff, self.protocol.buff_size))
  File "/opt/ros/kinetic/lib/python2.7/dist-packages/rospy/impl/tcpros_base.py", line 593, in _validate_header
    raise TransportInitError("remote error reported: %s"%header['error'])
TransportInitError: remote error reported: node shutting down

[rospy.internal][INFO] 2018-10-14 10:41:59,917: topic[/rosout] removing connection to /rosout
[rospy.internal][WARNING] 2018-10-14 10:41:59,919: Unknown error initiating TCP/IP socket to knightcar.local:40422 (http://knightcar.local:42974/): Traceback (most recent call last):
  File "/opt/ros/kinetic/lib/python2.7/dist-packages/rospy/impl/tcpros_base.py", line 557, in connect
    self.read_header()
  File "/opt/ros/kinetic/lib/python2.7/dist-packages/rospy/impl/tcpros_base.py", line 650, in read_header
    self._validate_header(read_ros_handshake_header(sock, self.read_buff, self.protocol.buff_size))
  File "/opt/ros/kinetic/lib/python2.7/dist-packages/rosgraph/network.py", line 364, in read_ros_handshake_header
    raise ROSHandshakeException("connection from sender terminated before handshake header received. %s bytes were received. Please check sender for additional details."%b.tell())
ROSHandshakeException: connection from sender terminated before handshake header received. 0 bytes were received. Please check sender for additional details.

[rospy.internal][INFO] 2018-10-14 10:41:59,920: topic[/knightcar/joy_mapper_node/parallel_autonomy] removing connection to http://knightcar.local:42974/
[rospy.internal][INFO] 2018-10-14 10:41:59,920: topic[/knightcar/line_detector_node/switch] removing connection to /knightcar/line_detector_node
[rospy.internal][INFO] 2018-10-14 10:41:59,923: topic[/knightcar/lane_filter_node/switch] removing connection to /knightcar/lane_filter_node
[rospy.internal][INFO] 2018-10-14 10:41:59,925: topic[/knightcar/joy_mapper_node/start_avoidance] removing connection to http://knightcar.local:42974/
[rospy.internal][INFO] 2018-10-14 10:41:59,926: topic[/knightcar/joy_mapper_node/joystick_override] removing connection to http://knightcar.local:42974/
[rospy.internal][INFO] 2018-10-14 10:41:59,927: topic[/knightcar/logic_gate_node/intersection_done_and_not_parallel_autonomy] removing connection to http://knightcar.local:35908/
[rospy.internal][INFO] 2018-10-14 10:41:59,929: topic[/knightcar/logic_gate_node/intersection_done_and_parallel_autonomy] removing connection to http://knightcar.local:35908/
[rospy.core][INFO] 2018-10-14 10:42:00,295: signal_shutdown [atexit]
