[rospy.client][INFO] 2018-10-14 10:30:20,115: init_node, name[/knightcar/lane_filter_node], pid[2063]
[xmlrpc][INFO] 2018-10-14 10:30:20,117: XML-RPC server binding to 0.0.0.0:0
[xmlrpc][INFO] 2018-10-14 10:30:20,118: Started XML-RPC server [http://knightcar.local:36726/]
[rospy.init][INFO] 2018-10-14 10:30:20,119: ROS Slave URI: [http://knightcar.local:36726/]
[rospy.impl.masterslave][INFO] 2018-10-14 10:30:20,119: _ready: http://knightcar.local:36726/
[xmlrpc][INFO] 2018-10-14 10:30:20,121: xml rpc node: starting XML-RPC server
[rospy.registration][INFO] 2018-10-14 10:30:20,123: Registering with master node http://knightcar.local:11311/
[rospy.init][INFO] 2018-10-14 10:30:20,220: registered with master
[rospy.rosout][INFO] 2018-10-14 10:30:20,221: initializing /rosout core topic
[rospy.rosout][INFO] 2018-10-14 10:30:20,235: connected to core topic /rosout
[rospy.simtime][INFO] 2018-10-14 10:30:20,242: /use_sim_time is not set, will not subscribe to simulated time [/clock] topic
[rospy.internal][INFO] 2018-10-14 10:30:20,532: topic[/rosout] adding connection to [/rosout], count 0
[rospy.internal][INFO] 2018-10-14 10:30:20,571: topic[/knightcar/lane_filter_node/lane_pose] adding connection to [/knightcar/lane_controller_node], count 0
[rospy.internal][INFO] 2018-10-14 10:30:20,587: topic[/knightcar/ground_projection/lineseglist_out] adding connection to [http://knightcar.local:40085/], count 0
[rospy.internal][INFO] 2018-10-14 10:30:20,599: topic[/knightcar/lane_filter_node/switch] adding connection to [http://knightcar.local:44083/], count 0
[rospy.internal][INFO] 2018-10-14 10:30:21,000: topic[/knightcar/lane_filter_node/lane_pose] adding connection to [/knightcar/lane_pose_visualizer_node], count 1
[rospy.core][INFO] 2018-10-14 10:41:59,566: signal_shutdown [signal-2]
[rosout][INFO] 2018-10-14 10:41:59,567: [LaneFilterNode] Shutdown.
[rospy.internal][INFO] 2018-10-14 10:41:59,593: topic[/knightcar/lane_filter_node/lane_pose] removing connection to /knightcar/lane_controller_node
[rospy.internal][INFO] 2018-10-14 10:41:59,595: topic[/knightcar/lane_filter_node/lane_pose] removing connection to /knightcar/lane_pose_visualizer_node
[rospy.internal][INFO] 2018-10-14 10:41:59,852: topic[/rosout] removing connection to /rosout
[rospy.internal][INFO] 2018-10-14 10:41:59,853: topic[/knightcar/lane_filter_node/switch] removing connection to http://knightcar.local:44083/
[rospy.internal][INFO] 2018-10-14 10:41:59,855: topic[/knightcar/ground_projection/lineseglist_out] removing connection to http://knightcar.local:40085/
[rospy.impl.masterslave][INFO] 2018-10-14 10:41:59,860: signal-2
[rospy.internal][WARNING] 2018-10-14 10:41:59,857: Unknown error initiating TCP/IP socket to knightcar.local:40444 (http://knightcar.local:40085/): Traceback (most recent call last):
  File "/opt/ros/kinetic/lib/python2.7/dist-packages/rospy/impl/tcpros_base.py", line 557, in connect
    self.read_header()
  File "/opt/ros/kinetic/lib/python2.7/dist-packages/rospy/impl/tcpros_base.py", line 650, in read_header
    self._validate_header(read_ros_handshake_header(sock, self.read_buff, self.protocol.buff_size))
  File "/opt/ros/kinetic/lib/python2.7/dist-packages/rosgraph/network.py", line 364, in read_ros_handshake_header
    raise ROSHandshakeException("connection from sender terminated before handshake header received. %s bytes were received. Please check sender for additional details."%b.tell())
ROSHandshakeException: connection from sender terminated before handshake header received. 0 bytes were received. Please check sender for additional details.

[rospy.core][INFO] 2018-10-14 10:42:00,229: signal_shutdown [atexit]
