User defined setting: NODE=/turtlesim, TOPIC=/turtle1/cmd_vel, MSG=geometry_msgs/Twist
[NODE_LIST]$rosnode list =====>
/knightcar/forward_kinematics_node
/knightcar/inverse_kinematics_node
/knightcar/joy
/knightcar/joy_mapper_node
/knightcar/velocity_to_pose_node
/knightcar/wheels_driver_node
/record_1539471631710681623
/rosout
[NODE=/knightcar/forward_kinematics_node]$rosnode info /knightcar/forward_kinematics_node =====>
--------------------------------------------------------------------------------
Node [/knightcar/forward_kinematics_node]
Publications: 
 * /knightcar/forward_kinematics_node/velocity [duckietown_msgs/Twist2DStamped]
 * /rosout [rosgraph_msgs/Log]

Subscriptions: 
 * /knightcar/wheels_driver_node/wheels_cmd_executed [duckietown_msgs/WheelsCmdStamped]

Services: 
 * /knightcar/forward_kinematics_node/get_loggers
 * /knightcar/forward_kinematics_node/set_logger_level


contacting node http://knightcar.local:43084/ ...
Pid: 5215
Connections:
 * topic: /rosout
    * to: /rosout
    * direction: outbound
    * transport: TCPROS
 * topic: /knightcar/forward_kinematics_node/velocity
    * to: /knightcar/velocity_to_pose_node
    * direction: outbound
    * transport: TCPROS
 * topic: /knightcar/wheels_driver_node/wheels_cmd_executed
    * to: /knightcar/wheels_driver_node (http://knightcar.local:45129/)
    * direction: inbound
    * transport: TCPROS

[NODE=/knightcar/inverse_kinematics_node]$rosnode info /knightcar/inverse_kinematics_node =====>
--------------------------------------------------------------------------------
Node [/knightcar/inverse_kinematics_node]
Publications: 
 * /knightcar/wheels_driver_node/wheels_cmd [duckietown_msgs/WheelsCmdStamped]
 * /rosout [rosgraph_msgs/Log]

Subscriptions: 
 * /knightcar/joy_mapper_node/car_cmd [duckietown_msgs/Twist2DStamped]

Services: 
 * /knightcar/inverse_kinematics_node/get_loggers
 * /knightcar/inverse_kinematics_node/save_calibration
 * /knightcar/inverse_kinematics_node/set_baseline
 * /knightcar/inverse_kinematics_node/set_gain
 * /knightcar/inverse_kinematics_node/set_k
 * /knightcar/inverse_kinematics_node/set_limit
 * /knightcar/inverse_kinematics_node/set_logger_level
 * /knightcar/inverse_kinematics_node/set_radius
 * /knightcar/inverse_kinematics_node/set_trim


contacting node http://knightcar.local:33824/ ...
Pid: 5206
Connections:
 * topic: /knightcar/wheels_driver_node/wheels_cmd
    * to: /knightcar/wheels_driver_node
    * direction: outbound
    * transport: TCPROS
 * topic: /rosout
    * to: /rosout
    * direction: outbound
    * transport: TCPROS
 * topic: /knightcar/joy_mapper_node/car_cmd
    * to: /knightcar/joy_mapper_node (http://knightcar.local:35758/)
    * direction: inbound
    * transport: TCPROS

[NODE=/knightcar/joy]$rosnode info /knightcar/joy =====>
--------------------------------------------------------------------------------
Node [/knightcar/joy]
Publications: 
 * /diagnostics [diagnostic_msgs/DiagnosticArray]
 * /knightcar/joy [sensor_msgs/Joy]
 * /rosout [rosgraph_msgs/Log]

Subscriptions: None

Services: 
 * /knightcar/joy/get_loggers
 * /knightcar/joy/set_logger_level


contacting node http://knightcar.local:39553/ ...
Pid: 5199
Connections:
 * topic: /rosout
    * to: /rosout
    * direction: outbound
    * transport: TCPROS
 * topic: /knightcar/joy
    * to: /knightcar/joy_mapper_node
    * direction: outbound
    * transport: TCPROS

[NODE=/knightcar/joy_mapper_node]$rosnode info /knightcar/joy_mapper_node =====>
--------------------------------------------------------------------------------
Node [/knightcar/joy_mapper_node]
Publications: 
 * /knightcar/anti_instagram_node/click [duckietown_msgs/BoolStamped]
 * /knightcar/joy_mapper_node/car_cmd [duckietown_msgs/Twist2DStamped]
 * /knightcar/joy_mapper_node/joystick_override [duckietown_msgs/BoolStamped]
 * /knightcar/joy_mapper_node/parallel_autonomy [duckietown_msgs/BoolStamped]
 * /knightcar/joy_mapper_node/start_avoidance [duckietown_msgs/BoolStamped]
 * /knightcar/wheels_driver_node/emergency_stop [duckietown_msgs/BoolStamped]
 * /rosout [rosgraph_msgs/Log]

Subscriptions: 
 * /knightcar/joy [sensor_msgs/Joy]

Services: 
 * /knightcar/joy_mapper_node/get_loggers
 * /knightcar/joy_mapper_node/set_logger_level


contacting node http://knightcar.local:35758/ ...
Pid: 5200
Connections:
 * topic: /rosout
    * to: /rosout
    * direction: outbound
    * transport: TCPROS
 * topic: /knightcar/wheels_driver_node/emergency_stop
    * to: /knightcar/wheels_driver_node
    * direction: outbound
    * transport: TCPROS
 * topic: /knightcar/joy_mapper_node/car_cmd
    * to: /knightcar/inverse_kinematics_node
    * direction: outbound
    * transport: TCPROS
 * topic: /knightcar/joy
    * to: /knightcar/joy (http://knightcar.local:39553/)
    * direction: inbound
    * transport: TCPROS

[NODE=/knightcar/velocity_to_pose_node]$rosnode info /knightcar/velocity_to_pose_node =====>
--------------------------------------------------------------------------------
Node [/knightcar/velocity_to_pose_node]
Publications: 
 * /knightcar/velocity_to_pose_node/pose [duckietown_msgs/Pose2DStamped]
 * /rosout [rosgraph_msgs/Log]

Subscriptions: 
 * /knightcar/forward_kinematics_node/velocity [duckietown_msgs/Twist2DStamped]

Services: 
 * /knightcar/velocity_to_pose_node/get_loggers
 * /knightcar/velocity_to_pose_node/set_logger_level


contacting node http://knightcar.local:35490/ ...
Pid: 5221
Connections:
 * topic: /rosout
    * to: /rosout
    * direction: outbound
    * transport: TCPROS
 * topic: /knightcar/forward_kinematics_node/velocity
    * to: /knightcar/forward_kinematics_node (http://knightcar.local:43084/)
    * direction: inbound
    * transport: TCPROS

[NODE=/knightcar/wheels_driver_node]$rosnode info /knightcar/wheels_driver_node =====>
--------------------------------------------------------------------------------
Node [/knightcar/wheels_driver_node]
Publications: 
 * /knightcar/wheels_driver_node/wheels_cmd_executed [duckietown_msgs/WheelsCmdStamped]
 * /rosout [rosgraph_msgs/Log]

Subscriptions: 
 * /knightcar/wheels_driver_node/emergency_stop [duckietown_msgs/BoolStamped]
 * /knightcar/wheels_driver_node/wheels_cmd [duckietown_msgs/WheelsCmdStamped]

Services: 
 * /knightcar/wheels_driver_node/get_loggers
 * /knightcar/wheels_driver_node/set_logger_level


contacting node http://knightcar.local:45129/ ...
Pid: 5225
Connections:
 * topic: /rosout
    * to: /rosout
    * direction: outbound
    * transport: TCPROS
 * topic: /knightcar/wheels_driver_node/wheels_cmd_executed
    * to: /knightcar/forward_kinematics_node
    * direction: outbound
    * transport: TCPROS
 * topic: /knightcar/wheels_driver_node/wheels_cmd
    * to: /knightcar/inverse_kinematics_node (http://knightcar.local:33824/)
    * direction: inbound
    * transport: TCPROS
 * topic: /knightcar/wheels_driver_node/emergency_stop
    * to: /knightcar/joy_mapper_node (http://knightcar.local:35758/)
    * direction: inbound
    * transport: TCPROS

[NODE=/record_1539471631710681623]$rosnode info /record_1539471631710681623 =====>
--------------------------------------------------------------------------------
Node [/record_1539471631710681623]
Publications: 
 * /rosout [rosgraph_msgs/Log]

Subscriptions: 
 * /knightcar/forward_kinematics_node/velocity [duckietown_msgs/Twist2DStamped]
 * /knightcar/joy_mapper_node/start_avoidance [duckietown_msgs/BoolStamped]
 * /knightcar/wheels_driver_node/wheels_cmd [duckietown_msgs/WheelsCmdStamped]

Services: 
 * /record_1539471631710681623/get_loggers
 * /record_1539471631710681623/set_logger_level


contacting node http://osboxes:39869/ ...
[NODE=/rosout]$rosnode info /rosout =====>
--------------------------------------------------------------------------------
Node [/rosout]
Publications: 
 * /rosout_agg [rosgraph_msgs/Log]

Subscriptions: 
 * /rosout [rosgraph_msgs/Log]

Services: 
 * /rosout/get_loggers
 * /rosout/set_logger_level


contacting node http://knightcar.local:38628/ ...
Pid: 1923
Connections:
 * topic: /rosout
    * to: /knightcar/joy (http://knightcar.local:39553/)
    * direction: inbound
    * transport: TCPROS
 * topic: /rosout
    * to: /knightcar/joy_mapper_node (http://knightcar.local:35758/)
    * direction: inbound
    * transport: TCPROS
 * topic: /rosout
    * to: /knightcar/inverse_kinematics_node (http://knightcar.local:33824/)
    * direction: inbound
    * transport: TCPROS
 * topic: /rosout
    * to: /knightcar/wheels_driver_node (http://knightcar.local:45129/)
    * direction: inbound
    * transport: TCPROS
 * topic: /rosout
    * to: /knightcar/forward_kinematics_node (http://knightcar.local:43084/)
    * direction: inbound
    * transport: TCPROS
 * topic: /rosout
    * to: /knightcar/velocity_to_pose_node (http://knightcar.local:35490/)
    * direction: inbound
    * transport: TCPROS

[TOPIC_LIST]$rostopic list =====>
/diagnostics
/knightcar/anti_instagram_node/click
/knightcar/forward_kinematics_node/velocity
/knightcar/joy
/knightcar/joy_mapper_node/car_cmd
/knightcar/joy_mapper_node/joystick_override
/knightcar/joy_mapper_node/parallel_autonomy
/knightcar/joy_mapper_node/start_avoidance
/knightcar/velocity_to_pose_node/pose
/knightcar/wheels_driver_node/emergency_stop
/knightcar/wheels_driver_node/wheels_cmd
/knightcar/wheels_driver_node/wheels_cmd_executed
/rosout
/rosout_agg
[TOPIC=/diagnostics]$rostopic info /diagnostics =====>
Type: diagnostic_msgs/DiagnosticArray

Publishers: 
 * /knightcar/joy (http://knightcar.local:39553/)

Subscribers: None


[TOPIC_HZ=/diagnostics]$timeout 1 rostopic hz /diagnostics =====>
subscribed to [/diagnostics]
no new messages
[TOPIC_TYPE=diagnostic_msgs/DiagnosticArray]$rosmsg show diagnostic_msgs/DiagnosticArray =====>
std_msgs/Header header
  uint32 seq
  time stamp
  string frame_id
diagnostic_msgs/DiagnosticStatus[] status
  byte OK=0
  byte WARN=1
  byte ERROR=2
  byte STALE=3
  byte level
  string name
  string message
  string hardware_id
  diagnostic_msgs/KeyValue[] values
    string key
    string value

[TOPIC=/knightcar/anti_instagram_node/click]$rostopic info /knightcar/anti_instagram_node/click =====>
Type: duckietown_msgs/BoolStamped

Publishers: 
 * /knightcar/joy_mapper_node (http://knightcar.local:35758/)

Subscribers: None


[TOPIC_HZ=/knightcar/anti_instagram_node/click]$timeout 1 rostopic hz /knightcar/anti_instagram_node/click =====>
[TOPIC_TYPE=duckietown_msgs/BoolStamped]$rosmsg show duckietown_msgs/BoolStamped =====>
[TOPIC=/knightcar/forward_kinematics_node/velocity]$rostopic info /knightcar/forward_kinematics_node/velocity =====>
Type: duckietown_msgs/Twist2DStamped

Publishers: 
 * /knightcar/forward_kinematics_node (http://knightcar.local:43084/)

Subscribers: 
 * /record_1539471631710681623 (http://osboxes:39869/)
 * /knightcar/velocity_to_pose_node (http://knightcar.local:35490/)


[TOPIC_HZ=/knightcar/forward_kinematics_node/velocity]$timeout 1 rostopic hz /knightcar/forward_kinematics_node/velocity =====>
[TOPIC_TYPE=duckietown_msgs/Twist2DStamped]$rosmsg show duckietown_msgs/Twist2DStamped =====>
[TOPIC=/knightcar/joy]$rostopic info /knightcar/joy =====>
Type: sensor_msgs/Joy

Publishers: 
 * /knightcar/joy (http://knightcar.local:39553/)

Subscribers: 
 * /knightcar/joy_mapper_node (http://knightcar.local:35758/)


[TOPIC_HZ=/knightcar/joy]$timeout 1 rostopic hz /knightcar/joy =====>
subscribed to [/knightcar/joy]
no new messages
[TOPIC_TYPE=sensor_msgs/Joy]$rosmsg show sensor_msgs/Joy =====>
std_msgs/Header header
  uint32 seq
  time stamp
  string frame_id
float32[] axes
int32[] buttons

[TOPIC=/knightcar/joy_mapper_node/car_cmd]$rostopic info /knightcar/joy_mapper_node/car_cmd =====>
Type: duckietown_msgs/Twist2DStamped

Publishers: 
 * /knightcar/joy_mapper_node (http://knightcar.local:35758/)

Subscribers: 
 * /knightcar/inverse_kinematics_node (http://knightcar.local:33824/)


[TOPIC_HZ=/knightcar/joy_mapper_node/car_cmd]$timeout 1 rostopic hz /knightcar/joy_mapper_node/car_cmd =====>
[TOPIC_TYPE=duckietown_msgs/Twist2DStamped]$rosmsg show duckietown_msgs/Twist2DStamped =====>
[TOPIC=/knightcar/joy_mapper_node/joystick_override]$rostopic info /knightcar/joy_mapper_node/joystick_override =====>
Type: duckietown_msgs/BoolStamped

Publishers: 
 * /knightcar/joy_mapper_node (http://knightcar.local:35758/)

Subscribers: None


[TOPIC_HZ=/knightcar/joy_mapper_node/joystick_override]$timeout 1 rostopic hz /knightcar/joy_mapper_node/joystick_override =====>
[TOPIC_TYPE=duckietown_msgs/BoolStamped]$rosmsg show duckietown_msgs/BoolStamped =====>
[TOPIC=/knightcar/joy_mapper_node/parallel_autonomy]$rostopic info /knightcar/joy_mapper_node/parallel_autonomy =====>
Type: duckietown_msgs/BoolStamped

Publishers: 
 * /knightcar/joy_mapper_node (http://knightcar.local:35758/)

Subscribers: None


[TOPIC_HZ=/knightcar/joy_mapper_node/parallel_autonomy]$timeout 1 rostopic hz /knightcar/joy_mapper_node/parallel_autonomy =====>
[TOPIC_TYPE=duckietown_msgs/BoolStamped]$rosmsg show duckietown_msgs/BoolStamped =====>
[TOPIC=/knightcar/joy_mapper_node/start_avoidance]$rostopic info /knightcar/joy_mapper_node/start_avoidance =====>
Type: duckietown_msgs/BoolStamped

Publishers: 
 * /knightcar/joy_mapper_node (http://knightcar.local:35758/)

Subscribers: 
 * /record_1539471631710681623 (http://osboxes:39869/)


[TOPIC_HZ=/knightcar/joy_mapper_node/start_avoidance]$timeout 1 rostopic hz /knightcar/joy_mapper_node/start_avoidance =====>
[TOPIC_TYPE=duckietown_msgs/BoolStamped]$rosmsg show duckietown_msgs/BoolStamped =====>
[TOPIC=/knightcar/velocity_to_pose_node/pose]$rostopic info /knightcar/velocity_to_pose_node/pose =====>
Type: duckietown_msgs/Pose2DStamped

Publishers: 
 * /knightcar/velocity_to_pose_node (http://knightcar.local:35490/)

Subscribers: None


[TOPIC_HZ=/knightcar/velocity_to_pose_node/pose]$timeout 1 rostopic hz /knightcar/velocity_to_pose_node/pose =====>
[TOPIC_TYPE=duckietown_msgs/Pose2DStamped]$rosmsg show duckietown_msgs/Pose2DStamped =====>
[TOPIC=/knightcar/wheels_driver_node/emergency_stop]$rostopic info /knightcar/wheels_driver_node/emergency_stop =====>
Type: duckietown_msgs/BoolStamped

Publishers: 
 * /knightcar/joy_mapper_node (http://knightcar.local:35758/)

Subscribers: 
 * /knightcar/wheels_driver_node (http://knightcar.local:45129/)


[TOPIC_HZ=/knightcar/wheels_driver_node/emergency_stop]$timeout 1 rostopic hz /knightcar/wheels_driver_node/emergency_stop =====>
[TOPIC_TYPE=duckietown_msgs/BoolStamped]$rosmsg show duckietown_msgs/BoolStamped =====>
[TOPIC=/knightcar/wheels_driver_node/wheels_cmd]$rostopic info /knightcar/wheels_driver_node/wheels_cmd =====>
Type: duckietown_msgs/WheelsCmdStamped

Publishers: 
 * /knightcar/inverse_kinematics_node (http://knightcar.local:33824/)

Subscribers: 
 * /record_1539471631710681623 (http://osboxes:39869/)
 * /knightcar/wheels_driver_node (http://knightcar.local:45129/)


[TOPIC_HZ=/knightcar/wheels_driver_node/wheels_cmd]$timeout 1 rostopic hz /knightcar/wheels_driver_node/wheels_cmd =====>
[TOPIC_TYPE=duckietown_msgs/WheelsCmdStamped]$rosmsg show duckietown_msgs/WheelsCmdStamped =====>
[TOPIC=/knightcar/wheels_driver_node/wheels_cmd_executed]$rostopic info /knightcar/wheels_driver_node/wheels_cmd_executed =====>
Type: duckietown_msgs/WheelsCmdStamped

Publishers: 
 * /knightcar/wheels_driver_node (http://knightcar.local:45129/)

Subscribers: 
 * /knightcar/forward_kinematics_node (http://knightcar.local:43084/)


[TOPIC_HZ=/knightcar/wheels_driver_node/wheels_cmd_executed]$timeout 1 rostopic hz /knightcar/wheels_driver_node/wheels_cmd_executed =====>
[TOPIC_TYPE=duckietown_msgs/WheelsCmdStamped]$rosmsg show duckietown_msgs/WheelsCmdStamped =====>
[TOPIC=/rosout]$rostopic info /rosout =====>
Type: rosgraph_msgs/Log

Publishers: 
 * /record_1539471631710681623 (http://osboxes:39869/)
 * /knightcar/joy (http://knightcar.local:39553/)
 * /knightcar/inverse_kinematics_node (http://knightcar.local:33824/)
 * /knightcar/joy_mapper_node (http://knightcar.local:35758/)
 * /knightcar/forward_kinematics_node (http://knightcar.local:43084/)
 * /knightcar/wheels_driver_node (http://knightcar.local:45129/)
 * /knightcar/velocity_to_pose_node (http://knightcar.local:35490/)

Subscribers: 
 * /rosout (http://knightcar.local:38628/)


[TOPIC_HZ=/rosout]$timeout 1 rostopic hz /rosout =====>
subscribed to [/rosout]
average rate: 285.420
	min: 0.000s max: 0.007s std dev: 0.00283s window: 6
[TOPIC_TYPE=rosgraph_msgs/Log]$rosmsg show rosgraph_msgs/Log =====>
byte DEBUG=1
byte INFO=2
byte WARN=4
byte ERROR=8
byte FATAL=16
std_msgs/Header header
  uint32 seq
  time stamp
  string frame_id
byte level
string name
string msg
string file
string function
uint32 line
string[] topics

[TOPIC=/rosout_agg]$rostopic info /rosout_agg =====>
Type: rosgraph_msgs/Log

Publishers: 
 * /rosout (http://knightcar.local:38628/)

Subscribers: None


[TOPIC_HZ=/rosout_agg]$timeout 1 rostopic hz /rosout_agg =====>
subscribed to [/rosout_agg]
no new messages
[TOPIC_TYPE=rosgraph_msgs/Log]$rosmsg show rosgraph_msgs/Log =====>
byte DEBUG=1
byte INFO=2
byte WARN=4
byte ERROR=8
byte FATAL=16
std_msgs/Header header
  uint32 seq
  time stamp
  string frame_id
byte level
string name
string msg
string file
string function
uint32 line
string[] topics

[BAG]$timeout -s SIGINT 10 rosbag record -a =====>
[0m[ INFO] [1539472183.642479527]: Recording to 2018-10-13-19-09-43.bag.[0m
[0m[ INFO] [1539472183.655333828]: Subscribing to /knightcar/wheels_driver_node/wheels_cmd[0m
[0m[ INFO] [1539472183.774862474]: Subscribing to /knightcar/forward_kinematics_node/velocity[0m
[0m[ INFO] [1539472183.870060337]: Subscribing to /knightcar/joy_mapper_node/start_avoidance[0m
[0m[ INFO] [1539472183.967309849]: Subscribing to /knightcar/joy[0m
[0m[ INFO] [1539472184.066442751]: Subscribing to /knightcar/joy_mapper_node/joystick_override[0m
[0m[ INFO] [1539472184.167055479]: Subscribing to /rosout[0m
[0m[ INFO] [1539472184.275786850]: Subscribing to /rosout_agg[0m
[0m[ INFO] [1539472184.446126994]: Subscribing to /knightcar/wheels_driver_node/emergency_stop[0m
[0m[ INFO] [1539472184.565879792]: Subscribing to /knightcar/velocity_to_pose_node/pose[0m
[0m[ INFO] [1539472184.662416207]: Subscribing to /knightcar/anti_instagram_node/click[0m
[0m[ INFO] [1539472184.742634873]: Subscribing to /knightcar/joy_mapper_node/car_cmd[0m
[0m[ INFO] [1539472184.841918246]: Subscribing to /knightcar/joy_mapper_node/parallel_autonomy[0m
[0m[ INFO] [1539472184.935646191]: Subscribing to /diagnostics[0m
[0m[ INFO] [1539472185.036329379]: Subscribing to /knightcar/wheels_driver_node/wheels_cmd_executed[0m
