User defined setting: NODE=/turtlesim, TOPIC=/turtle1/cmd_vel, MSG=geometry_msgs/Twist
[PARAM_DUMP]$rosparam dump debug_ros_param.yaml =====>
[NODE_LIST]$rosnode list =====>
/base_footprint2base_link
/base_link2laser_link
/rf2o_laser_odometry
/rosout
/slam_gmapping
/ydlidar_node
[SRV_LIST]$rossrv list =====>
app_manager/GetAppDetails
app_manager/GetInstallationState
app_manager/InstallApp
app_manager/ListApps
app_manager/StartApp
app_manager/StopApp
app_manager/UninstallApp
astra_camera/GetSerial
capabilities/EstablishBond
capabilities/FreeCapability
capabilities/GetCapabilitySpec
capabilities/GetCapabilitySpecs
capabilities/GetInterfaces
capabilities/GetNodeletManagerName
capabilities/GetProviders
capabilities/GetRemappings
capabilities/GetRunningCapabilities
capabilities/GetSemanticInterfaces
capabilities/StartCapability
capabilities/StopCapability
capabilities/UseCapability
control_msgs/QueryCalibrationState
control_msgs/QueryTrajectoryState
control_toolbox/SetPidGains
controller_manager_msgs/ListControllerTypes
controller_manager_msgs/ListControllers
controller_manager_msgs/LoadController
controller_manager_msgs/ReloadControllerLibraries
controller_manager_msgs/SwitchController
controller_manager_msgs/UnloadController
create_node/SetDigitalOutputs
create_node/SetTurtlebotMode
diagnostic_msgs/AddDiagnostics
diagnostic_msgs/SelfTest
dynamic_reconfigure/Reconfigure
ethercat_hardware/SoftProcessorFirmwareRead
ethercat_hardware/SoftProcessorFirmwareWrite
ethercat_hardware/SoftProcessorReset
ethercat_trigger_controllers/SetMultiWaveform
ethercat_trigger_controllers/SetWaveform
gateway_msgs/Advertise
gateway_msgs/AdvertiseAll
gateway_msgs/ConnectHub
gateway_msgs/Remote
gateway_msgs/RemoteAll
gateway_msgs/RemoteGatewayInfo
gateway_msgs/SetWatcherPeriod
gazebo_msgs/ApplyBodyWrench
gazebo_msgs/ApplyJointEffort
gazebo_msgs/BodyRequest
gazebo_msgs/DeleteLight
gazebo_msgs/DeleteModel
gazebo_msgs/GetJointProperties
gazebo_msgs/GetLightProperties
gazebo_msgs/GetLinkProperties
gazebo_msgs/GetLinkState
gazebo_msgs/GetModelProperties
gazebo_msgs/GetModelState
gazebo_msgs/GetPhysicsProperties
gazebo_msgs/GetWorldProperties
gazebo_msgs/JointRequest
gazebo_msgs/SetJointProperties
gazebo_msgs/SetJointTrajectory
gazebo_msgs/SetLightProperties
gazebo_msgs/SetLinkProperties
gazebo_msgs/SetLinkState
gazebo_msgs/SetModelConfiguration
gazebo_msgs/SetModelState
gazebo_msgs/SetPhysicsProperties
gazebo_msgs/SpawnModel
laser_assembler/AssembleScans
laser_assembler/AssembleScans2
map_msgs/GetMapROI
map_msgs/GetPointMap
map_msgs/GetPointMapROI
map_msgs/ProjectedMapsInfo
map_msgs/SaveMap
map_msgs/SetMapProjections
microstrain_3dmgx2_imu/AddOffset
moveit_msgs/ApplyPlanningScene
moveit_msgs/CheckIfRobotStateExistsInWarehouse
moveit_msgs/DeleteRobotStateFromWarehouse
moveit_msgs/ExecuteKnownTrajectory
moveit_msgs/GetCartesianPath
moveit_msgs/GetMotionPlan
moveit_msgs/GetPlannerParams
moveit_msgs/GetPlanningScene
moveit_msgs/GetPositionFK
moveit_msgs/GetPositionIK
moveit_msgs/GetRobotStateFromWarehouse
moveit_msgs/GetStateValidity
moveit_msgs/GraspPlanning
moveit_msgs/ListRobotStatesInWarehouse
moveit_msgs/LoadMap
moveit_msgs/QueryPlannerInterfaces
moveit_msgs/RenameRobotStateInWarehouse
moveit_msgs/SaveMap
moveit_msgs/SaveRobotStateToWarehouse
moveit_msgs/SetPlannerParams
nav_msgs/GetMap
nav_msgs/GetPlan
nav_msgs/SetMap
navfn/MakeNavPlan
navfn/SetCostmap
nodelet/NodeletList
nodelet/NodeletLoad
nodelet/NodeletUnload
object_recognition_msgs/GetObjectInformation
octomap_msgs/BoundingBoxQuery
octomap_msgs/GetOctomap
openni2_camera/GetSerial
polled_camera/GetPolledImage
pr2_calibration_launch/FkTest
pr2_controllers_msgs/QueryCalibrationState
pr2_controllers_msgs/QueryTrajectoryState
pr2_gazebo_plugins/SetModelsJointsStates
pr2_mechanism_controllers/SetProfile
pr2_mechanism_msgs/ListControllerTypes
pr2_mechanism_msgs/ListControllers
pr2_mechanism_msgs/LoadController
pr2_mechanism_msgs/ReloadControllerLibraries
pr2_mechanism_msgs/SwitchController
pr2_mechanism_msgs/UnloadController
pr2_msgs/SetLaserTrajCmd
pr2_msgs/SetPeriodicCmd
pr2_power_board/PowerBoardCommand
pr2_power_board/PowerBoardCommand2
realsense_camera/CameraConfiguration
realsense_camera/ForcePower
realsense_camera/GetIMUInfo
realsense_camera/IsPowered
realsense_camera/SetPower
robot_pose_ekf/GetStatus
rocon_app_manager_msgs/GetRappList
rocon_app_manager_msgs/Init
rocon_app_manager_msgs/Invite
rocon_app_manager_msgs/StartRapp
rocon_app_manager_msgs/StopRapp
rocon_interaction_msgs/GetInteraction
rocon_interaction_msgs/GetInteractions
rocon_interaction_msgs/GetPairings
rocon_interaction_msgs/RequestInteraction
rocon_interaction_msgs/SetInteractions
rocon_interaction_msgs/StartPairing
rocon_interaction_msgs/StopPairing
rocon_std_msgs/EmptyString
roscpp/Empty
roscpp/GetLoggers
roscpp/SetLoggerLevel
roscpp_tutorials/TwoInts
rospy_tutorials/AddTwoInts
rospy_tutorials/BadTwoInts
rosserial_arduino/Test
rosserial_msgs/RequestMessageInfo
rosserial_msgs/RequestParam
rosserial_msgs/RequestServiceInfo
sensor_msgs/SetCameraInfo
std_srvs/Empty
std_srvs/SetBool
std_srvs/Trigger
tf/FrameGraph
tf2_msgs/FrameGraph
topic_tools/DemuxAdd
topic_tools/DemuxDelete
topic_tools/DemuxList
topic_tools/DemuxSelect
topic_tools/MuxAdd
topic_tools/MuxDelete
topic_tools/MuxList
topic_tools/MuxSelect
turtlesim/Kill
turtlesim/SetPen
turtlesim/Spawn
turtlesim/TeleportAbsolute
turtlesim/TeleportRelative
wge100_camera/BoardConfig
zeroconf_msgs/AddListener
zeroconf_msgs/AddService
zeroconf_msgs/ListDiscoveredServices
zeroconf_msgs/ListPublishedServices
zeroconf_msgs/RemoveListener
zeroconf_msgs/RemoveService
[NODE=/base_footprint2base_link]$rosnode info /base_footprint2base_link =====>
--------------------------------------------------------------------------------
Node [/base_footprint2base_link]
Publications: 
 * /rosout [rosgraph_msgs/Log]
 * /tf [tf2_msgs/TFMessage]

Subscriptions: None

Services: 
 * /base_footprint2base_link/get_loggers
 * /base_footprint2base_link/set_logger_level


contacting node http://knightcar.local:38890/ ...
Pid: 2515
Connections:
 * topic: /rosout
    * to: /rosout
    * direction: outbound
    * transport: TCPROS
 * topic: /tf
    * to: /slam_gmapping
    * direction: outbound
    * transport: TCPROS
 * topic: /tf
    * to: /rf2o_laser_odometry
    * direction: outbound
    * transport: TCPROS

[NODE=/base_link2laser_link]$rosnode info /base_link2laser_link =====>
--------------------------------------------------------------------------------
Node [/base_link2laser_link]
Publications: 
 * /rosout [rosgraph_msgs/Log]
 * /tf [tf2_msgs/TFMessage]

Subscriptions: None

Services: 
 * /base_link2laser_link/get_loggers
 * /base_link2laser_link/set_logger_level


contacting node http://knightcar.local:38985/ ...
Pid: 2516
Connections:
 * topic: /rosout
    * to: /rosout
    * direction: outbound
    * transport: TCPROS
 * topic: /tf
    * to: /slam_gmapping
    * direction: outbound
    * transport: TCPROS
 * topic: /tf
    * to: /rf2o_laser_odometry
    * direction: outbound
    * transport: TCPROS

[NODE=/rf2o_laser_odometry]$rosnode info /rf2o_laser_odometry =====>
--------------------------------------------------------------------------------
Node [/rf2o_laser_odometry]
Publications: 
 * /rf2o_laser_odometry/odom [nav_msgs/Odometry]
 * /rosout [rosgraph_msgs/Log]
 * /tf [tf2_msgs/TFMessage]

Subscriptions: 
 * /scan [sensor_msgs/LaserScan]
 * /tf [tf2_msgs/TFMessage]
 * /tf_static [unknown type]

Services: 
 * /rf2o_laser_odometry/get_loggers
 * /rf2o_laser_odometry/set_logger_level


contacting node http://knightcar.local:43171/ ...
Pid: 2540
Connections:
 * topic: /rosout
    * to: /rosout
    * direction: outbound
    * transport: TCPROS
 * topic: /tf
    * to: /rf2o_laser_odometry
    * direction: outbound
    * transport: INTRAPROCESS
 * topic: /tf
    * to: /slam_gmapping
    * direction: outbound
    * transport: TCPROS
 * topic: /tf
    * to: /rf2o_laser_odometry (http://knightcar.local:43171/)
    * direction: inbound
    * transport: INTRAPROCESS
 * topic: /tf
    * to: /base_link2laser_link (http://knightcar.local:38985/)
    * direction: inbound
    * transport: TCPROS
 * topic: /tf
    * to: /base_footprint2base_link (http://knightcar.local:38890/)
    * direction: inbound
    * transport: TCPROS
 * topic: /tf
    * to: /slam_gmapping (http://knightcar.local:46751/)
    * direction: inbound
    * transport: TCPROS
 * topic: /scan
    * to: /ydlidar_node (http://knightcar.local:37218/)
    * direction: inbound
    * transport: TCPROS

[NODE=/rosout]$rosnode info /rosout =====>
--------------------------------------------------------------------------------
Node [/rosout]
Publications: 
 * /rosout_agg [rosgraph_msgs/Log]

Subscriptions: 
 * /rosout [rosgraph_msgs/Log]

Services: 
 * /rosout/get_loggers
 * /rosout/set_logger_level


contacting node http://knightcar.local:45176/ ...
Pid: 2512
Connections:
 * topic: /rosout
    * to: /base_link2laser_link (http://knightcar.local:38985/)
    * direction: inbound
    * transport: TCPROS
 * topic: /rosout
    * to: /base_footprint2base_link (http://knightcar.local:38890/)
    * direction: inbound
    * transport: TCPROS
 * topic: /rosout
    * to: /ydlidar_node (http://knightcar.local:37218/)
    * direction: inbound
    * transport: TCPROS
 * topic: /rosout
    * to: /slam_gmapping (http://knightcar.local:46751/)
    * direction: inbound
    * transport: TCPROS
 * topic: /rosout
    * to: /rf2o_laser_odometry (http://knightcar.local:43171/)
    * direction: inbound
    * transport: TCPROS

[NODE=/slam_gmapping]$rosnode info /slam_gmapping =====>
--------------------------------------------------------------------------------
Node [/slam_gmapping]
Publications: 
 * /map [nav_msgs/OccupancyGrid]
 * /map_metadata [nav_msgs/MapMetaData]
 * /rosout [rosgraph_msgs/Log]
 * /slam_gmapping/entropy [std_msgs/Float64]
 * /tf [tf2_msgs/TFMessage]

Subscriptions: 
 * /scan [sensor_msgs/LaserScan]
 * /tf [tf2_msgs/TFMessage]
 * /tf_static [unknown type]

Services: 
 * /dynamic_map
 * /slam_gmapping/get_loggers
 * /slam_gmapping/set_logger_level


contacting node http://knightcar.local:46751/ ...
Pid: 2555
Connections:
 * topic: /rosout
    * to: /rosout
    * direction: outbound
    * transport: TCPROS
 * topic: /tf
    * to: /slam_gmapping
    * direction: outbound
    * transport: INTRAPROCESS
 * topic: /tf
    * to: /rf2o_laser_odometry
    * direction: outbound
    * transport: TCPROS
 * topic: /tf
    * to: /slam_gmapping (http://knightcar.local:46751/)
    * direction: inbound
    * transport: INTRAPROCESS
 * topic: /tf
    * to: /base_link2laser_link (http://knightcar.local:38985/)
    * direction: inbound
    * transport: TCPROS
 * topic: /tf
    * to: /base_footprint2base_link (http://knightcar.local:38890/)
    * direction: inbound
    * transport: TCPROS
 * topic: /tf
    * to: /rf2o_laser_odometry (http://knightcar.local:43171/)
    * direction: inbound
    * transport: TCPROS
 * topic: /scan
    * to: /ydlidar_node (http://knightcar.local:37218/)
    * direction: inbound
    * transport: TCPROS

[NODE=/ydlidar_node]$rosnode info /ydlidar_node =====>
--------------------------------------------------------------------------------
Node [/ydlidar_node]
Publications: 
 * /rosout [rosgraph_msgs/Log]
 * /scan [sensor_msgs/LaserScan]

Subscriptions: None

Services: 
 * /ydlidar_node/get_loggers
 * /ydlidar_node/set_logger_level


contacting node http://knightcar.local:37218/ ...
Pid: 2521
Connections:
 * topic: /rosout
    * to: /rosout
    * direction: outbound
    * transport: TCPROS
 * topic: /scan
    * to: /slam_gmapping
    * direction: outbound
    * transport: TCPROS
 * topic: /scan
    * to: /rf2o_laser_odometry
    * direction: outbound
    * transport: TCPROS

[TOPIC_LIST]$rostopic list =====>
/map
/map_metadata
/rf2o_laser_odometry/odom
/rosout
/rosout_agg
/scan
/slam_gmapping/entropy
/tf
/tf_static
[TOPIC=/map]$rostopic info /map =====>
Type: nav_msgs/OccupancyGrid

Publishers: 
 * /slam_gmapping (http://knightcar.local:46751/)

Subscribers: None


[TOPIC_HZ=/map]$timeout 1 rostopic hz /map =====>
subscribed to [/map]
no new messages
[TOPIC_TYPE=nav_msgs/OccupancyGrid]$rosmsg show nav_msgs/OccupancyGrid =====>
std_msgs/Header header
  uint32 seq
  time stamp
  string frame_id
nav_msgs/MapMetaData info
  time map_load_time
  float32 resolution
  uint32 width
  uint32 height
  geometry_msgs/Pose origin
    geometry_msgs/Point position
      float64 x
      float64 y
      float64 z
    geometry_msgs/Quaternion orientation
      float64 x
      float64 y
      float64 z
      float64 w
int8[] data

[TOPIC=/map_metadata]$rostopic info /map_metadata =====>
Type: nav_msgs/MapMetaData

Publishers: 
 * /slam_gmapping (http://knightcar.local:46751/)

Subscribers: None


[TOPIC_HZ=/map_metadata]$timeout 1 rostopic hz /map_metadata =====>
subscribed to [/map_metadata]
average rate: 8.127
	min: 0.123s max: 0.123s std dev: 0.00000s window: 2
[TOPIC_TYPE=nav_msgs/MapMetaData]$rosmsg show nav_msgs/MapMetaData =====>
time map_load_time
float32 resolution
uint32 width
uint32 height
geometry_msgs/Pose origin
  geometry_msgs/Point position
    float64 x
    float64 y
    float64 z
  geometry_msgs/Quaternion orientation
    float64 x
    float64 y
    float64 z
    float64 w

[TOPIC=/rf2o_laser_odometry/odom]$rostopic info /rf2o_laser_odometry/odom =====>
Type: nav_msgs/Odometry

Publishers: 
 * /rf2o_laser_odometry (http://knightcar.local:43171/)

Subscribers: None


[TOPIC_HZ=/rf2o_laser_odometry/odom]$timeout 1 rostopic hz /rf2o_laser_odometry/odom =====>
subscribed to [/rf2o_laser_odometry/odom]
average rate: 6.902
	min: 0.145s max: 0.145s std dev: 0.00000s window: 2
[TOPIC_TYPE=nav_msgs/Odometry]$rosmsg show nav_msgs/Odometry =====>
std_msgs/Header header
  uint32 seq
  time stamp
  string frame_id
string child_frame_id
geometry_msgs/PoseWithCovariance pose
  geometry_msgs/Pose pose
    geometry_msgs/Point position
      float64 x
      float64 y
      float64 z
    geometry_msgs/Quaternion orientation
      float64 x
      float64 y
      float64 z
      float64 w
  float64[36] covariance
geometry_msgs/TwistWithCovariance twist
  geometry_msgs/Twist twist
    geometry_msgs/Vector3 linear
      float64 x
      float64 y
      float64 z
    geometry_msgs/Vector3 angular
      float64 x
      float64 y
      float64 z
  float64[36] covariance

[TOPIC=/rosout]$rostopic info /rosout =====>
Type: rosgraph_msgs/Log

Publishers: 
 * /base_link2laser_link (http://knightcar.local:38985/)
 * /base_footprint2base_link (http://knightcar.local:38890/)
 * /ydlidar_node (http://knightcar.local:37218/)
 * /slam_gmapping (http://knightcar.local:46751/)
 * /rf2o_laser_odometry (http://knightcar.local:43171/)

Subscribers: 
 * /rosout (http://knightcar.local:45176/)


[TOPIC_HZ=/rosout]$timeout 1 rostopic hz /rosout =====>
subscribed to [/rosout]
average rate: 25.650
	min: 0.000s max: 0.144s std dev: 0.06070s window: 8
[TOPIC_TYPE=rosgraph_msgs/Log]$rosmsg show rosgraph_msgs/Log =====>
byte DEBUG=1
byte INFO=2
byte WARN=4
byte ERROR=8
byte FATAL=16
std_msgs/Header header
  uint32 seq
  time stamp
  string frame_id
byte level
string name
string msg
string file
string function
uint32 line
string[] topics

[TOPIC=/rosout_agg]$rostopic info /rosout_agg =====>
Type: rosgraph_msgs/Log

Publishers: 
 * /rosout (http://knightcar.local:45176/)

Subscribers: None


[TOPIC_HZ=/rosout_agg]$timeout 1 rostopic hz /rosout_agg =====>
subscribed to [/rosout_agg]
average rate: 25.043
	min: 0.000s max: 0.150s std dev: 0.06279s window: 12
[TOPIC_TYPE=rosgraph_msgs/Log]$rosmsg show rosgraph_msgs/Log =====>
byte DEBUG=1
byte INFO=2
byte WARN=4
byte ERROR=8
byte FATAL=16
std_msgs/Header header
  uint32 seq
  time stamp
  string frame_id
byte level
string name
string msg
string file
string function
uint32 line
string[] topics

[TOPIC=/scan]$rostopic info /scan =====>
Type: sensor_msgs/LaserScan

Publishers: 
 * /ydlidar_node (http://knightcar.local:37218/)

Subscribers: 
 * /slam_gmapping (http://knightcar.local:46751/)
 * /rf2o_laser_odometry (http://knightcar.local:43171/)


[TOPIC_HZ=/scan]$timeout 1 rostopic hz /scan =====>
subscribed to [/scan]
average rate: 8.272
	min: 0.102s max: 0.131s std dev: 0.01360s window: 4
[TOPIC_TYPE=sensor_msgs/LaserScan]$rosmsg show sensor_msgs/LaserScan =====>
std_msgs/Header header
  uint32 seq
  time stamp
  string frame_id
float32 angle_min
float32 angle_max
float32 angle_increment
float32 time_increment
float32 scan_time
float32 range_min
float32 range_max
float32[] ranges
float32[] intensities

[TOPIC=/slam_gmapping/entropy]$rostopic info /slam_gmapping/entropy =====>
Type: std_msgs/Float64

Publishers: 
 * /slam_gmapping (http://knightcar.local:46751/)

Subscribers: None


[TOPIC_HZ=/slam_gmapping/entropy]$timeout 1 rostopic hz /slam_gmapping/entropy =====>
subscribed to [/slam_gmapping/entropy]
no new messages
[TOPIC_TYPE=std_msgs/Float64]$rosmsg show std_msgs/Float64 =====>
float64 data

[TOPIC=/tf]$rostopic info /tf =====>
Type: tf2_msgs/TFMessage

Publishers: 
 * /base_link2laser_link (http://knightcar.local:38985/)
 * /base_footprint2base_link (http://knightcar.local:38890/)
 * /slam_gmapping (http://knightcar.local:46751/)
 * /rf2o_laser_odometry (http://knightcar.local:43171/)

Subscribers: 
 * /slam_gmapping (http://knightcar.local:46751/)
 * /rf2o_laser_odometry (http://knightcar.local:43171/)


[TOPIC_HZ=/tf]$timeout 1 rostopic hz /tf =====>
subscribed to [/tf]
average rate: 224.413
	min: 0.000s max: 0.012s std dev: 0.00397s window: 95
[TOPIC_TYPE=tf2_msgs/TFMessage]$rosmsg show tf2_msgs/TFMessage =====>
geometry_msgs/TransformStamped[] transforms
  std_msgs/Header header
    uint32 seq
    time stamp
    string frame_id
  string child_frame_id
  geometry_msgs/Transform transform
    geometry_msgs/Vector3 translation
      float64 x
      float64 y
      float64 z
    geometry_msgs/Quaternion rotation
      float64 x
      float64 y
      float64 z
      float64 w

[TOPIC=/tf_static]$rostopic info /tf_static =====>
Type: tf2_msgs/TFMessage

Publishers: None

Subscribers: 
 * /slam_gmapping (http://knightcar.local:46751/)
 * /rf2o_laser_odometry (http://knightcar.local:43171/)


[TOPIC_HZ=/tf_static]$timeout 1 rostopic hz /tf_static =====>
subscribed to [/tf_static]
no new messages
[TOPIC_TYPE=tf2_msgs/TFMessage]$rosmsg show tf2_msgs/TFMessage =====>
geometry_msgs/TransformStamped[] transforms
  std_msgs/Header header
    uint32 seq
    time stamp
    string frame_id
  string child_frame_id
  geometry_msgs/Transform transform
    geometry_msgs/Vector3 translation
      float64 x
      float64 y
      float64 z
    geometry_msgs/Quaternion rotation
      float64 x
      float64 y
      float64 z
      float64 w

[BAG]$timeout -s SIGINT 10 rosbag record -a =====>
[0m[ INFO] [1539743153.806584169]: Recording to 2018-10-16-22-25-53.bag.[0m
[0m[ INFO] [1539743153.819586891]: Subscribing to /map_metadata[0m
[0m[ INFO] [1539743153.888258334]: Subscribing to /rosout[0m
[0m[ INFO] [1539743153.972574274]: Subscribing to /tf[0m
[0m[ INFO] [1539743154.056248776]: Subscribing to /rosout_agg[0m
[0m[ INFO] [1539743154.148596227]: Subscribing to /map[0m
[0m[ INFO] [1539743154.259407243]: Subscribing to /rf2o_laser_odometry/odom[0m
[0m[ INFO] [1539743154.342055893]: Subscribing to /slam_gmapping/entropy[0m
[0m[ INFO] [1539743154.502068688]: Subscribing to /scan[0m
