[rospy.client][INFO] 2018-10-05 16:54:00,218: init_node, name[/duckbot12/apriltags_postprocessing_node], pid[2328]
[xmlrpc][INFO] 2018-10-05 16:54:00,221: XML-RPC server binding to 0.0.0.0:0
[rospy.init][INFO] 2018-10-05 16:54:00,227: ROS Slave URI: [http://duckbot12:38806/]
[xmlrpc][INFO] 2018-10-05 16:54:00,227: Started XML-RPC server [http://duckbot12:38806/]
[rospy.impl.masterslave][INFO] 2018-10-05 16:54:00,229: _ready: http://duckbot12:38806/
[xmlrpc][INFO] 2018-10-05 16:54:00,231: xml rpc node: starting XML-RPC server
[rospy.registration][INFO] 2018-10-05 16:54:00,236: Registering with master node http://duckbot12:11311
[rospy.init][INFO] 2018-10-05 16:54:00,329: registered with master
[rospy.rosout][INFO] 2018-10-05 16:54:00,330: initializing /rosout core topic
[rospy.rosout][INFO] 2018-10-05 16:54:00,348: connected to core topic /rosout
[rospy.simtime][INFO] 2018-10-05 16:54:00,363: /use_sim_time is not set, will not subscribe to simulated time [/clock] topic
[rosout][INFO] 2018-10-05 16:54:00,412: [apriltags_postprocessing_node] ~camera_x = 0.055 
[rosout][INFO] 2018-10-05 16:54:00,435: [apriltags_postprocessing_node] ~camera_y = 0.0 
[rosout][INFO] 2018-10-05 16:54:00,458: [apriltags_postprocessing_node] ~camera_z = 0.11 
[rosout][INFO] 2018-10-05 16:54:00,485: [apriltags_postprocessing_node] ~camera_theta = 19.0 
[rosout][INFO] 2018-10-05 16:54:00,508: [apriltags_postprocessing_node] ~scale_x = 1.0 
[rosout][INFO] 2018-10-05 16:54:00,530: [apriltags_postprocessing_node] ~scale_y = 1.0 
[rosout][INFO] 2018-10-05 16:54:00,553: [apriltags_postprocessing_node] ~scale_z = 0.52 
[rospy.internal][INFO] 2018-10-05 16:54:00,582: topic[/rosout] adding connection to [/rosout], count 0
[rosout][INFO] 2018-10-05 16:54:00,965: [apriltags_postprocessing_node] ~tags_file = /home/ubuntu/duckietown/catkin_ws/src/20-indefinite-navigation/apriltags_ros/apriltags_ros/../signs_and_tags/apriltagsDB.yaml 
[rosout][INFO] 2018-10-05 16:54:00,990: [apriltags_postprocessing_node] ~loc = -1 
[rospy.internal][INFO] 2018-10-05 16:54:07,800: topic[/duckbot12/tag_detections] adding connection to [http://duckbot12:39607/], count 0
[rosout][INFO] 2018-10-05 16:54:07,831: [apriltags_postprocessing_node] has started
[rospy.internal][INFO] 2018-10-05 16:54:48,981: topic[/duckbot12/apriltags_postprocessing_node/tag_pose] adding connection to [/rostopic_18113_1538729688506], count 0
[rospy.internal][INFO] 2018-10-05 16:54:49,849: topic[/duckbot12/apriltags_postprocessing_node/tag_pose] removing connection to /rostopic_18113_1538729688506
[rospy.internal][INFO] 2018-10-05 16:58:01,419: topic[/rosout] adding connection to [/rostopic_19304_1538729880816], count 1
[rosout][WARNING] 2018-10-05 16:58:01,697: Inbound TCP/IP connection failed: connection from sender terminated before handshake header received. 0 bytes were received. Please check sender for additional details.
[rospy.internal][ERROR] 2018-10-05 16:58:01,713: Inbound TCP/IP connection failed:
Traceback (most recent call last):
  File "/opt/ros/kinetic/lib/python2.7/dist-packages/rospy/impl/tcpros_base.py", line 321, in _tcp_server_callback
    header = read_ros_handshake_header(sock, StringIO(), buff_size)
  File "/opt/ros/kinetic/lib/python2.7/dist-packages/rosgraph/network.py", line 364, in read_ros_handshake_header
    raise ROSHandshakeException("connection from sender terminated before handshake header received. %s bytes were received. Please check sender for additional details."%b.tell())
ROSHandshakeException: connection from sender terminated before handshake header received. 0 bytes were received. Please check sender for additional details.

[rospy.internal][INFO] 2018-10-05 16:58:02,173: topic[/rosout] removing connection to /rostopic_19304_1538729880816
[rospy.internal][INFO] 2018-10-05 16:58:12,590: topic[/duckbot12/apriltags_postprocessing_node/apriltags_out] adding connection to [/record_1538729888974602378], count 0
[rospy.internal][INFO] 2018-10-05 16:58:13,463: topic[/duckbot12/apriltags_postprocessing_node/apriltags_intersection] adding connection to [/record_1538729888974602378], count 0
[rospy.internal][INFO] 2018-10-05 16:58:13,983: topic[/rosout] adding connection to [/record_1538729888974602378], count 1
[rospy.internal][INFO] 2018-10-05 16:58:16,267: topic[/duckbot12/apriltags_postprocessing_node/tag_pose] adding connection to [/record_1538729888974602378], count 0
[rospy.internal][INFO] 2018-10-05 16:58:16,471: topic[/duckbot12/apriltags_postprocessing_node/apriltags_parking] adding connection to [/record_1538729888974602378], count 0
[rospy.internal][INFO] 2018-10-05 16:58:19,716: topic[/duckbot12/apriltags_postprocessing_node/apriltags_out] removing connection to /record_1538729888974602378
[rospy.internal][INFO] 2018-10-05 16:58:20,220: topic[/duckbot12/apriltags_postprocessing_node/apriltags_intersection] removing connection to /record_1538729888974602378
[rospy.internal][INFO] 2018-10-05 16:58:20,221: topic[/rosout] removing connection to /record_1538729888974602378
[rospy.internal][INFO] 2018-10-05 16:58:20,724: topic[/duckbot12/apriltags_postprocessing_node/apriltags_parking] removing connection to /record_1538729888974602378
[rospy.internal][INFO] 2018-10-05 16:58:20,726: topic[/duckbot12/apriltags_postprocessing_node/tag_pose] removing connection to /record_1538729888974602378
