------ Commands List ------
cd ~/catkin_ws/src
catkin_create_pkg harvest_try1 rospy std_msgs
catkin_make
source devel/setup.bash
rossrv show harvest_try1/fruit_pos

-- BUILD -- 
osboxes@osboxes:~/catkin_ws$ catkin_make
Base path: /home/osboxes/catkin_ws
Source space: /home/osboxes/catkin_ws/src
Build space: /home/osboxes/catkin_ws/build
Devel space: /home/osboxes/catkin_ws/devel
Install space: /home/osboxes/catkin_ws/install
####
#### Running command: "cmake /home/osboxes/catkin_ws/src -DCATKIN_DEVEL_PREFIX=/home/osboxes/catkin_ws/devel -DCMAKE_INSTALL_PREFIX=/home/osboxes/catkin_ws/install -G Unix Makefiles" in "/home/osboxes/catkin_ws/build"
####
-- Using CATKIN_DEVEL_PREFIX: /home/osboxes/catkin_ws/devel
-- Using CMAKE_PREFIX_PATH: /home/osboxes/catkin_ws/devel;/opt/ros/kinetic
-- This workspace overlays: /home/osboxes/catkin_ws/devel;/opt/ros/kinetic
-- Using PYTHON_EXECUTABLE: /usr/bin/python
-- Using Debian Python package layout
-- Using empy: /usr/bin/empy
-- Using CATKIN_ENABLE_TESTING: ON
-- Call enable_testing()
-- Using CATKIN_TEST_RESULTS_DIR: /home/osboxes/catkin_ws/build/test_results
-- Found gmock sources under '/usr/src/gmock': gmock will be built
-- Found gtest sources under '/usr/src/gmock': gtests will be built
-- Using Python nosetests: /usr/bin/nosetests-2.7
-- catkin 0.7.14
-- BUILD_SHARED_LIBS is on
-- ~~~~~~~~~~~~~~~~~~~~~~~~~~~~~~~~~~~~~~~~~~~~~~~~~
-- ~~  traversing 1 packages in topological order:
-- ~~  - harvest_try1
-- ~~~~~~~~~~~~~~~~~~~~~~~~~~~~~~~~~~~~~~~~~~~~~~~~~
-- +++ processing catkin package: 'harvest_try1'
-- ==> add_subdirectory(harvest_try1)
-- Using these message generators: gencpp;geneus;genlisp;gennodejs;genpy
-- harvest_try1: 0 messages, 1 services
-- Configuring done
-- Generating done
-- Build files have been written to: /home/osboxes/catkin_ws/build
####
#### Running command: "make -j2 -l2" in "/home/osboxes/catkin_ws/build"
####
Scanning dependencies of target std_msgs_generate_messages_nodejs
[  0%] Built target std_msgs_generate_messages_nodejs
Scanning dependencies of target std_msgs_generate_messages_cpp
[  0%] Built target std_msgs_generate_messages_cpp
[  0%] Built target _harvest_try1_generate_messages_check_deps_fruit_pos
Scanning dependencies of target std_msgs_generate_messages_py
[  0%] Built target std_msgs_generate_messages_py
Scanning dependencies of target std_msgs_generate_messages_eus
Scanning dependencies of target std_msgs_generate_messages_lisp
[  0%] Built target std_msgs_generate_messages_eus
[ 14%] Built target harvest_try1_generate_messages_nodejs
[ 14%] Built target std_msgs_generate_messages_lisp
[ 42%] Built target harvest_try1_generate_messages_py
[ 57%] Built target harvest_try1_generate_messages_cpp
[ 85%] Built target harvest_try1_generate_messages_eus
[100%] Built target harvest_try1_generate_messages_lisp
[100%] Built target harvest_try1_generate_messages

------ 測試 harvest_try1 ------
roscore

chmod +x src/vision_server.py
rosrun harvest_try1 vision_server.py

chmod +x src/vision_client.py
rosrun harvest_try1 vision_client.py 5 6

---- SERVER -----

osboxes@osboxes:~/catkin_ws/src/harvest_try1$ rosrun harvest_try1 vision_server.py
Ready to process vision commands.
Returning [5 + 6 = 11]

---- CLIENT -----
osboxes@osboxes:~/catkin_ws/src/harvest_try1$ rosrun harvest_try1 vision_client.py 10 11
Requesting 10+11
10 + 11 = 21
